#! /usr/bin/vvp
:ivl_version "11.0 (stable)";
:ivl_delay_selection "TYPICAL";
:vpi_time_precision - 9;
:vpi_module "/usr/lib/x86_64-linux-gnu/ivl/system.vpi";
:vpi_module "/usr/lib/x86_64-linux-gnu/ivl/vhdl_sys.vpi";
:vpi_module "/usr/lib/x86_64-linux-gnu/ivl/vhdl_textio.vpi";
:vpi_module "/usr/lib/x86_64-linux-gnu/ivl/v2005_math.vpi";
:vpi_module "/usr/lib/x86_64-linux-gnu/ivl/va_math.vpi";
S_0x55b63d88fe10 .scope module, "sim" "sim" 2 4;
 .timescale -9 -9;
L_0x55b63d8ed1d0 .functor BUFZ 1, L_0x55b63d936ad0, C4<0>, C4<0>, C4<0>;
L_0x55b63d8edfe0 .functor BUFZ 1, L_0x55b63d937220, C4<0>, C4<0>, C4<0>;
L_0x55b63d8ee490 .functor BUFZ 32, L_0x55b63d9339c0, C4<00000000000000000000000000000000>, C4<00000000000000000000000000000000>, C4<00000000000000000000000000000000>;
L_0x55b63d8eef50 .functor BUFZ 32, v0x55b63d913a40_0, C4<00000000000000000000000000000000>, C4<00000000000000000000000000000000>, C4<00000000000000000000000000000000>;
L_0x55b63d8ef8b0 .functor BUFZ 32, v0x55b63d913b20_0, C4<00000000000000000000000000000000>, C4<00000000000000000000000000000000>, C4<00000000000000000000000000000000>;
L_0x55b63d8f3750 .functor BUFZ 32, L_0x55b63d92aef0, C4<00000000000000000000000000000000>, C4<00000000000000000000000000000000>, C4<00000000000000000000000000000000>;
L_0x55b63d8f37c0 .functor BUFZ 6, L_0x55b63d92b100, C4<000000>, C4<000000>, C4<000000>;
L_0x55b63d9194a0 .functor BUFZ 6, L_0x55b63d92b240, C4<000000>, C4<000000>, C4<000000>;
L_0x55b63d9195c0 .functor BUFZ 5, L_0x55b63d92e600, C4<00000>, C4<00000>, C4<00000>;
L_0x55b63d919690 .functor BUFZ 5, L_0x55b63d92ea60, C4<00000>, C4<00000>, C4<00000>;
L_0x55b63d9197c0 .functor BUFZ 5, L_0x55b63d93f280, C4<00000>, C4<00000>, C4<00000>;
L_0x55b63d919890 .functor BUFZ 32, L_0x55b63d92fa00, C4<00000000000000000000000000000000>, C4<00000000000000000000000000000000>, C4<00000000000000000000000000000000>;
L_0x55b63d9199d0 .functor BUFZ 32, L_0x55b63d9303a0, C4<00000000000000000000000000000000>, C4<00000000000000000000000000000000>, C4<00000000000000000000000000000000>;
L_0x55b63d919aa0 .functor BUFZ 32, L_0x55b63d939e40, C4<00000000000000000000000000000000>, C4<00000000000000000000000000000000>, C4<00000000000000000000000000000000>;
L_0x55b63d919960 .functor BUFZ 32, L_0x55b63d93a000, C4<00000000000000000000000000000000>, C4<00000000000000000000000000000000>, C4<00000000000000000000000000000000>;
L_0x55b63d919c50 .functor BUFZ 32, v0x55b63d914ec0_0, C4<00000000000000000000000000000000>, C4<00000000000000000000000000000000>, C4<00000000000000000000000000000000>;
L_0x55b63d919db0 .functor BUFZ 32, v0x55b63d915080_0, C4<00000000000000000000000000000000>, C4<00000000000000000000000000000000>, C4<00000000000000000000000000000000>;
L_0x55b63d919e80 .functor BUFZ 32, L_0x55b63d9307d0, C4<00000000000000000000000000000000>, C4<00000000000000000000000000000000>, C4<00000000000000000000000000000000>;
L_0x55b63d919ff0 .functor BUFZ 32, v0x55b63d913360_0, C4<00000000000000000000000000000000>, C4<00000000000000000000000000000000>, C4<00000000000000000000000000000000>;
L_0x55b63d91a0c0 .functor BUFZ 32, L_0x55b63d93d8c0, C4<00000000000000000000000000000000>, C4<00000000000000000000000000000000>, C4<00000000000000000000000000000000>;
L_0x55b63d91a240 .functor BUFZ 32, L_0x55b63d93e330, C4<00000000000000000000000000000000>, C4<00000000000000000000000000000000>, C4<00000000000000000000000000000000>;
L_0x55b63d91a310 .functor BUFZ 32, v0x55b63d90f570_0, C4<00000000000000000000000000000000>, C4<00000000000000000000000000000000>, C4<00000000000000000000000000000000>;
L_0x55b63d91a4a0 .functor BUFZ 32, L_0x55b63d948b40, C4<00000000000000000000000000000000>, C4<00000000000000000000000000000000>, C4<00000000000000000000000000000000>;
L_0x55b63d91a570 .functor BUFZ 32, v0x55b63d914640_0, C4<00000000000000000000000000000000>, C4<00000000000000000000000000000000>, C4<00000000000000000000000000000000>;
L_0x55b63d91a710 .functor BUFZ 5, L_0x55b63d92f2b0, C4<00000>, C4<00000>, C4<00000>;
L_0x55b63d91a7e0 .functor BUFZ 5, v0x55b63d9112c0_0, C4<00000>, C4<00000>, C4<00000>;
L_0x55b63d91a990 .functor BUFZ 5, v0x55b63d9113a0_0, C4<00000>, C4<00000>, C4<00000>;
L_0x55b63d91aa60 .functor BUFZ 5, v0x55b63d911480_0, C4<00000>, C4<00000>, C4<00000>;
v0x55b63d8ee140_0 .net *"_ivl_8", 5 0, L_0x55b63d918f70;  1 drivers
v0x55b63d916980_0 .net "alu_a", 31 0, L_0x55b63d93e7e0;  1 drivers
v0x55b63d916a40_0 .net "alu_b", 31 0, L_0x55b63d93eb70;  1 drivers
v0x55b63d916ae0_0 .net "alu_q3", 31 0, v0x55b63d90f490_0;  1 drivers
v0x55b63d916b80_0 .net "alu_q4", 31 0, L_0x55b63d91a310;  1 drivers
v0x55b63d916c20_0 .net "amt", 4 0, L_0x55b63d9197c0;  1 drivers
v0x55b63d916d00_0 .var "clk", 0 0;
v0x55b63d916da0_0 .var "cnt", 19 0;
v0x55b63d916e60_0 .net "ctrl_hzd", 0 0, L_0x55b63d8edfe0;  1 drivers
v0x55b63d916f20_0 .net "data_hzd", 0 0, L_0x55b63d8ed1d0;  1 drivers
v0x55b63d916fe0_0 .net "dst", 4 0, L_0x55b63d91a710;  1 drivers
v0x55b63d9170c0_0 .net "dst2", 4 0, L_0x55b63d91a7e0;  1 drivers
v0x55b63d9171a0_0 .net "dst3", 4 0, L_0x55b63d91a990;  1 drivers
v0x55b63d917280_0 .net "dst4", 4 0, L_0x55b63d91aa60;  1 drivers
L_0x7f58ff7bb0a8 .functor BUFT 1, C4<1>, C4<0>, C4<0>, C4<0>;
v0x55b63d917360_0 .net "en_dly", 0 0, L_0x7f58ff7bb0a8;  1 drivers
L_0x7f58ff7bb060 .functor BUFT 1, C4<0>, C4<0>, C4<0>, C4<0>;
v0x55b63d917430_0 .net "en_fwd", 0 0, L_0x7f58ff7bb060;  1 drivers
L_0x7f58ff7bb018 .functor BUFT 1, C4<1>, C4<0>, C4<0>, C4<0>;
v0x55b63d917500_0 .net "en_hzd", 0 0, L_0x7f58ff7bb018;  1 drivers
v0x55b63d9175d0_0 .net "fn", 5 0, L_0x55b63d9194a0;  1 drivers
v0x55b63d917670_0 .net "fwd_alu_a", 31 0, L_0x55b63d91a0c0;  1 drivers
v0x55b63d917730_0 .net "fwd_alu_b", 31 0, L_0x55b63d91a240;  1 drivers
v0x55b63d917810_0 .net "fwd_reg_a", 31 0, L_0x55b63d919aa0;  1 drivers
v0x55b63d9178f0_0 .net "fwd_reg_b", 31 0, L_0x55b63d919960;  1 drivers
v0x55b63d9179d0_0 .net "fwd_sel", 0 0, L_0x55b63d919130;  1 drivers
v0x55b63d917a90_0 .net "halt", 0 0, L_0x55b63d92e540;  1 drivers
v0x55b63d917b60_0 .var "halt2", 0 0;
v0x55b63d917c00_0 .var "halt3", 0 0;
v0x55b63d917cc0_0 .var "halt4", 0 0;
v0x55b63d917d80_0 .net "imm_val", 31 0, L_0x55b63d919e80;  1 drivers
v0x55b63d917e60_0 .net "imm_val2", 31 0, L_0x55b63d919ff0;  1 drivers
v0x55b63d917f40_0 .net "inst", 31 0, L_0x55b63d8f3750;  1 drivers
v0x55b63d918020_0 .net "inst1", 31 0, v0x55b63d913520_0;  1 drivers
v0x55b63d918110_0 .net "op", 5 0, L_0x55b63d8f37c0;  1 drivers
v0x55b63d9181d0_0 .net "pc0", 31 0, v0x55b63d913960_0;  1 drivers
v0x55b63d9182c0_0 .net "pc1", 31 0, L_0x55b63d8eef50;  1 drivers
v0x55b63d918380_0 .net "pc2", 31 0, L_0x55b63d8ef8b0;  1 drivers
v0x55b63d918460_0 .net "pc_din", 31 0, L_0x55b63d8ee490;  1 drivers
v0x55b63d918540_0 .net "ram_din3", 31 0, v0x55b63d914480_0;  1 drivers
v0x55b63d918630_0 .net "ram_dout", 31 0, L_0x55b63d91a4a0;  1 drivers
v0x55b63d9186f0_0 .net "ram_dout4", 31 0, L_0x55b63d91a570;  1 drivers
v0x55b63d9187d0_0 .net "reg_a", 31 0, L_0x55b63d919890;  1 drivers
v0x55b63d9188b0_0 .net "reg_a2", 31 0, L_0x55b63d919c50;  1 drivers
v0x55b63d918990_0 .net "reg_b", 31 0, L_0x55b63d9199d0;  1 drivers
v0x55b63d918a70_0 .net "reg_b2", 31 0, L_0x55b63d919db0;  1 drivers
v0x55b63d918b50_0 .net "reg_din", 31 0, L_0x55b63d949920;  1 drivers
v0x55b63d918c40_0 .var "rst", 0 0;
v0x55b63d918d10_0 .net "src_a", 4 0, L_0x55b63d9195c0;  1 drivers
v0x55b63d918db0_0 .net "src_b", 4 0, L_0x55b63d919690;  1 drivers
L_0x55b63d918f70 .concat [ 2 2 1 1], L_0x55b63d939410, L_0x55b63d938e80, L_0x55b63d9381f0, L_0x55b63d937ad0;
L_0x55b63d919130 .reduce/or L_0x55b63d918f70;
S_0x55b63d88f2d0 .scope module, "mips" "mips" 2 47, 3 3 0, S_0x55b63d88fe10;
 .timescale -9 -9;
    .port_info 0 /INPUT 1 "clk";
    .port_info 1 /INPUT 1 "rst";
    .port_info 2 /OUTPUT 32 "pc0";
    .port_info 3 /OUTPUT 32 "inst1";
    .port_info 4 /OUTPUT 32 "alu_a";
    .port_info 5 /OUTPUT 32 "alu_b";
    .port_info 6 /OUTPUT 32 "alu_q3";
    .port_info 7 /OUTPUT 32 "ram_din3";
    .port_info 8 /OUTPUT 32 "reg_din";
    .port_info 9 /OUTPUT 32 "adrs";
    .port_info 10 /OUTPUT 32 "dout";
    .port_info 11 /INPUT 32 "din";
    .port_info 12 /OUTPUT 1 "rd";
    .port_info 13 /OUTPUT 1 "wr";
    .port_info 14 /OUTPUT 1 "halt";
    .port_info 15 /INPUT 1 "en_hzd";
    .port_info 16 /INPUT 1 "en_fwd";
    .port_info 17 /INPUT 1 "en_dly";
L_0x55b63d92b880 .functor AND 1, L_0x55b63d92bb50, L_0x55b63d92b370, C4<1>, C4<1>;
L_0x55b63d92bd30 .functor OR 1, L_0x55b63d92b8f0, L_0x55b63d92b880, C4<0>, C4<0>;
L_0x55b63d92c2e0 .functor AND 1, L_0x55b63d92c1f0, L_0x55b63d92b370, C4<1>, C4<1>;
L_0x55b63d92c3a0 .functor OR 1, L_0x55b63d92bf70, L_0x55b63d92c2e0, C4<0>, C4<0>;
L_0x55b63d92c970 .functor AND 1, L_0x55b63d92c150, L_0x55b63d92c830, C4<1>, C4<1>;
L_0x55b63d92cd30 .functor AND 1, L_0x55b63d92cbf0, L_0x55b63d92b370, C4<1>, C4<1>;
L_0x55b63d92ce30 .functor OR 1, L_0x55b63d92c970, L_0x55b63d92cd30, C4<0>, C4<0>;
L_0x55b63d92d9f0 .functor AND 1, L_0x55b63d92d460, L_0x55b63d92d770, C4<1>, C4<1>;
L_0x55b63d92db50 .functor AND 1, L_0x55b63d92d9f0, L_0x55b63d92b370, C4<1>, C4<1>;
L_0x55b63d92de10 .functor AND 1, L_0x55b63d92dc10, L_0x55b63d92b370, C4<1>, C4<1>;
L_0x55b63d92e0f0 .functor AND 1, L_0x55b63d92df30, L_0x55b63d92b370, C4<1>, C4<1>;
L_0x55b63d92dfd0 .functor AND 1, L_0x55b63d92e230, L_0x55b63d92b370, C4<1>, C4<1>;
L_0x55b63d92e540 .functor BUFZ 1, L_0x55b63d92e0f0, C4<0>, C4<0>, C4<0>;
L_0x55b63d92e6f0 .functor OR 1, L_0x55b63d92b370, L_0x55b63d92b740, C4<0>, C4<0>;
L_0x55b63d92e4d0 .functor OR 1, L_0x55b63d92e6f0, L_0x55b63d92d1b0, C4<0>, C4<0>;
L_0x55b63d931730 .functor XOR 1, L_0x55b63d931370, L_0x55b63d9315f0, C4<0>, C4<0>;
L_0x55b63d9318d0 .functor AND 1, L_0x55b63d92b740, L_0x55b63d931730, C4<1>, C4<1>;
L_0x55b63d931a30 .functor OR 1, L_0x55b63d9318d0, L_0x55b63d92b460, C4<0>, C4<0>;
L_0x55b63d932ae0 .functor OR 1, L_0x55b63d931a30, L_0x55b63d92b550, C4<0>, C4<0>;
L_0x55b63d932ec0 .functor OR 1, L_0x55b63d9318d0, L_0x55b63d92de10, C4<0>, C4<0>;
L_0x55b63d933ef0 .functor AND 1, v0x55b63d9153c0_0, L_0x55b63d933db0, C4<1>, C4<1>;
L_0x55b63d9342c0 .functor AND 1, L_0x55b63d933ef0, L_0x55b63d933fb0, C4<1>, C4<1>;
L_0x55b63d9345c0 .functor AND 1, v0x55b63d9153c0_0, L_0x55b63d934490, C4<1>, C4<1>;
L_0x55b63d9349f0 .functor AND 1, L_0x55b63d9345c0, L_0x55b63d9346d0, C4<1>, C4<1>;
L_0x55b63d934d10 .functor AND 1, v0x55b63d915480_0, L_0x55b63d934bd0, C4<1>, C4<1>;
L_0x55b63d935100 .functor AND 1, L_0x55b63d934d10, L_0x55b63d934dd0, C4<1>, C4<1>;
L_0x55b63d935420 .functor AND 1, v0x55b63d915480_0, L_0x55b63d9352f0, C4<1>, C4<1>;
L_0x55b63d935870 .functor AND 1, L_0x55b63d935420, L_0x55b63d935530, C4<1>, C4<1>;
L_0x55b63d935a70 .functor OR 1, L_0x55b63d9342c0, L_0x55b63d9349f0, C4<0>, C4<0>;
L_0x55b63d935b80 .functor OR 1, L_0x55b63d935100, L_0x55b63d935870, C4<0>, C4<0>;
L_0x55b63d935d90 .functor NOT 1, L_0x7f58ff7bb060, C4<0>, C4<0>, C4<0>;
L_0x55b63d935e00 .functor OR 1, L_0x55b63d935a70, L_0x55b63d935b80, C4<0>, C4<0>;
L_0x55b63d936020 .functor AND 1, L_0x55b63d935d90, L_0x55b63d935e00, C4<1>, C4<1>;
L_0x55b63d936130 .functor AND 1, v0x55b63d9148a0_0, L_0x55b63d935a70, C4<1>, C4<1>;
L_0x55b63d9362c0 .functor OR 1, L_0x55b63d92b740, L_0x55b63d92de10, C4<0>, C4<0>;
L_0x55b63d9363c0 .functor AND 1, v0x55b63d914960_0, L_0x55b63d935b80, C4<1>, C4<1>;
L_0x55b63d9361a0 .functor OR 1, L_0x55b63d935a70, L_0x55b63d9363c0, C4<0>, C4<0>;
L_0x55b63d936560 .functor AND 1, L_0x55b63d9362c0, L_0x55b63d9361a0, C4<1>, C4<1>;
L_0x55b63d936760 .functor OR 1, L_0x55b63d936020, L_0x55b63d936130, C4<0>, C4<0>;
L_0x55b63d936870 .functor OR 1, L_0x55b63d936760, L_0x55b63d936560, C4<0>, C4<0>;
L_0x55b63d936ad0 .functor AND 1, L_0x7f58ff7bb018, L_0x55b63d936870, C4<1>, C4<1>;
L_0x55b63d936be0 .functor NOT 1, L_0x7f58ff7bb0a8, C4<0>, C4<0>, C4<0>;
L_0x55b63d936db0 .functor OR 1, L_0x55b63d9318d0, L_0x55b63d92b460, C4<0>, C4<0>;
L_0x55b63d936eb0 .functor OR 1, L_0x55b63d936db0, L_0x55b63d92b550, C4<0>, C4<0>;
L_0x55b63d937120 .functor OR 1, L_0x55b63d936eb0, L_0x55b63d92de10, C4<0>, C4<0>;
L_0x55b63d937220 .functor AND 1, L_0x55b63d936be0, L_0x55b63d937120, C4<1>, C4<1>;
L_0x55b63d9374b0 .functor NOT 1, L_0x55b63d936ad0, C4<0>, C4<0>, C4<0>;
L_0x55b63d937520 .functor AND 1, L_0x7f58ff7bb060, L_0x55b63d9374b0, C4<1>, C4<1>;
L_0x55b63d9377b0 .functor OR 1, L_0x55b63d92b740, L_0x55b63d92de10, C4<0>, C4<0>;
L_0x55b63d937820 .functor AND 1, L_0x55b63d937520, L_0x55b63d9377b0, C4<1>, C4<1>;
L_0x55b63d937ad0 .functor AND 1, L_0x55b63d937820, L_0x55b63d935100, C4<1>, C4<1>;
L_0x55b63d937b90 .functor NOT 1, L_0x55b63d936ad0, C4<0>, C4<0>, C4<0>;
L_0x55b63d937e40 .functor AND 1, L_0x7f58ff7bb060, L_0x55b63d937b90, C4<1>, C4<1>;
L_0x55b63d937eb0 .functor OR 1, L_0x55b63d92b740, L_0x55b63d92de10, C4<0>, C4<0>;
L_0x55b63d9380e0 .functor AND 1, L_0x55b63d937e40, L_0x55b63d937eb0, C4<1>, C4<1>;
L_0x55b63d9381f0 .functor AND 1, L_0x55b63d9380e0, L_0x55b63d935870, C4<1>, C4<1>;
L_0x55b63d9384d0 .functor NOT 1, L_0x55b63d936ad0, C4<0>, C4<0>, C4<0>;
L_0x55b63d938540 .functor AND 1, L_0x7f58ff7bb060, L_0x55b63d9384d0, C4<1>, C4<1>;
L_0x55b63d9387e0 .functor AND 1, L_0x55b63d938540, L_0x55b63d9342c0, C4<1>, C4<1>;
L_0x55b63d9388a0 .functor NOT 1, L_0x55b63d936ad0, C4<0>, C4<0>, C4<0>;
L_0x55b63d938b00 .functor AND 1, L_0x7f58ff7bb060, L_0x55b63d9388a0, C4<1>, C4<1>;
L_0x55b63d938bc0 .functor AND 1, L_0x55b63d938b00, L_0x55b63d9349f0, C4<1>, C4<1>;
L_0x55b63d938fc0 .functor NOT 1, L_0x55b63d936ad0, C4<0>, C4<0>, C4<0>;
L_0x55b63d939030 .functor AND 1, L_0x7f58ff7bb060, L_0x55b63d938fc0, C4<1>, C4<1>;
L_0x55b63d939300 .functor AND 1, L_0x55b63d939030, L_0x55b63d935100, C4<1>, C4<1>;
L_0x55b63d9397b0 .functor NOT 1, L_0x55b63d936ad0, C4<0>, C4<0>, C4<0>;
L_0x55b63d939a40 .functor AND 1, L_0x7f58ff7bb060, L_0x55b63d9397b0, C4<1>, C4<1>;
L_0x55b63d939b00 .functor AND 1, L_0x55b63d939a40, L_0x55b63d935870, C4<1>, C4<1>;
L_0x55b63d93a3f0 .functor OR 1, L_0x55b63d92cef0, L_0x55b63d92db50, C4<0>, C4<0>;
L_0x55b63d93a460 .functor OR 1, L_0x55b63d93a3f0, L_0x55b63d92bd30, C4<0>, C4<0>;
L_0x55b63d93a710 .functor OR 1, L_0x55b63d93a460, L_0x55b63d92dfd0, C4<0>, C4<0>;
L_0x55b63d93a820 .functor OR 1, L_0x55b63d93a710, L_0x55b63d92d0c0, C4<0>, C4<0>;
L_0x55b63d93ab80 .functor OR 1, L_0x55b63d93a820, L_0x55b63d92d1b0, C4<0>, C4<0>;
L_0x55b63d93ac40 .functor OR 1, L_0x55b63d92cef0, L_0x55b63d92c3a0, C4<0>, C4<0>;
L_0x55b63d93af60 .functor OR 1, L_0x55b63d93ac40, L_0x55b63d92b550, C4<0>, C4<0>;
L_0x55b63d93b160 .functor OR 1, L_0x55b63d92db50, L_0x55b63d92c3a0, C4<0>, C4<0>;
L_0x55b63d93b440 .functor OR 1, L_0x55b63d93b160, L_0x55b63d92ce30, C4<0>, C4<0>;
L_0x55b63d93bd80 .functor BUFZ 1, L_0x55b63d92b370, C4<0>, C4<0>, C4<0>;
L_0x55b63d93c070 .functor BUFZ 1, L_0x55b63d92d0c0, C4<0>, C4<0>, C4<0>;
L_0x55b63d93c0e0 .functor BUFZ 1, L_0x55b63d92d1b0, C4<0>, C4<0>, C4<0>;
L_0x55b63d93c470 .functor OR 1, L_0x55b63d92bd30, L_0x55b63d92dfd0, C4<0>, C4<0>;
L_0x55b63d93c4e0 .functor OR 1, L_0x55b63d93c470, L_0x55b63d92d0c0, C4<0>, C4<0>;
L_0x55b63d93c880 .functor OR 1, L_0x55b63d93c4e0, L_0x55b63d92b550, C4<0>, C4<0>;
L_0x55b63d93c8f0 .functor OR 1, L_0x55b63d93c880, L_0x55b63d92cef0, C4<0>, C4<0>;
L_0x55b63d93ccf0 .functor OR 1, L_0x55b63d93c8f0, L_0x55b63d92ce30, C4<0>, C4<0>;
L_0x55b63d93cdf0 .functor OR 1, L_0x55b63d93ccf0, L_0x55b63d92db50, C4<0>, C4<0>;
L_0x55b63d93d1b0 .functor OR 1, L_0x55b63d93cdf0, L_0x55b63d92c3a0, C4<0>, C4<0>;
L_0x55b63d93e7e0 .functor BUFZ 32, L_0x55b63d93d8c0, C4<00000000000000000000000000000000>, C4<00000000000000000000000000000000>, C4<00000000000000000000000000000000>;
L_0x55b63d93ecb0 .functor BUFZ 32, v0x55b63d913b20_0, C4<00000000000000000000000000000000>, C4<00000000000000000000000000000000>, C4<00000000000000000000000000000000>;
L_0x55b63d946050 .functor NOT 1, L_0x55b63d946570, C4<0>, C4<0>, C4<0>;
L_0x55b63d946660 .functor OR 1, L_0x55b63d946050, v0x55b63d9148a0_0, C4<0>, C4<0>;
L_0x55b63d946770 .functor OR 1, L_0x55b63d946660, v0x55b63d914ba0_0, C4<0>, C4<0>;
L_0x55b63d946c10 .functor AND 32, L_0x55b63d93e7e0, L_0x55b63d93eb70, C4<11111111111111111111111111111111>, C4<11111111111111111111111111111111>;
L_0x55b63d946c80 .functor OR 32, L_0x55b63d93e7e0, L_0x55b63d93eb70, C4<00000000000000000000000000000000>, C4<00000000000000000000000000000000>;
L_0x55b63d946cf0 .functor XOR 32, L_0x55b63d93e7e0, L_0x55b63d93eb70, C4<00000000000000000000000000000000>, C4<00000000000000000000000000000000>;
L_0x55b63d947aa0 .functor NOT 32, L_0x55b63d946c80, C4<00000000000000000000000000000000>, C4<00000000000000000000000000000000>, C4<00000000000000000000000000000000>;
L_0x55b63d947f60 .functor BUFZ 32, v0x55b63d90f490_0, C4<00000000000000000000000000000000>, C4<00000000000000000000000000000000>, C4<00000000000000000000000000000000>;
L_0x55b63d947fd0 .functor BUFZ 32, v0x55b63d914480_0, C4<00000000000000000000000000000000>, C4<00000000000000000000000000000000>, C4<00000000000000000000000000000000>;
L_0x55b63d9483b0 .functor BUFZ 1, v0x55b63d914960_0, C4<0>, C4<0>, C4<0>;
L_0x55b63d948470 .functor BUFZ 1, v0x55b63d914c60_0, C4<0>, C4<0>, C4<0>;
L_0x55b63d9487b0 .functor AND 1, v0x55b63d914960_0, L_0x55b63d949220, C4<1>, C4<1>;
v0x55b63d8ef140_0 .net *"_ivl_1", 20 0, L_0x55b63d919f50;  1 drivers
v0x55b63d8ef9d0_0 .net *"_ivl_103", 3 0, L_0x55b63d92d390;  1 drivers
L_0x7f58ff7bb570 .functor BUFT 1, C4<0000>, C4<0>, C4<0>, C4<0>;
v0x55b63d7f0350_0 .net/2u *"_ivl_104", 3 0, L_0x7f58ff7bb570;  1 drivers
v0x55b63d8f39d0_0 .net *"_ivl_106", 0 0, L_0x55b63d92d460;  1 drivers
v0x55b63d9018d0_0 .net *"_ivl_109", 1 0, L_0x55b63d92d6d0;  1 drivers
L_0x7f58ff7bb5b8 .functor BUFT 1, C4<01>, C4<0>, C4<0>, C4<0>;
v0x55b63d901a00_0 .net/2u *"_ivl_110", 1 0, L_0x7f58ff7bb5b8;  1 drivers
v0x55b63d901ae0_0 .net *"_ivl_112", 0 0, L_0x55b63d92d770;  1 drivers
v0x55b63d901ba0_0 .net *"_ivl_114", 0 0, L_0x55b63d92d9f0;  1 drivers
L_0x7f58ff7bb600 .functor BUFT 1, C4<001000>, C4<0>, C4<0>, C4<0>;
v0x55b63d901c80_0 .net/2u *"_ivl_118", 5 0, L_0x7f58ff7bb600;  1 drivers
v0x55b63d901d60_0 .net *"_ivl_120", 0 0, L_0x55b63d92dc10;  1 drivers
L_0x7f58ff7bb648 .functor BUFT 1, C4<001100>, C4<0>, C4<0>, C4<0>;
v0x55b63d901e20_0 .net/2u *"_ivl_124", 5 0, L_0x7f58ff7bb648;  1 drivers
v0x55b63d901f00_0 .net *"_ivl_126", 0 0, L_0x55b63d92df30;  1 drivers
v0x55b63d901fc0_0 .net *"_ivl_131", 4 0, L_0x55b63d92e160;  1 drivers
L_0x7f58ff7bb690 .functor BUFT 1, C4<10001>, C4<0>, C4<0>, C4<0>;
v0x55b63d9020a0_0 .net/2u *"_ivl_132", 4 0, L_0x7f58ff7bb690;  1 drivers
v0x55b63d902180_0 .net *"_ivl_134", 0 0, L_0x55b63d92e230;  1 drivers
v0x55b63d902240_0 .net *"_ivl_142", 0 0, L_0x55b63d92e6f0;  1 drivers
v0x55b63d902320_0 .net *"_ivl_144", 0 0, L_0x55b63d92e4d0;  1 drivers
v0x55b63d902400_0 .net *"_ivl_147", 4 0, L_0x55b63d92e880;  1 drivers
L_0x7f58ff7bb6d8 .functor BUFT 1, C4<00000>, C4<0>, C4<0>, C4<0>;
v0x55b63d9024e0_0 .net/2u *"_ivl_148", 4 0, L_0x7f58ff7bb6d8;  1 drivers
L_0x7f58ff7bb720 .functor BUFT 1, C4<11111>, C4<0>, C4<0>, C4<0>;
v0x55b63d9025c0_0 .net/2u *"_ivl_152", 4 0, L_0x7f58ff7bb720;  1 drivers
v0x55b63d9026a0_0 .net *"_ivl_155", 4 0, L_0x55b63d92ec40;  1 drivers
v0x55b63d902780_0 .net *"_ivl_157", 4 0, L_0x55b63d92ee30;  1 drivers
L_0x7f58ff7bb768 .functor BUFT 1, C4<00000>, C4<0>, C4<0>, C4<0>;
v0x55b63d902860_0 .net/2u *"_ivl_158", 4 0, L_0x7f58ff7bb768;  1 drivers
L_0x7f58ff7bb180 .functor BUFT 1, C4<000000>, C4<0>, C4<0>, C4<0>;
v0x55b63d902940_0 .net/2u *"_ivl_16", 5 0, L_0x7f58ff7bb180;  1 drivers
v0x55b63d902a20_0 .net *"_ivl_160", 4 0, L_0x55b63d92eed0;  1 drivers
v0x55b63d902b00_0 .net *"_ivl_162", 4 0, L_0x55b63d92f170;  1 drivers
L_0x7f58ff7bb7b0 .functor BUFT 1, C4<00000>, C4<0>, C4<0>, C4<0>;
v0x55b63d902be0_0 .net/2u *"_ivl_166", 4 0, L_0x7f58ff7bb7b0;  1 drivers
v0x55b63d902cc0_0 .net *"_ivl_168", 0 0, L_0x55b63d92f600;  1 drivers
L_0x7f58ff7bb7f8 .functor BUFT 1, C4<00000000000000000000000000000000>, C4<0>, C4<0>, C4<0>;
v0x55b63d902d80_0 .net/2u *"_ivl_170", 31 0, L_0x7f58ff7bb7f8;  1 drivers
v0x55b63d902e60_0 .net *"_ivl_172", 31 0, L_0x55b63d92f6f0;  1 drivers
v0x55b63d902f40_0 .net *"_ivl_174", 6 0, L_0x55b63d92f910;  1 drivers
L_0x7f58ff7bb840 .functor BUFT 1, C4<00>, C4<0>, C4<0>, C4<0>;
v0x55b63d903020_0 .net *"_ivl_177", 1 0, L_0x7f58ff7bb840;  1 drivers
L_0x7f58ff7bb888 .functor BUFT 1, C4<00000>, C4<0>, C4<0>, C4<0>;
v0x55b63d903100_0 .net/2u *"_ivl_180", 4 0, L_0x7f58ff7bb888;  1 drivers
v0x55b63d9033f0_0 .net *"_ivl_182", 0 0, L_0x55b63d92fd70;  1 drivers
L_0x7f58ff7bb8d0 .functor BUFT 1, C4<00000000000000000000000000000000>, C4<0>, C4<0>, C4<0>;
v0x55b63d9034b0_0 .net/2u *"_ivl_184", 31 0, L_0x7f58ff7bb8d0;  1 drivers
v0x55b63d903590_0 .net *"_ivl_186", 31 0, L_0x55b63d92fe60;  1 drivers
v0x55b63d903670_0 .net *"_ivl_188", 6 0, L_0x55b63d9300a0;  1 drivers
L_0x7f58ff7bb918 .functor BUFT 1, C4<00>, C4<0>, C4<0>, C4<0>;
v0x55b63d903750_0 .net *"_ivl_191", 1 0, L_0x7f58ff7bb918;  1 drivers
v0x55b63d903830_0 .net *"_ivl_197", 15 0, L_0x55b63d930730;  1 drivers
L_0x7f58ff7bb0f0 .functor BUFT 1, C4<000000000100000000000>, C4<0>, C4<0>, C4<0>;
v0x55b63d903910_0 .net/2u *"_ivl_2", 20 0, L_0x7f58ff7bb0f0;  1 drivers
L_0x7f58ff7bb1c8 .functor BUFT 1, C4<000010>, C4<0>, C4<0>, C4<0>;
v0x55b63d9039f0_0 .net/2u *"_ivl_20", 5 0, L_0x7f58ff7bb1c8;  1 drivers
L_0x7f58ff7bb960 .functor BUFT 1, C4<0000000000000000>, C4<0>, C4<0>, C4<0>;
v0x55b63d903ad0_0 .net/2u *"_ivl_201", 15 0, L_0x7f58ff7bb960;  1 drivers
v0x55b63d903bb0_0 .net *"_ivl_204", 0 0, L_0x55b63d930ad0;  1 drivers
v0x55b63d903c90_0 .net *"_ivl_205", 15 0, L_0x55b63d930b70;  1 drivers
v0x55b63d903d70_0 .net *"_ivl_207", 15 0, L_0x55b63d9311e0;  1 drivers
v0x55b63d903e50_0 .net *"_ivl_210", 0 0, L_0x55b63d931370;  1 drivers
v0x55b63d903f30_0 .net *"_ivl_211", 0 0, L_0x55b63d9315f0;  1 drivers
v0x55b63d903ff0_0 .net *"_ivl_213", 0 0, L_0x55b63d931730;  1 drivers
L_0x7f58ff7bb9a8 .functor BUFT 1, C4<00000000000000000000000000000100>, C4<0>, C4<0>, C4<0>;
v0x55b63d9040d0_0 .net/2u *"_ivl_217", 31 0, L_0x7f58ff7bb9a8;  1 drivers
v0x55b63d9041b0_0 .net *"_ivl_222", 3 0, L_0x55b63d931c90;  1 drivers
v0x55b63d904290_0 .net *"_ivl_224", 25 0, L_0x55b63d931d30;  1 drivers
L_0x7f58ff7bb9f0 .functor BUFT 1, C4<00>, C4<0>, C4<0>, C4<0>;
v0x55b63d904370_0 .net/2u *"_ivl_225", 1 0, L_0x7f58ff7bb9f0;  1 drivers
v0x55b63d904450_0 .net *"_ivl_232", 29 0, L_0x55b63d9324b0;  1 drivers
L_0x7f58ff7bba38 .functor BUFT 1, C4<00>, C4<0>, C4<0>, C4<0>;
v0x55b63d904530_0 .net/2u *"_ivl_233", 1 0, L_0x7f58ff7bba38;  1 drivers
v0x55b63d904610_0 .net *"_ivl_235", 31 0, L_0x55b63d932550;  1 drivers
L_0x7f58ff7bb210 .functor BUFT 1, C4<000011>, C4<0>, C4<0>, C4<0>;
v0x55b63d9046f0_0 .net/2u *"_ivl_24", 5 0, L_0x7f58ff7bb210;  1 drivers
v0x55b63d9047d0_0 .net *"_ivl_241", 0 0, L_0x55b63d931a30;  1 drivers
v0x55b63d9048b0_0 .net *"_ivl_243", 0 0, L_0x55b63d932ae0;  1 drivers
v0x55b63d904990_0 .net *"_ivl_248", 0 0, L_0x55b63d932ec0;  1 drivers
v0x55b63d904a70_0 .net *"_ivl_251", 0 0, L_0x55b63d932a40;  1 drivers
v0x55b63d904b50_0 .net *"_ivl_255", 0 0, L_0x55b63d9334a0;  1 drivers
v0x55b63d904c30_0 .net *"_ivl_259", 0 0, L_0x55b63d933920;  1 drivers
L_0x7f58ff7bba80 .functor BUFT 1, C4<00000>, C4<0>, C4<0>, C4<0>;
v0x55b63d904d10_0 .net/2u *"_ivl_262", 4 0, L_0x7f58ff7bba80;  1 drivers
v0x55b63d904df0_0 .net *"_ivl_264", 0 0, L_0x55b63d933db0;  1 drivers
v0x55b63d904eb0_0 .net *"_ivl_266", 0 0, L_0x55b63d933ef0;  1 drivers
v0x55b63d9053a0_0 .net *"_ivl_268", 0 0, L_0x55b63d933fb0;  1 drivers
L_0x7f58ff7bbac8 .functor BUFT 1, C4<00000>, C4<0>, C4<0>, C4<0>;
v0x55b63d905460_0 .net/2u *"_ivl_272", 4 0, L_0x7f58ff7bbac8;  1 drivers
v0x55b63d905540_0 .net *"_ivl_274", 0 0, L_0x55b63d934490;  1 drivers
v0x55b63d905600_0 .net *"_ivl_276", 0 0, L_0x55b63d9345c0;  1 drivers
v0x55b63d9056e0_0 .net *"_ivl_278", 0 0, L_0x55b63d9346d0;  1 drivers
L_0x7f58ff7bbb10 .functor BUFT 1, C4<00000>, C4<0>, C4<0>, C4<0>;
v0x55b63d9057a0_0 .net/2u *"_ivl_282", 4 0, L_0x7f58ff7bbb10;  1 drivers
v0x55b63d905880_0 .net *"_ivl_284", 0 0, L_0x55b63d934bd0;  1 drivers
v0x55b63d905940_0 .net *"_ivl_286", 0 0, L_0x55b63d934d10;  1 drivers
v0x55b63d905a20_0 .net *"_ivl_288", 0 0, L_0x55b63d934dd0;  1 drivers
v0x55b63d905ae0_0 .net *"_ivl_29", 4 0, L_0x55b63d92b640;  1 drivers
L_0x7f58ff7bbb58 .functor BUFT 1, C4<00000>, C4<0>, C4<0>, C4<0>;
v0x55b63d905bc0_0 .net/2u *"_ivl_292", 4 0, L_0x7f58ff7bbb58;  1 drivers
v0x55b63d905ca0_0 .net *"_ivl_294", 0 0, L_0x55b63d9352f0;  1 drivers
v0x55b63d905d60_0 .net *"_ivl_296", 0 0, L_0x55b63d935420;  1 drivers
v0x55b63d905e40_0 .net *"_ivl_298", 0 0, L_0x55b63d935530;  1 drivers
L_0x7f58ff7bb258 .functor BUFT 1, C4<00010>, C4<0>, C4<0>, C4<0>;
v0x55b63d905f00_0 .net/2u *"_ivl_30", 4 0, L_0x7f58ff7bb258;  1 drivers
v0x55b63d905fe0_0 .net *"_ivl_306", 0 0, L_0x55b63d935d90;  1 drivers
v0x55b63d9060c0_0 .net *"_ivl_308", 0 0, L_0x55b63d935e00;  1 drivers
v0x55b63d9061a0_0 .net *"_ivl_314", 0 0, L_0x55b63d9362c0;  1 drivers
v0x55b63d906280_0 .net *"_ivl_316", 0 0, L_0x55b63d9363c0;  1 drivers
v0x55b63d906360_0 .net *"_ivl_318", 0 0, L_0x55b63d9361a0;  1 drivers
v0x55b63d906440_0 .net *"_ivl_322", 0 0, L_0x55b63d936760;  1 drivers
v0x55b63d906520_0 .net *"_ivl_324", 0 0, L_0x55b63d936870;  1 drivers
v0x55b63d906600_0 .net *"_ivl_328", 0 0, L_0x55b63d936be0;  1 drivers
v0x55b63d9066e0_0 .net *"_ivl_330", 0 0, L_0x55b63d936db0;  1 drivers
v0x55b63d9067c0_0 .net *"_ivl_332", 0 0, L_0x55b63d936eb0;  1 drivers
v0x55b63d9068a0_0 .net *"_ivl_334", 0 0, L_0x55b63d937120;  1 drivers
v0x55b63d906980_0 .net *"_ivl_338", 0 0, L_0x55b63d9374b0;  1 drivers
v0x55b63d906a60_0 .net *"_ivl_340", 0 0, L_0x55b63d937520;  1 drivers
v0x55b63d906b40_0 .net *"_ivl_342", 0 0, L_0x55b63d9377b0;  1 drivers
v0x55b63d906c20_0 .net *"_ivl_344", 0 0, L_0x55b63d937820;  1 drivers
v0x55b63d906d00_0 .net *"_ivl_348", 0 0, L_0x55b63d937b90;  1 drivers
v0x55b63d906de0_0 .net *"_ivl_35", 4 0, L_0x55b63d92b7e0;  1 drivers
v0x55b63d906ec0_0 .net *"_ivl_350", 0 0, L_0x55b63d937e40;  1 drivers
v0x55b63d906fa0_0 .net *"_ivl_352", 0 0, L_0x55b63d937eb0;  1 drivers
v0x55b63d907080_0 .net *"_ivl_354", 0 0, L_0x55b63d9380e0;  1 drivers
L_0x7f58ff7bb2a0 .functor BUFT 1, C4<00100>, C4<0>, C4<0>, C4<0>;
v0x55b63d907160_0 .net/2u *"_ivl_36", 4 0, L_0x7f58ff7bb2a0;  1 drivers
v0x55b63d907240_0 .net *"_ivl_360", 0 0, L_0x55b63d9384d0;  1 drivers
v0x55b63d907320_0 .net *"_ivl_362", 0 0, L_0x55b63d938540;  1 drivers
v0x55b63d907400_0 .net *"_ivl_364", 0 0, L_0x55b63d9387e0;  1 drivers
v0x55b63d9074e0_0 .net *"_ivl_368", 0 0, L_0x55b63d9388a0;  1 drivers
v0x55b63d9075c0_0 .net *"_ivl_370", 0 0, L_0x55b63d938b00;  1 drivers
v0x55b63d9076a0_0 .net *"_ivl_372", 0 0, L_0x55b63d938bc0;  1 drivers
v0x55b63d907780_0 .net *"_ivl_377", 0 0, L_0x55b63d938fc0;  1 drivers
v0x55b63d907860_0 .net *"_ivl_379", 0 0, L_0x55b63d939030;  1 drivers
v0x55b63d907940_0 .net *"_ivl_38", 0 0, L_0x55b63d92b8f0;  1 drivers
v0x55b63d907a00_0 .net *"_ivl_381", 0 0, L_0x55b63d939300;  1 drivers
v0x55b63d907ae0_0 .net *"_ivl_386", 0 0, L_0x55b63d9397b0;  1 drivers
v0x55b63d907bc0_0 .net *"_ivl_388", 0 0, L_0x55b63d939a40;  1 drivers
v0x55b63d907ca0_0 .net *"_ivl_390", 0 0, L_0x55b63d939b00;  1 drivers
v0x55b63d907d80_0 .net *"_ivl_398", 0 0, L_0x55b63d93a3f0;  1 drivers
v0x55b63d907e60_0 .net *"_ivl_400", 0 0, L_0x55b63d93a460;  1 drivers
v0x55b63d907f40_0 .net *"_ivl_402", 0 0, L_0x55b63d93a710;  1 drivers
v0x55b63d908020_0 .net *"_ivl_404", 0 0, L_0x55b63d93a820;  1 drivers
v0x55b63d908100_0 .net *"_ivl_406", 0 0, L_0x55b63d93ab80;  1 drivers
v0x55b63d9081e0_0 .net *"_ivl_41", 4 0, L_0x55b63d92ba30;  1 drivers
v0x55b63d9082c0_0 .net *"_ivl_410", 0 0, L_0x55b63d93ac40;  1 drivers
v0x55b63d9083a0_0 .net *"_ivl_412", 0 0, L_0x55b63d93af60;  1 drivers
v0x55b63d908480_0 .net *"_ivl_417", 0 0, L_0x55b63d93b160;  1 drivers
v0x55b63d908560_0 .net *"_ivl_419", 0 0, L_0x55b63d93b440;  1 drivers
L_0x7f58ff7bb2e8 .functor BUFT 1, C4<10000>, C4<0>, C4<0>, C4<0>;
v0x55b63d908640_0 .net/2u *"_ivl_42", 4 0, L_0x7f58ff7bb2e8;  1 drivers
v0x55b63d908720_0 .net *"_ivl_422", 1 0, L_0x55b63d93b550;  1 drivers
v0x55b63d908800_0 .net *"_ivl_424", 1 0, L_0x55b63d93b8c0;  1 drivers
v0x55b63d9088e0_0 .net *"_ivl_433", 0 0, L_0x55b63d93c470;  1 drivers
v0x55b63d9089c0_0 .net *"_ivl_435", 0 0, L_0x55b63d93c4e0;  1 drivers
v0x55b63d9092b0_0 .net *"_ivl_437", 0 0, L_0x55b63d93c880;  1 drivers
v0x55b63d909390_0 .net *"_ivl_439", 0 0, L_0x55b63d93c8f0;  1 drivers
v0x55b63d909470_0 .net *"_ivl_44", 0 0, L_0x55b63d92bb50;  1 drivers
v0x55b63d909530_0 .net *"_ivl_441", 0 0, L_0x55b63d93ccf0;  1 drivers
v0x55b63d909610_0 .net *"_ivl_443", 0 0, L_0x55b63d93cdf0;  1 drivers
v0x55b63d9096f0_0 .net *"_ivl_448", 0 0, L_0x55b63d93d300;  1 drivers
v0x55b63d9097d0_0 .net *"_ivl_450", 0 0, L_0x55b63d93d3a0;  1 drivers
v0x55b63d9098b0_0 .net *"_ivl_451", 31 0, L_0x55b63d93d730;  1 drivers
v0x55b63d909990_0 .net *"_ivl_456", 0 0, L_0x55b63d93dd50;  1 drivers
v0x55b63d909a70_0 .net *"_ivl_458", 0 0, L_0x55b63d93ddf0;  1 drivers
v0x55b63d909b50_0 .net *"_ivl_459", 31 0, L_0x55b63d93e1f0;  1 drivers
v0x55b63d909c30_0 .net *"_ivl_46", 0 0, L_0x55b63d92b880;  1 drivers
v0x55b63d909d10_0 .net *"_ivl_470", 15 0, L_0x55b63d93ed70;  1 drivers
L_0x7f58ff7bbba0 .functor BUFT 1, C4<0000000000000000>, C4<0>, C4<0>, C4<0>;
v0x55b63d909df0_0 .net/2u *"_ivl_471", 15 0, L_0x7f58ff7bbba0;  1 drivers
v0x55b63d909ed0_0 .net *"_ivl_478", 0 0, L_0x55b63d93f740;  1 drivers
v0x55b63d909fb0_0 .net *"_ivl_480", 0 0, L_0x55b63d93f7e0;  1 drivers
L_0x7f58ff7bbbe8 .functor BUFT 1, C4<0>, C4<0>, C4<0>, C4<0>;
v0x55b63d90a090_0 .net/2u *"_ivl_481", 0 0, L_0x7f58ff7bbbe8;  1 drivers
v0x55b63d90a170_0 .net *"_ivl_486", 0 0, L_0x55b63d93fd10;  1 drivers
v0x55b63d90a250_0 .net *"_ivl_488", 30 0, L_0x55b63d940110;  1 drivers
L_0x7f58ff7bbc30 .functor BUFT 1, C4<0>, C4<0>, C4<0>, C4<0>;
v0x55b63d90a330_0 .net/2u *"_ivl_489", 0 0, L_0x7f58ff7bbc30;  1 drivers
v0x55b63d90a410_0 .net *"_ivl_491", 31 0, L_0x55b63d940240;  1 drivers
v0x55b63d90a4f0_0 .net *"_ivl_496", 0 0, L_0x55b63d9407e0;  1 drivers
v0x55b63d90a5d0_0 .net *"_ivl_498", 29 0, L_0x55b63d940c90;  1 drivers
L_0x7f58ff7bbc78 .functor BUFT 1, C4<00>, C4<0>, C4<0>, C4<0>;
v0x55b63d90a6b0_0 .net/2u *"_ivl_499", 1 0, L_0x7f58ff7bbc78;  1 drivers
v0x55b63d90a790_0 .net *"_ivl_501", 31 0, L_0x55b63d940d30;  1 drivers
v0x55b63d90a870_0 .net *"_ivl_506", 0 0, L_0x55b63d941340;  1 drivers
v0x55b63d90a950_0 .net *"_ivl_508", 27 0, L_0x55b63d941780;  1 drivers
L_0x7f58ff7bbcc0 .functor BUFT 1, C4<0000>, C4<0>, C4<0>, C4<0>;
v0x55b63d90aa30_0 .net/2u *"_ivl_509", 3 0, L_0x7f58ff7bbcc0;  1 drivers
v0x55b63d90ab10_0 .net *"_ivl_51", 4 0, L_0x55b63d92be40;  1 drivers
v0x55b63d90abf0_0 .net *"_ivl_511", 31 0, L_0x55b63d941870;  1 drivers
v0x55b63d90acd0_0 .net *"_ivl_516", 0 0, L_0x55b63d941ea0;  1 drivers
v0x55b63d90adb0_0 .net *"_ivl_518", 23 0, L_0x55b63d942300;  1 drivers
L_0x7f58ff7bbd08 .functor BUFT 1, C4<00000000>, C4<0>, C4<0>, C4<0>;
v0x55b63d90ae90_0 .net/2u *"_ivl_519", 7 0, L_0x7f58ff7bbd08;  1 drivers
L_0x7f58ff7bb330 .functor BUFT 1, C4<00101>, C4<0>, C4<0>, C4<0>;
v0x55b63d90af70_0 .net/2u *"_ivl_52", 4 0, L_0x7f58ff7bb330;  1 drivers
v0x55b63d90b050_0 .net *"_ivl_521", 31 0, L_0x55b63d9423f0;  1 drivers
v0x55b63d90b130_0 .net *"_ivl_526", 0 0, L_0x55b63d942a40;  1 drivers
v0x55b63d90b210_0 .net *"_ivl_528", 15 0, L_0x55b63d942ec0;  1 drivers
L_0x7f58ff7bbd50 .functor BUFT 1, C4<0000000000000000>, C4<0>, C4<0>, C4<0>;
v0x55b63d90b2f0_0 .net/2u *"_ivl_529", 15 0, L_0x7f58ff7bbd50;  1 drivers
v0x55b63d90b3d0_0 .net *"_ivl_531", 31 0, L_0x55b63d942fb0;  1 drivers
v0x55b63d90b4b0_0 .net *"_ivl_536", 0 0, L_0x55b63d943620;  1 drivers
v0x55b63d90b590_0 .net *"_ivl_537", 0 0, L_0x55b63d943bd0;  1 drivers
v0x55b63d90b670_0 .net *"_ivl_54", 0 0, L_0x55b63d92bf70;  1 drivers
v0x55b63d90b730_0 .net *"_ivl_540", 30 0, L_0x55b63d943cc0;  1 drivers
v0x55b63d90b810_0 .net *"_ivl_541", 31 0, L_0x55b63d944170;  1 drivers
v0x55b63d90b8f0_0 .net *"_ivl_546", 0 0, L_0x55b63d944810;  1 drivers
v0x55b63d90b9d0_0 .net *"_ivl_547", 1 0, L_0x55b63d9448b0;  1 drivers
v0x55b63d90bab0_0 .net *"_ivl_550", 29 0, L_0x55b63d944350;  1 drivers
v0x55b63d90bb90_0 .net *"_ivl_551", 31 0, L_0x55b63d9443f0;  1 drivers
v0x55b63d90bc70_0 .net *"_ivl_556", 0 0, L_0x55b63d944670;  1 drivers
v0x55b63d90bd50_0 .net *"_ivl_557", 3 0, L_0x55b63d944da0;  1 drivers
v0x55b63d90be30_0 .net *"_ivl_560", 27 0, L_0x55b63d944f50;  1 drivers
v0x55b63d90bf10_0 .net *"_ivl_561", 31 0, L_0x55b63d944950;  1 drivers
v0x55b63d90bff0_0 .net *"_ivl_566", 0 0, L_0x55b63d944bd0;  1 drivers
v0x55b63d90c0d0_0 .net *"_ivl_567", 7 0, L_0x55b63d944c70;  1 drivers
v0x55b63d90c1b0_0 .net *"_ivl_57", 4 0, L_0x55b63d92c0b0;  1 drivers
v0x55b63d90c290_0 .net *"_ivl_570", 23 0, L_0x55b63d945470;  1 drivers
v0x55b63d90c370_0 .net *"_ivl_571", 31 0, L_0x55b63d945560;  1 drivers
v0x55b63d90c450_0 .net *"_ivl_576", 0 0, L_0x55b63d945130;  1 drivers
v0x55b63d90c530_0 .net *"_ivl_577", 15 0, L_0x55b63d9451d0;  1 drivers
L_0x7f58ff7bb378 .functor BUFT 1, C4<10101>, C4<0>, C4<0>, C4<0>;
v0x55b63d90c610_0 .net/2u *"_ivl_58", 4 0, L_0x7f58ff7bb378;  1 drivers
v0x55b63d90c6f0_0 .net *"_ivl_580", 15 0, L_0x55b63d945270;  1 drivers
v0x55b63d90c7d0_0 .net *"_ivl_581", 31 0, L_0x55b63d945360;  1 drivers
v0x55b63d90c8b0_0 .net *"_ivl_586", 0 0, L_0x55b63d945740;  1 drivers
v0x55b63d90c990_0 .net *"_ivl_590", 0 0, L_0x55b63d9459c0;  1 drivers
L_0x7f58ff7bbd98 .functor BUFT 1, C4<0>, C4<0>, C4<0>, C4<0>;
v0x55b63d90ca70_0 .net/2u *"_ivl_591", 0 0, L_0x7f58ff7bbd98;  1 drivers
v0x55b63d90cb50_0 .net *"_ivl_594", 0 0, L_0x55b63d945a60;  1 drivers
v0x55b63d90cc30_0 .net *"_ivl_598", 0 0, L_0x55b63d946260;  1 drivers
L_0x7f58ff7bbde0 .functor BUFT 1, C4<0>, C4<0>, C4<0>, C4<0>;
v0x55b63d90cd10_0 .net/2u *"_ivl_599", 0 0, L_0x7f58ff7bbde0;  1 drivers
v0x55b63d90cdf0_0 .net *"_ivl_60", 0 0, L_0x55b63d92c1f0;  1 drivers
v0x55b63d90ceb0_0 .net *"_ivl_602", 0 0, L_0x55b63d945c40;  1 drivers
v0x55b63d90cf90_0 .net *"_ivl_605", 32 0, L_0x55b63d945e20;  1 drivers
v0x55b63d90d070_0 .net *"_ivl_607", 32 0, L_0x55b63d945ec0;  1 drivers
v0x55b63d90d150_0 .net *"_ivl_611", 32 0, L_0x55b63d9468f0;  1 drivers
v0x55b63d90d230_0 .net *"_ivl_613", 32 0, L_0x55b63d946390;  1 drivers
v0x55b63d90d310_0 .net *"_ivl_618", 0 0, L_0x55b63d946570;  1 drivers
v0x55b63d90d3f0_0 .net *"_ivl_619", 0 0, L_0x55b63d946050;  1 drivers
v0x55b63d90d4d0_0 .net *"_ivl_62", 0 0, L_0x55b63d92c2e0;  1 drivers
v0x55b63d90d5b0_0 .net *"_ivl_621", 0 0, L_0x55b63d946660;  1 drivers
v0x55b63d90d690_0 .net *"_ivl_626", 31 0, L_0x55b63d9471b0;  1 drivers
v0x55b63d90d770_0 .net *"_ivl_628", 31 0, L_0x55b63d946990;  1 drivers
v0x55b63d90d850_0 .net *"_ivl_640", 0 0, L_0x55b63d947e20;  1 drivers
v0x55b63d90d930_0 .net *"_ivl_644", 0 0, L_0x55b63d9472f0;  1 drivers
v0x55b63d90da10_0 .net *"_ivl_648", 0 0, L_0x55b63d947520;  1 drivers
L_0x7f58ff7bbe28 .functor BUFT 1, C4<0000000000000000000000000000000>, C4<0>, C4<0>, C4<0>;
v0x55b63d90daf0_0 .net/2u *"_ivl_651", 30 0, L_0x7f58ff7bbe28;  1 drivers
v0x55b63d90dbd0_0 .net *"_ivl_654", 0 0, L_0x55b63d9485d0;  1 drivers
v0x55b63d90dcb0_0 .net *"_ivl_666", 16 0, L_0x55b63d949070;  1 drivers
L_0x7f58ff7bbe70 .functor BUFT 1, C4<00010000000000010>, C4<0>, C4<0>, C4<0>;
v0x55b63d90dd90_0 .net/2u *"_ivl_667", 16 0, L_0x7f58ff7bbe70;  1 drivers
v0x55b63d90de70_0 .net *"_ivl_67", 3 0, L_0x55b63d92c4e0;  1 drivers
v0x55b63d90df50_0 .net *"_ivl_671", 0 0, L_0x55b63d9487b0;  1 drivers
v0x55b63d90e030_0 .net *"_ivl_673", 31 0, L_0x55b63d948870;  1 drivers
v0x55b63d90e110_0 .net *"_ivl_676", 12 0, L_0x55b63d948910;  1 drivers
v0x55b63d90e1f0_0 .net *"_ivl_677", 14 0, L_0x55b63d9489b0;  1 drivers
L_0x7f58ff7bb3c0 .functor BUFT 1, C4<0011>, C4<0>, C4<0>, C4<0>;
v0x55b63d90e2d0_0 .net/2u *"_ivl_68", 3 0, L_0x7f58ff7bb3c0;  1 drivers
L_0x7f58ff7bbeb8 .functor BUFT 1, C4<00>, C4<0>, C4<0>, C4<0>;
v0x55b63d90e3b0_0 .net *"_ivl_680", 1 0, L_0x7f58ff7bbeb8;  1 drivers
L_0x7f58ff7bbf00 .functor BUFT 1, C4<xxxxxxxxxxxxxxxxxxxxxxxxxxxxxxxx>, C4<0>, C4<0>, C4<0>;
v0x55b63d90e490_0 .net *"_ivl_681", 31 0, L_0x7f58ff7bbf00;  1 drivers
v0x55b63d90e570_0 .net *"_ivl_70", 0 0, L_0x55b63d92c150;  1 drivers
v0x55b63d90e630_0 .net *"_ivl_73", 1 0, L_0x55b63d92c6d0;  1 drivers
L_0x7f58ff7bb408 .functor BUFT 1, C4<11>, C4<0>, C4<0>, C4<0>;
v0x55b63d90e710_0 .net/2u *"_ivl_74", 1 0, L_0x7f58ff7bb408;  1 drivers
v0x55b63d90e7f0_0 .net *"_ivl_76", 0 0, L_0x55b63d92c830;  1 drivers
v0x55b63d90e8b0_0 .net *"_ivl_78", 0 0, L_0x55b63d92c970;  1 drivers
L_0x7f58ff7bb138 .functor BUFT 1, C4<00000000000000000000000000000000>, C4<0>, C4<0>, C4<0>;
v0x55b63d90e990_0 .net/2u *"_ivl_8", 31 0, L_0x7f58ff7bb138;  1 drivers
v0x55b63d90ea70_0 .net *"_ivl_81", 3 0, L_0x55b63d92ca80;  1 drivers
L_0x7f58ff7bb450 .functor BUFT 1, C4<1001>, C4<0>, C4<0>, C4<0>;
v0x55b63d90eb50_0 .net/2u *"_ivl_82", 3 0, L_0x7f58ff7bb450;  1 drivers
v0x55b63d90ec30_0 .net *"_ivl_84", 0 0, L_0x55b63d92cbf0;  1 drivers
v0x55b63d90ecf0_0 .net *"_ivl_86", 0 0, L_0x55b63d92cd30;  1 drivers
L_0x7f58ff7bb498 .functor BUFT 1, C4<001111>, C4<0>, C4<0>, C4<0>;
v0x55b63d90edd0_0 .net/2u *"_ivl_90", 5 0, L_0x7f58ff7bb498;  1 drivers
L_0x7f58ff7bb4e0 .functor BUFT 1, C4<100011>, C4<0>, C4<0>, C4<0>;
v0x55b63d90eeb0_0 .net/2u *"_ivl_94", 5 0, L_0x7f58ff7bb4e0;  1 drivers
L_0x7f58ff7bb528 .functor BUFT 1, C4<101011>, C4<0>, C4<0>, C4<0>;
v0x55b63d90ef90_0 .net/2u *"_ivl_98", 5 0, L_0x7f58ff7bb528;  1 drivers
v0x55b63d90f070_0 .net "addsub_sel", 0 0, L_0x55b63d946770;  1 drivers
v0x55b63d90f130_0 .net "adrs", 31 0, L_0x55b63d947f60;  1 drivers
v0x55b63d90f210_0 .net "alu_a", 31 0, L_0x55b63d93e7e0;  alias, 1 drivers
v0x55b63d90f2f0_0 .net "alu_b", 31 0, L_0x55b63d93eb70;  alias, 1 drivers
v0x55b63d90f3d0_0 .net "alu_hzd", 0 0, L_0x55b63d936020;  1 drivers
v0x55b63d90f490_0 .var "alu_q3", 31 0;
v0x55b63d90f570_0 .var "alu_q4", 31 0;
v0x55b63d90f650_0 .net "alu_sel", 2 0, L_0x55b63d93b020;  1 drivers
v0x55b63d90f730_0 .var "alu_sel2", 2 0;
v0x55b63d90f810_0 .net "amt", 4 0, L_0x55b63d93f280;  1 drivers
v0x55b63d90f8f0_0 .net "and_or", 31 0, L_0x55b63d947ec0;  1 drivers
v0x55b63d90f9d0_0 .net "brn_hzd", 0 0, L_0x55b63d936560;  1 drivers
v0x55b63d90fa90_0 .net "brn_taken", 0 0, L_0x55b63d9318d0;  1 drivers
v0x55b63d90fb50_0 .net "clk", 0 0, v0x55b63d916d00_0;  1 drivers
v0x55b63d90fc10_0 .net "ctrl_hzd", 0 0, L_0x55b63d937220;  1 drivers
v0x55b63d90fcd0_0 .net "dadd", 32 0, L_0x55b63d945fb0;  1 drivers
v0x55b63d90fdb0_0 .net "daddsub", 31 0, L_0x55b63d946a80;  1 drivers
v0x55b63d90fe90_0 .net "dand", 31 0, L_0x55b63d946c10;  1 drivers
v0x55b63d90ff70_0 .net "data_hzd", 0 0, L_0x55b63d936ad0;  1 drivers
L_0x7f58ff7bbf48 .functor BUFT 1, C4<00000000000000000000000000000000>, C4<0>, C4<0>, C4<0>;
v0x55b63d910030_0 .net "din", 31 0, L_0x7f58ff7bbf48;  1 drivers
v0x55b63d908aa0_0 .net "dlogic", 31 0, L_0x55b63d9476d0;  1 drivers
v0x55b63d908b80_0 .net "dlui", 31 0, L_0x55b63d93f140;  1 drivers
v0x55b63d908c60_0 .net "dnor", 31 0, L_0x55b63d947aa0;  1 drivers
v0x55b63d908d40_0 .net "dor", 31 0, L_0x55b63d946c80;  1 drivers
v0x55b63d908e20_0 .net "dout", 31 0, L_0x55b63d947fd0;  1 drivers
v0x55b63d908f00_0 .net "dpc", 31 0, L_0x55b63d93ecb0;  1 drivers
v0x55b63d908fe0_0 .net "dshift", 31 0, L_0x55b63d945830;  1 drivers
v0x55b63d9090c0_0 .net "dsl", 31 0, L_0x55b63d9434e0;  1 drivers
v0x55b63d9091a0_0 .net "dslt", 31 0, L_0x55b63d948670;  1 drivers
v0x55b63d911100_0 .net "dsr", 31 0, L_0x55b63d945ba0;  1 drivers
v0x55b63d9111e0_0 .net "dst", 4 0, L_0x55b63d92f2b0;  1 drivers
v0x55b63d9112c0_0 .var "dst2", 4 0;
v0x55b63d9113a0_0 .var "dst3", 4 0;
v0x55b63d911480_0 .var "dst4", 4 0;
v0x55b63d911560_0 .net "dsub", 32 0, L_0x55b63d946430;  1 drivers
v0x55b63d911640_0 .net "dxor", 31 0, L_0x55b63d946cf0;  1 drivers
v0x55b63d911720_0 .net "en_dly", 0 0, L_0x7f58ff7bb0a8;  alias, 1 drivers
v0x55b63d9117e0_0 .net "en_fwd", 0 0, L_0x7f58ff7bb060;  alias, 1 drivers
v0x55b63d9118a0_0 .net "en_hzd", 0 0, L_0x7f58ff7bb018;  alias, 1 drivers
v0x55b63d911960_0 .net "ex_mem", 0 0, L_0x55b63d935b80;  1 drivers
v0x55b63d911a20_0 .net "ex_mem_a", 0 0, L_0x55b63d935100;  1 drivers
v0x55b63d911ae0_0 .net "ex_mem_b", 0 0, L_0x55b63d935870;  1 drivers
v0x55b63d911ba0_0 .net "fn", 5 0, L_0x55b63d92b240;  1 drivers
v0x55b63d911c80_0 .net "fwd_alu_a", 31 0, L_0x55b63d93d8c0;  1 drivers
v0x55b63d911d60_0 .net "fwd_alu_b", 31 0, L_0x55b63d93e330;  1 drivers
v0x55b63d911e40_0 .net "fwd_ex_sel_a", 1 0, L_0x55b63d938e80;  1 drivers
v0x55b63d911f20_0 .var "fwd_ex_sel_a2", 1 0;
v0x55b63d912000_0 .net "fwd_ex_sel_b", 1 0, L_0x55b63d939410;  1 drivers
v0x55b63d9120e0_0 .var "fwd_ex_sel_b2", 1 0;
v0x55b63d9121c0_0 .net "fwd_id_sel_a", 0 0, L_0x55b63d937ad0;  1 drivers
v0x55b63d912280_0 .net "fwd_id_sel_b", 0 0, L_0x55b63d9381f0;  1 drivers
v0x55b63d912340_0 .net "fwd_reg_a", 31 0, L_0x55b63d939e40;  1 drivers
v0x55b63d912420_0 .net "fwd_reg_b", 31 0, L_0x55b63d93a000;  1 drivers
v0x55b63d912500_0 .net "halt", 0 0, L_0x55b63d92e540;  alias, 1 drivers
v0x55b63d9125c0_0 .net "i_add", 0 0, L_0x55b63d92bd30;  1 drivers
v0x55b63d912680_0 .net "i_brn", 0 0, L_0x55b63d92b740;  1 drivers
v0x55b63d912740_0 .net "i_comp", 0 0, L_0x55b63d92c3a0;  1 drivers
v0x55b63d912800_0 .net "i_j", 0 0, L_0x55b63d92b460;  1 drivers
v0x55b63d9128c0_0 .net "i_jal", 0 0, L_0x55b63d92b550;  1 drivers
v0x55b63d912980_0 .net "i_jr", 0 0, L_0x55b63d92de10;  1 drivers
v0x55b63d912a40_0 .net "i_logic", 0 0, L_0x55b63d92ce30;  1 drivers
v0x55b63d912b00_0 .net "i_lui", 0 0, L_0x55b63d92cef0;  1 drivers
v0x55b63d912bc0_0 .net "i_lw", 0 0, L_0x55b63d92d0c0;  1 drivers
v0x55b63d912c80_0 .net "i_rfmt", 0 0, L_0x55b63d92b370;  1 drivers
v0x55b63d912d40_0 .net "i_shift", 0 0, L_0x55b63d92db50;  1 drivers
v0x55b63d912e00_0 .net "i_sub", 0 0, L_0x55b63d92dfd0;  1 drivers
v0x55b63d912ec0_0 .net "i_sw", 0 0, L_0x55b63d92d1b0;  1 drivers
v0x55b63d912f80_0 .net "i_syscall", 0 0, L_0x55b63d92e0f0;  1 drivers
v0x55b63d913040_0 .net "id_ex", 0 0, L_0x55b63d935a70;  1 drivers
v0x55b63d913100_0 .net "id_ex_a", 0 0, L_0x55b63d9342c0;  1 drivers
v0x55b63d9131c0_0 .net "id_ex_b", 0 0, L_0x55b63d9349f0;  1 drivers
v0x55b63d913280_0 .net "imm_val", 31 0, L_0x55b63d9307d0;  1 drivers
v0x55b63d913360_0 .var "imm_val2", 31 0;
v0x55b63d913440_0 .net "inst", 31 0, L_0x55b63d92aef0;  1 drivers
v0x55b63d913520_0 .var "inst1", 31 0;
v0x55b63d913600_0 .var "nop1", 0 0;
v0x55b63d9136c0_0 .net "op", 5 0, L_0x55b63d92b100;  1 drivers
v0x55b63d9137a0_0 .net "op_sel", 1 0, L_0x55b63d93b960;  1 drivers
v0x55b63d913880_0 .var "op_sel2", 1 0;
v0x55b63d913960_0 .var "pc0", 31 0;
v0x55b63d913a40_0 .var "pc1", 31 0;
v0x55b63d913b20_0 .var "pc2", 31 0;
v0x55b63d913c00_0 .net "pc_brn", 31 0, L_0x55b63d9328b0;  1 drivers
v0x55b63d913ce0_0 .net "pc_din", 31 0, L_0x55b63d9339c0;  1 drivers
v0x55b63d913dc0_0 .net "pc_din0", 31 0, L_0x55b63d9330d0;  1 drivers
v0x55b63d913ea0_0 .net "pc_din1", 31 0, L_0x55b63d933540;  1 drivers
v0x55b63d913f80_0 .net "pc_jump", 31 0, L_0x55b63d931fd0;  1 drivers
v0x55b63d914060_0 .net "pc_next", 31 0, L_0x55b63d931990;  1 drivers
v0x55b63d914140_0 .net "pc_reg", 31 0, L_0x55b63d932160;  1 drivers
v0x55b63d914220_0 .net "pc_sel", 1 0, L_0x55b63d932ba0;  1 drivers
v0x55b63d914300_0 .net "ram_cs", 0 0, L_0x55b63d949220;  1 drivers
v0x55b63d9143c0 .array "ram_data", 8191 0, 31 0;
v0x55b63d914480_0 .var "ram_din3", 31 0;
v0x55b63d914560_0 .net "ram_dout", 31 0, L_0x55b63d948b40;  1 drivers
v0x55b63d914640_0 .var "ram_dout4", 31 0;
v0x55b63d914720_0 .net "ram_hzd", 0 0, L_0x55b63d936130;  1 drivers
v0x55b63d9147e0_0 .net "ram_rd", 0 0, L_0x55b63d93c070;  1 drivers
v0x55b63d9148a0_0 .var "ram_rd2", 0 0;
v0x55b63d914960_0 .var "ram_rd3", 0 0;
v0x55b63d914a20_0 .var "ram_rd4", 0 0;
v0x55b63d914ae0_0 .net "ram_wr", 0 0, L_0x55b63d93c0e0;  1 drivers
v0x55b63d914ba0_0 .var "ram_wr2", 0 0;
v0x55b63d914c60_0 .var "ram_wr3", 0 0;
v0x55b63d914d20_0 .net "rd", 0 0, L_0x55b63d9483b0;  1 drivers
v0x55b63d914de0_0 .net "reg_a", 31 0, L_0x55b63d92fa00;  1 drivers
v0x55b63d914ec0_0 .var "reg_a2", 31 0;
v0x55b63d914fa0_0 .net "reg_b", 31 0, L_0x55b63d9303a0;  1 drivers
v0x55b63d915080_0 .var "reg_b2", 31 0;
v0x55b63d915160_0 .net "reg_din", 31 0, L_0x55b63d949920;  alias, 1 drivers
v0x55b63d915240 .array "reg_file", 31 0, 31 0;
v0x55b63d915300_0 .net "reg_wr", 0 0, L_0x55b63d93d1b0;  1 drivers
v0x55b63d9153c0_0 .var "reg_wr2", 0 0;
v0x55b63d915480_0 .var "reg_wr3", 0 0;
v0x55b63d915540_0 .var "reg_wr4", 0 0;
v0x55b63d915600_0 .net "rom_cs", 0 0, L_0x55b63d92ac60;  1 drivers
v0x55b63d9156c0_0 .net "rom_data", 31 0, v0x55b63d8ef070_0;  1 drivers
v0x55b63d915780_0 .net "rst", 0 0, v0x55b63d918c40_0;  1 drivers
v0x55b63d915820_0 .net "sgn_a", 0 0, L_0x55b63d946120;  1 drivers
v0x55b63d9158e0_0 .net "sgn_b", 0 0, L_0x55b63d945ce0;  1 drivers
v0x55b63d9159a0_0 .net "si", 0 0, L_0x55b63d93fbd0;  1 drivers
v0x55b63d915a60_0 .net "sl0", 31 0, L_0x55b63d9406a0;  1 drivers
v0x55b63d915b40_0 .net "sl1", 31 0, L_0x55b63d941200;  1 drivers
v0x55b63d915c20_0 .net "sl2", 31 0, L_0x55b63d941d60;  1 drivers
v0x55b63d915d00_0 .net "sl3", 31 0, L_0x55b63d942900;  1 drivers
v0x55b63d915de0_0 .net "sr0", 31 0, L_0x55b63d9442b0;  1 drivers
v0x55b63d915ec0_0 .net "sr1", 31 0, L_0x55b63d944530;  1 drivers
v0x55b63d915fa0_0 .net "sr2", 31 0, L_0x55b63d944a90;  1 drivers
v0x55b63d916080_0 .net "sr3", 31 0, L_0x55b63d944ff0;  1 drivers
v0x55b63d916160_0 .net "src_a", 4 0, L_0x55b63d92e600;  1 drivers
v0x55b63d916240_0 .net "src_b", 4 0, L_0x55b63d92ea60;  1 drivers
v0x55b63d916320_0 .net "src_sel_b", 0 0, L_0x55b63d93bd80;  1 drivers
v0x55b63d9163e0_0 .var "src_sel_b2", 0 0;
v0x55b63d9164a0_0 .net "wr", 0 0, L_0x55b63d948470;  1 drivers
v0x55b63d916560_0 .net "xor_nor", 31 0, L_0x55b63d947390;  1 drivers
E_0x55b63d82a100 .event negedge, v0x55b63d90fb50_0;
E_0x55b63d8634b0/0 .event negedge, v0x55b63d915780_0;
E_0x55b63d8634b0/1 .event posedge, v0x55b63d90fb50_0;
E_0x55b63d8634b0 .event/or E_0x55b63d8634b0/0, E_0x55b63d8634b0/1;
E_0x55b63d8135d0 .event posedge, v0x55b63d90fb50_0;
L_0x55b63d919f50 .part v0x55b63d913960_0, 11, 21;
L_0x55b63d92ac60 .cmp/eq 21, L_0x55b63d919f50, L_0x7f58ff7bb0f0;
L_0x55b63d92add0 .part v0x55b63d913960_0, 2, 9;
L_0x55b63d92aef0 .functor MUXZ 32, L_0x7f58ff7bb138, v0x55b63d8ef070_0, L_0x55b63d92ac60, C4<>;
L_0x55b63d92b100 .part v0x55b63d913520_0, 26, 6;
L_0x55b63d92b240 .part v0x55b63d913520_0, 0, 6;
L_0x55b63d92b370 .cmp/eq 6, L_0x55b63d92b100, L_0x7f58ff7bb180;
L_0x55b63d92b460 .cmp/eq 6, L_0x55b63d92b100, L_0x7f58ff7bb1c8;
L_0x55b63d92b550 .cmp/eq 6, L_0x55b63d92b100, L_0x7f58ff7bb210;
L_0x55b63d92b640 .part L_0x55b63d92b100, 1, 5;
L_0x55b63d92b740 .cmp/eq 5, L_0x55b63d92b640, L_0x7f58ff7bb258;
L_0x55b63d92b7e0 .part L_0x55b63d92b100, 1, 5;
L_0x55b63d92b8f0 .cmp/eq 5, L_0x55b63d92b7e0, L_0x7f58ff7bb2a0;
L_0x55b63d92ba30 .part L_0x55b63d92b240, 1, 5;
L_0x55b63d92bb50 .cmp/eq 5, L_0x55b63d92ba30, L_0x7f58ff7bb2e8;
L_0x55b63d92be40 .part L_0x55b63d92b100, 1, 5;
L_0x55b63d92bf70 .cmp/eq 5, L_0x55b63d92be40, L_0x7f58ff7bb330;
L_0x55b63d92c0b0 .part L_0x55b63d92b240, 1, 5;
L_0x55b63d92c1f0 .cmp/eq 5, L_0x55b63d92c0b0, L_0x7f58ff7bb378;
L_0x55b63d92c4e0 .part L_0x55b63d92b100, 2, 4;
L_0x55b63d92c150 .cmp/eq 4, L_0x55b63d92c4e0, L_0x7f58ff7bb3c0;
L_0x55b63d92c6d0 .part L_0x55b63d92b100, 0, 2;
L_0x55b63d92c830 .cmp/ne 2, L_0x55b63d92c6d0, L_0x7f58ff7bb408;
L_0x55b63d92ca80 .part L_0x55b63d92b240, 2, 4;
L_0x55b63d92cbf0 .cmp/eq 4, L_0x55b63d92ca80, L_0x7f58ff7bb450;
L_0x55b63d92cef0 .cmp/eq 6, L_0x55b63d92b100, L_0x7f58ff7bb498;
L_0x55b63d92d0c0 .cmp/eq 6, L_0x55b63d92b100, L_0x7f58ff7bb4e0;
L_0x55b63d92d1b0 .cmp/eq 6, L_0x55b63d92b100, L_0x7f58ff7bb528;
L_0x55b63d92d390 .part L_0x55b63d92b240, 2, 4;
L_0x55b63d92d460 .cmp/eq 4, L_0x55b63d92d390, L_0x7f58ff7bb570;
L_0x55b63d92d6d0 .part L_0x55b63d92b240, 0, 2;
L_0x55b63d92d770 .cmp/ne 2, L_0x55b63d92d6d0, L_0x7f58ff7bb5b8;
L_0x55b63d92dc10 .cmp/eq 6, L_0x55b63d92b240, L_0x7f58ff7bb600;
L_0x55b63d92df30 .cmp/eq 6, L_0x55b63d92b240, L_0x7f58ff7bb648;
L_0x55b63d92e160 .part L_0x55b63d92b240, 1, 5;
L_0x55b63d92e230 .cmp/eq 5, L_0x55b63d92e160, L_0x7f58ff7bb690;
L_0x55b63d92e600 .part v0x55b63d913520_0, 21, 5;
L_0x55b63d92e880 .part v0x55b63d913520_0, 16, 5;
L_0x55b63d92ea60 .functor MUXZ 5, L_0x7f58ff7bb6d8, L_0x55b63d92e880, L_0x55b63d92e4d0, C4<>;
L_0x55b63d92ec40 .part v0x55b63d913520_0, 11, 5;
L_0x55b63d92ee30 .part v0x55b63d913520_0, 16, 5;
L_0x55b63d92eed0 .functor MUXZ 5, L_0x7f58ff7bb768, L_0x55b63d92ee30, L_0x55b63d93d1b0, C4<>;
L_0x55b63d92f170 .functor MUXZ 5, L_0x55b63d92eed0, L_0x55b63d92ec40, L_0x55b63d92b370, C4<>;
L_0x55b63d92f2b0 .functor MUXZ 5, L_0x55b63d92f170, L_0x7f58ff7bb720, L_0x55b63d92b550, C4<>;
L_0x55b63d92f600 .cmp/eq 5, L_0x55b63d92e600, L_0x7f58ff7bb7b0;
L_0x55b63d92f6f0 .array/port v0x55b63d915240, L_0x55b63d92f910;
L_0x55b63d92f910 .concat [ 5 2 0 0], L_0x55b63d92e600, L_0x7f58ff7bb840;
L_0x55b63d92fa00 .functor MUXZ 32, L_0x55b63d92f6f0, L_0x7f58ff7bb7f8, L_0x55b63d92f600, C4<>;
L_0x55b63d92fd70 .cmp/eq 5, L_0x55b63d92ea60, L_0x7f58ff7bb888;
L_0x55b63d92fe60 .array/port v0x55b63d915240, L_0x55b63d9300a0;
L_0x55b63d9300a0 .concat [ 5 2 0 0], L_0x55b63d92ea60, L_0x7f58ff7bb918;
L_0x55b63d9303a0 .functor MUXZ 32, L_0x55b63d92fe60, L_0x7f58ff7bb8d0, L_0x55b63d92fd70, C4<>;
L_0x55b63d930730 .part v0x55b63d913520_0, 0, 16;
L_0x55b63d9307d0 .concat8 [ 16 16 0 0], L_0x55b63d930730, L_0x55b63d9311e0;
L_0x55b63d930ad0 .part v0x55b63d913520_0, 15, 1;
LS_0x55b63d930b70_0_0 .concat [ 1 1 1 1], L_0x55b63d930ad0, L_0x55b63d930ad0, L_0x55b63d930ad0, L_0x55b63d930ad0;
LS_0x55b63d930b70_0_4 .concat [ 1 1 1 1], L_0x55b63d930ad0, L_0x55b63d930ad0, L_0x55b63d930ad0, L_0x55b63d930ad0;
LS_0x55b63d930b70_0_8 .concat [ 1 1 1 1], L_0x55b63d930ad0, L_0x55b63d930ad0, L_0x55b63d930ad0, L_0x55b63d930ad0;
LS_0x55b63d930b70_0_12 .concat [ 1 1 1 1], L_0x55b63d930ad0, L_0x55b63d930ad0, L_0x55b63d930ad0, L_0x55b63d930ad0;
L_0x55b63d930b70 .concat [ 4 4 4 4], LS_0x55b63d930b70_0_0, LS_0x55b63d930b70_0_4, LS_0x55b63d930b70_0_8, LS_0x55b63d930b70_0_12;
L_0x55b63d9311e0 .functor MUXZ 16, L_0x55b63d930b70, L_0x7f58ff7bb960, L_0x55b63d92ce30, C4<>;
L_0x55b63d931370 .part L_0x55b63d92b100, 0, 1;
L_0x55b63d9315f0 .cmp/eq 32, L_0x55b63d939e40, L_0x55b63d93a000;
L_0x55b63d931990 .arith/sum 32, v0x55b63d913960_0, L_0x7f58ff7bb9a8;
L_0x55b63d931c90 .part v0x55b63d913960_0, 28, 4;
L_0x55b63d931d30 .part v0x55b63d913520_0, 0, 26;
L_0x55b63d931fd0 .concat [ 2 26 4 0], L_0x7f58ff7bb9f0, L_0x55b63d931d30, L_0x55b63d931c90;
L_0x55b63d932160 .functor MUXZ 32, L_0x55b63d92fa00, v0x55b63d90f490_0, L_0x55b63d937ad0, C4<>;
L_0x55b63d9324b0 .part L_0x55b63d9307d0, 0, 30;
L_0x55b63d932550 .concat [ 2 30 0 0], L_0x7f58ff7bba38, L_0x55b63d9324b0;
L_0x55b63d9328b0 .arith/sum 32, v0x55b63d913960_0, L_0x55b63d932550;
L_0x55b63d932ba0 .concat8 [ 1 1 0 0], L_0x55b63d932ae0, L_0x55b63d932ec0;
L_0x55b63d932a40 .part L_0x55b63d932ba0, 0, 1;
L_0x55b63d9330d0 .functor MUXZ 32, L_0x55b63d931990, L_0x55b63d931fd0, L_0x55b63d932a40, C4<>;
L_0x55b63d9334a0 .part L_0x55b63d932ba0, 0, 1;
L_0x55b63d933540 .functor MUXZ 32, L_0x55b63d932160, L_0x55b63d9328b0, L_0x55b63d9334a0, C4<>;
L_0x55b63d933920 .part L_0x55b63d932ba0, 1, 1;
L_0x55b63d9339c0 .functor MUXZ 32, L_0x55b63d9330d0, L_0x55b63d933540, L_0x55b63d933920, C4<>;
L_0x55b63d933db0 .cmp/ne 5, v0x55b63d9112c0_0, L_0x7f58ff7bba80;
L_0x55b63d933fb0 .cmp/eq 5, v0x55b63d9112c0_0, L_0x55b63d92e600;
L_0x55b63d934490 .cmp/ne 5, v0x55b63d9112c0_0, L_0x7f58ff7bbac8;
L_0x55b63d9346d0 .cmp/eq 5, v0x55b63d9112c0_0, L_0x55b63d92ea60;
L_0x55b63d934bd0 .cmp/ne 5, v0x55b63d9113a0_0, L_0x7f58ff7bbb10;
L_0x55b63d934dd0 .cmp/eq 5, v0x55b63d9113a0_0, L_0x55b63d92e600;
L_0x55b63d9352f0 .cmp/ne 5, v0x55b63d9113a0_0, L_0x7f58ff7bbb58;
L_0x55b63d935530 .cmp/eq 5, v0x55b63d9113a0_0, L_0x55b63d92ea60;
L_0x55b63d938e80 .concat8 [ 1 1 0 0], L_0x55b63d9387e0, L_0x55b63d939300;
L_0x55b63d939410 .concat8 [ 1 1 0 0], L_0x55b63d938bc0, L_0x55b63d939b00;
L_0x55b63d939e40 .functor MUXZ 32, L_0x55b63d92fa00, v0x55b63d90f490_0, L_0x55b63d937ad0, C4<>;
L_0x55b63d93a000 .functor MUXZ 32, L_0x55b63d9303a0, v0x55b63d90f490_0, L_0x55b63d9381f0, C4<>;
L_0x55b63d93b020 .concat8 [ 1 1 1 0], L_0x55b63d93ab80, L_0x55b63d93af60, L_0x55b63d93b440;
L_0x55b63d93b550 .part L_0x55b63d92b240, 0, 2;
L_0x55b63d93b8c0 .part L_0x55b63d92b100, 0, 2;
L_0x55b63d93b960 .functor MUXZ 2, L_0x55b63d93b8c0, L_0x55b63d93b550, L_0x55b63d92b370, C4<>;
L_0x55b63d93d300 .part v0x55b63d911f20_0, 0, 1;
L_0x55b63d93d3a0 .part v0x55b63d911f20_0, 1, 1;
L_0x55b63d93d730 .functor MUXZ 32, v0x55b63d914ec0_0, L_0x55b63d949920, L_0x55b63d93d3a0, C4<>;
L_0x55b63d93d8c0 .functor MUXZ 32, L_0x55b63d93d730, v0x55b63d90f490_0, L_0x55b63d93d300, C4<>;
L_0x55b63d93dd50 .part v0x55b63d9120e0_0, 0, 1;
L_0x55b63d93ddf0 .part v0x55b63d9120e0_0, 1, 1;
L_0x55b63d93e1f0 .functor MUXZ 32, v0x55b63d915080_0, L_0x55b63d949920, L_0x55b63d93ddf0, C4<>;
L_0x55b63d93e330 .functor MUXZ 32, L_0x55b63d93e1f0, v0x55b63d90f490_0, L_0x55b63d93dd50, C4<>;
L_0x55b63d93eb70 .functor MUXZ 32, v0x55b63d913360_0, L_0x55b63d93e330, v0x55b63d9163e0_0, C4<>;
L_0x55b63d93ed70 .part v0x55b63d913360_0, 0, 16;
L_0x55b63d93f140 .concat [ 16 16 0 0], L_0x7f58ff7bbba0, L_0x55b63d93ed70;
L_0x55b63d93f280 .part v0x55b63d913360_0, 6, 5;
L_0x55b63d93f740 .part v0x55b63d913880_0, 0, 1;
L_0x55b63d93f7e0 .part L_0x55b63d93eb70, 31, 1;
L_0x55b63d93fbd0 .functor MUXZ 1, L_0x7f58ff7bbbe8, L_0x55b63d93f7e0, L_0x55b63d93f740, C4<>;
L_0x55b63d93fd10 .part L_0x55b63d93f280, 0, 1;
L_0x55b63d940110 .part L_0x55b63d93eb70, 0, 31;
L_0x55b63d940240 .concat [ 1 31 0 0], L_0x7f58ff7bbc30, L_0x55b63d940110;
L_0x55b63d9406a0 .functor MUXZ 32, L_0x55b63d93eb70, L_0x55b63d940240, L_0x55b63d93fd10, C4<>;
L_0x55b63d9407e0 .part L_0x55b63d93f280, 1, 1;
L_0x55b63d940c90 .part L_0x55b63d9406a0, 0, 30;
L_0x55b63d940d30 .concat [ 2 30 0 0], L_0x7f58ff7bbc78, L_0x55b63d940c90;
L_0x55b63d941200 .functor MUXZ 32, L_0x55b63d9406a0, L_0x55b63d940d30, L_0x55b63d9407e0, C4<>;
L_0x55b63d941340 .part L_0x55b63d93f280, 2, 1;
L_0x55b63d941780 .part L_0x55b63d941200, 0, 28;
L_0x55b63d941870 .concat [ 4 28 0 0], L_0x7f58ff7bbcc0, L_0x55b63d941780;
L_0x55b63d941d60 .functor MUXZ 32, L_0x55b63d941200, L_0x55b63d941870, L_0x55b63d941340, C4<>;
L_0x55b63d941ea0 .part L_0x55b63d93f280, 3, 1;
L_0x55b63d942300 .part L_0x55b63d941d60, 0, 24;
L_0x55b63d9423f0 .concat [ 8 24 0 0], L_0x7f58ff7bbd08, L_0x55b63d942300;
L_0x55b63d942900 .functor MUXZ 32, L_0x55b63d941d60, L_0x55b63d9423f0, L_0x55b63d941ea0, C4<>;
L_0x55b63d942a40 .part L_0x55b63d93f280, 4, 1;
L_0x55b63d942ec0 .part L_0x55b63d942900, 0, 16;
L_0x55b63d942fb0 .concat [ 16 16 0 0], L_0x7f58ff7bbd50, L_0x55b63d942ec0;
L_0x55b63d9434e0 .functor MUXZ 32, L_0x55b63d942900, L_0x55b63d942fb0, L_0x55b63d942a40, C4<>;
L_0x55b63d943620 .part L_0x55b63d93f280, 0, 1;
L_0x55b63d943bd0 .concat [ 1 0 0 0], L_0x55b63d93fbd0;
L_0x55b63d943cc0 .part L_0x55b63d93eb70, 1, 31;
L_0x55b63d944170 .concat [ 31 1 0 0], L_0x55b63d943cc0, L_0x55b63d943bd0;
L_0x55b63d9442b0 .functor MUXZ 32, L_0x55b63d93eb70, L_0x55b63d944170, L_0x55b63d943620, C4<>;
L_0x55b63d944810 .part L_0x55b63d93f280, 1, 1;
L_0x55b63d9448b0 .concat [ 1 1 0 0], L_0x55b63d93fbd0, L_0x55b63d93fbd0;
L_0x55b63d944350 .part L_0x55b63d9442b0, 2, 30;
L_0x55b63d9443f0 .concat [ 30 2 0 0], L_0x55b63d944350, L_0x55b63d9448b0;
L_0x55b63d944530 .functor MUXZ 32, L_0x55b63d9442b0, L_0x55b63d9443f0, L_0x55b63d944810, C4<>;
L_0x55b63d944670 .part L_0x55b63d93f280, 2, 1;
L_0x55b63d944da0 .concat [ 1 1 1 1], L_0x55b63d93fbd0, L_0x55b63d93fbd0, L_0x55b63d93fbd0, L_0x55b63d93fbd0;
L_0x55b63d944f50 .part L_0x55b63d944530, 4, 28;
L_0x55b63d944950 .concat [ 28 4 0 0], L_0x55b63d944f50, L_0x55b63d944da0;
L_0x55b63d944a90 .functor MUXZ 32, L_0x55b63d944530, L_0x55b63d944950, L_0x55b63d944670, C4<>;
L_0x55b63d944bd0 .part L_0x55b63d93f280, 3, 1;
LS_0x55b63d944c70_0_0 .concat [ 1 1 1 1], L_0x55b63d93fbd0, L_0x55b63d93fbd0, L_0x55b63d93fbd0, L_0x55b63d93fbd0;
LS_0x55b63d944c70_0_4 .concat [ 1 1 1 1], L_0x55b63d93fbd0, L_0x55b63d93fbd0, L_0x55b63d93fbd0, L_0x55b63d93fbd0;
L_0x55b63d944c70 .concat [ 4 4 0 0], LS_0x55b63d944c70_0_0, LS_0x55b63d944c70_0_4;
L_0x55b63d945470 .part L_0x55b63d944a90, 8, 24;
L_0x55b63d945560 .concat [ 24 8 0 0], L_0x55b63d945470, L_0x55b63d944c70;
L_0x55b63d944ff0 .functor MUXZ 32, L_0x55b63d944a90, L_0x55b63d945560, L_0x55b63d944bd0, C4<>;
L_0x55b63d945130 .part L_0x55b63d93f280, 4, 1;
LS_0x55b63d9451d0_0_0 .concat [ 1 1 1 1], L_0x55b63d93fbd0, L_0x55b63d93fbd0, L_0x55b63d93fbd0, L_0x55b63d93fbd0;
LS_0x55b63d9451d0_0_4 .concat [ 1 1 1 1], L_0x55b63d93fbd0, L_0x55b63d93fbd0, L_0x55b63d93fbd0, L_0x55b63d93fbd0;
LS_0x55b63d9451d0_0_8 .concat [ 1 1 1 1], L_0x55b63d93fbd0, L_0x55b63d93fbd0, L_0x55b63d93fbd0, L_0x55b63d93fbd0;
LS_0x55b63d9451d0_0_12 .concat [ 1 1 1 1], L_0x55b63d93fbd0, L_0x55b63d93fbd0, L_0x55b63d93fbd0, L_0x55b63d93fbd0;
L_0x55b63d9451d0 .concat [ 4 4 4 4], LS_0x55b63d9451d0_0_0, LS_0x55b63d9451d0_0_4, LS_0x55b63d9451d0_0_8, LS_0x55b63d9451d0_0_12;
L_0x55b63d945270 .part L_0x55b63d944ff0, 16, 16;
L_0x55b63d945360 .concat [ 16 16 0 0], L_0x55b63d945270, L_0x55b63d9451d0;
L_0x55b63d945ba0 .functor MUXZ 32, L_0x55b63d944ff0, L_0x55b63d945360, L_0x55b63d945130, C4<>;
L_0x55b63d945740 .part v0x55b63d913880_0, 1, 1;
L_0x55b63d945830 .functor MUXZ 32, L_0x55b63d9434e0, L_0x55b63d945ba0, L_0x55b63d945740, C4<>;
L_0x55b63d9459c0 .part v0x55b63d913880_0, 0, 1;
L_0x55b63d945a60 .part L_0x55b63d93e7e0, 31, 1;
L_0x55b63d946120 .functor MUXZ 1, L_0x55b63d945a60, L_0x7f58ff7bbd98, L_0x55b63d9459c0, C4<>;
L_0x55b63d946260 .part v0x55b63d913880_0, 0, 1;
L_0x55b63d945c40 .part L_0x55b63d93eb70, 31, 1;
L_0x55b63d945ce0 .functor MUXZ 1, L_0x55b63d945c40, L_0x7f58ff7bbde0, L_0x55b63d946260, C4<>;
L_0x55b63d945e20 .concat [ 32 1 0 0], L_0x55b63d93e7e0, L_0x55b63d946120;
L_0x55b63d945ec0 .concat [ 32 1 0 0], L_0x55b63d93eb70, L_0x55b63d945ce0;
L_0x55b63d945fb0 .arith/sum 33, L_0x55b63d945e20, L_0x55b63d945ec0;
L_0x55b63d9468f0 .concat [ 32 1 0 0], L_0x55b63d93e7e0, L_0x55b63d946120;
L_0x55b63d946390 .concat [ 32 1 0 0], L_0x55b63d93eb70, L_0x55b63d945ce0;
L_0x55b63d946430 .arith/sub 33, L_0x55b63d9468f0, L_0x55b63d946390;
L_0x55b63d946570 .part v0x55b63d913880_0, 1, 1;
L_0x55b63d9471b0 .part L_0x55b63d945fb0, 0, 32;
L_0x55b63d946990 .part L_0x55b63d946430, 0, 32;
L_0x55b63d946a80 .functor MUXZ 32, L_0x55b63d946990, L_0x55b63d9471b0, L_0x55b63d946770, C4<>;
L_0x55b63d947e20 .part v0x55b63d913880_0, 0, 1;
L_0x55b63d947ec0 .functor MUXZ 32, L_0x55b63d946c10, L_0x55b63d946c80, L_0x55b63d947e20, C4<>;
L_0x55b63d9472f0 .part v0x55b63d913880_0, 0, 1;
L_0x55b63d947390 .functor MUXZ 32, L_0x55b63d946cf0, L_0x55b63d947aa0, L_0x55b63d9472f0, C4<>;
L_0x55b63d947520 .part v0x55b63d913880_0, 1, 1;
L_0x55b63d9476d0 .functor MUXZ 32, L_0x55b63d947ec0, L_0x55b63d947390, L_0x55b63d947520, C4<>;
L_0x55b63d9485d0 .part L_0x55b63d946430, 32, 1;
L_0x55b63d948670 .concat [ 1 31 0 0], L_0x55b63d9485d0, L_0x7f58ff7bbe28;
L_0x55b63d949070 .part v0x55b63d90f490_0, 15, 17;
L_0x55b63d949220 .cmp/eq 17, L_0x55b63d949070, L_0x7f58ff7bbe70;
L_0x55b63d948870 .array/port v0x55b63d9143c0, L_0x55b63d9489b0;
L_0x55b63d948910 .part v0x55b63d90f490_0, 2, 13;
L_0x55b63d9489b0 .concat [ 13 2 0 0], L_0x55b63d948910, L_0x7f58ff7bbeb8;
L_0x55b63d948b40 .functor MUXZ 32, L_0x7f58ff7bbf00, L_0x55b63d948870, L_0x55b63d9487b0, C4<>;
L_0x55b63d949920 .functor MUXZ 32, v0x55b63d90f570_0, v0x55b63d914640_0, v0x55b63d914a20_0, C4<>;
S_0x55b63d88f680 .scope module, "rom" "rom" 3 94, 4 2 0, S_0x55b63d88f2d0;
 .timescale -9 -9;
    .port_info 0 /INPUT 9 "adrs";
    .port_info 1 /OUTPUT 32 "dout";
v0x55b63d8ee5b0_0 .net "adrs", 8 0, L_0x55b63d92add0;  1 drivers
v0x55b63d8ef070_0 .var "dout", 31 0;
E_0x55b63d8f5cd0 .event edge, v0x55b63d8ee5b0_0;
    .scope S_0x55b63d88f680;
T_0 ;
    %wait E_0x55b63d8f5cd0;
    %load/vec4 v0x55b63d8ee5b0_0;
    %dup/vec4;
    %pushi/vec4 0, 0, 9;
    %cmp/u;
    %jmp/1 T_0.0, 6;
    %dup/vec4;
    %pushi/vec4 1, 0, 9;
    %cmp/u;
    %jmp/1 T_0.1, 6;
    %dup/vec4;
    %pushi/vec4 2, 0, 9;
    %cmp/u;
    %jmp/1 T_0.2, 6;
    %dup/vec4;
    %pushi/vec4 3, 0, 9;
    %cmp/u;
    %jmp/1 T_0.3, 6;
    %dup/vec4;
    %pushi/vec4 4, 0, 9;
    %cmp/u;
    %jmp/1 T_0.4, 6;
    %dup/vec4;
    %pushi/vec4 5, 0, 9;
    %cmp/u;
    %jmp/1 T_0.5, 6;
    %dup/vec4;
    %pushi/vec4 6, 0, 9;
    %cmp/u;
    %jmp/1 T_0.6, 6;
    %dup/vec4;
    %pushi/vec4 7, 0, 9;
    %cmp/u;
    %jmp/1 T_0.7, 6;
    %dup/vec4;
    %pushi/vec4 8, 0, 9;
    %cmp/u;
    %jmp/1 T_0.8, 6;
    %dup/vec4;
    %pushi/vec4 9, 0, 9;
    %cmp/u;
    %jmp/1 T_0.9, 6;
    %pushi/vec4 0, 0, 32;
    %assign/vec4 v0x55b63d8ef070_0, 0;
    %jmp T_0.11;
T_0.0 ;
    %pushi/vec4 537919493, 0, 32;
    %assign/vec4 v0x55b63d8ef070_0, 0;
    %jmp T_0.11;
T_0.1 ;
    %pushi/vec4 571539459, 0, 32;
    %assign/vec4 v0x55b63d8ef070_0, 0;
    %jmp T_0.11;
T_0.2 ;
    %pushi/vec4 370212867, 0, 32;
    %assign/vec4 v0x55b63d8ef070_0, 0;
    %jmp T_0.11;
T_0.3 ;
    %pushi/vec4 0, 0, 32;
    %assign/vec4 v0x55b63d8ef070_0, 0;
    %jmp T_0.11;
T_0.4 ;
    %pushi/vec4 571539455, 0, 32;
    %assign/vec4 v0x55b63d8ef070_0, 0;
    %jmp T_0.11;
T_0.5 ;
    %pushi/vec4 135266311, 0, 32;
    %assign/vec4 v0x55b63d8ef070_0, 0;
    %jmp T_0.11;
T_0.6 ;
    %pushi/vec4 571473921, 0, 32;
    %assign/vec4 v0x55b63d8ef070_0, 0;
    %jmp T_0.11;
T_0.7 ;
    %pushi/vec4 36802592, 0, 32;
    %assign/vec4 v0x55b63d8ef070_0, 0;
    %jmp T_0.11;
T_0.8 ;
    %pushi/vec4 604110858, 0, 32;
    %assign/vec4 v0x55b63d8ef070_0, 0;
    %jmp T_0.11;
T_0.9 ;
    %pushi/vec4 12, 0, 32;
    %assign/vec4 v0x55b63d8ef070_0, 0;
    %jmp T_0.11;
T_0.11 ;
    %pop/vec4 1;
    %jmp T_0;
    .thread T_0, $push;
    .scope S_0x55b63d88f2d0;
T_1 ;
    %wait E_0x55b63d8634b0;
    %load/vec4 v0x55b63d915780_0;
    %cmpi/e 0, 0, 1;
    %jmp/0xz  T_1.0, 4;
    %pushi/vec4 4194304, 0, 32;
    %assign/vec4 v0x55b63d913960_0, 0;
    %jmp T_1.1;
T_1.0 ;
    %load/vec4 v0x55b63d90ff70_0;
    %inv;
    %flag_set/vec4 8;
    %jmp/0xz  T_1.2, 8;
    %load/vec4 v0x55b63d913ce0_0;
    %assign/vec4 v0x55b63d913960_0, 0;
T_1.2 ;
T_1.1 ;
    %jmp T_1;
    .thread T_1;
    .scope S_0x55b63d88f2d0;
T_2 ;
    %wait E_0x55b63d8634b0;
    %load/vec4 v0x55b63d915780_0;
    %cmpi/e 0, 0, 1;
    %jmp/0xz  T_2.0, 4;
    %pushi/vec4 0, 0, 32;
    %assign/vec4 v0x55b63d913520_0, 0;
    %jmp T_2.1;
T_2.0 ;
    %load/vec4 v0x55b63d90ff70_0;
    %inv;
    %flag_set/vec4 8;
    %jmp/0xz  T_2.2, 8;
    %load/vec4 v0x55b63d90fc10_0;
    %flag_set/vec4 8;
    %jmp/0xz  T_2.4, 8;
    %pushi/vec4 0, 0, 32;
    %assign/vec4 v0x55b63d913520_0, 0;
    %jmp T_2.5;
T_2.4 ;
    %load/vec4 v0x55b63d913440_0;
    %assign/vec4 v0x55b63d913520_0, 0;
T_2.5 ;
T_2.2 ;
T_2.1 ;
    %jmp T_2;
    .thread T_2;
    .scope S_0x55b63d88f2d0;
T_3 ;
    %wait E_0x55b63d8634b0;
    %load/vec4 v0x55b63d915780_0;
    %cmpi/e 0, 0, 1;
    %jmp/0xz  T_3.0, 4;
    %pushi/vec4 1, 0, 1;
    %assign/vec4 v0x55b63d913600_0, 0;
    %jmp T_3.1;
T_3.0 ;
    %pushi/vec4 0, 0, 1;
    %assign/vec4 v0x55b63d913600_0, 0;
T_3.1 ;
    %jmp T_3;
    .thread T_3;
    .scope S_0x55b63d88f2d0;
T_4 ;
    %wait E_0x55b63d8135d0;
    %load/vec4 v0x55b63d914060_0;
    %assign/vec4 v0x55b63d913a40_0, 0;
    %jmp T_4;
    .thread T_4;
    .scope S_0x55b63d88f2d0;
T_5 ;
    %wait E_0x55b63d8135d0;
    %load/vec4 v0x55b63d90ff70_0;
    %flag_set/vec4 8;
    %jmp/0 T_5.0, 8;
    %pushi/vec4 0, 0, 32;
    %jmp/1 T_5.1, 8;
T_5.0 ; End of true expr.
    %load/vec4 v0x55b63d911720_0;
    %flag_set/vec4 9;
    %jmp/0 T_5.2, 9;
    %load/vec4 v0x55b63d913a40_0;
    %addi 4, 0, 32;
    %jmp/1 T_5.3, 9;
T_5.2 ; End of true expr.
    %load/vec4 v0x55b63d913a40_0;
    %jmp/0 T_5.3, 9;
 ; End of false expr.
    %blend;
T_5.3;
    %jmp/0 T_5.1, 8;
 ; End of false expr.
    %blend;
T_5.1;
    %assign/vec4 v0x55b63d913b20_0, 0;
    %load/vec4 v0x55b63d90ff70_0;
    %flag_set/vec4 8;
    %jmp/0 T_5.4, 8;
    %pushi/vec4 0, 0, 32;
    %jmp/1 T_5.5, 8;
T_5.4 ; End of true expr.
    %load/vec4 v0x55b63d912340_0;
    %jmp/0 T_5.5, 8;
 ; End of false expr.
    %blend;
T_5.5;
    %assign/vec4 v0x55b63d914ec0_0, 0;
    %load/vec4 v0x55b63d90ff70_0;
    %flag_set/vec4 8;
    %jmp/0 T_5.6, 8;
    %pushi/vec4 0, 0, 32;
    %jmp/1 T_5.7, 8;
T_5.6 ; End of true expr.
    %load/vec4 v0x55b63d912420_0;
    %jmp/0 T_5.7, 8;
 ; End of false expr.
    %blend;
T_5.7;
    %assign/vec4 v0x55b63d915080_0, 0;
    %load/vec4 v0x55b63d90ff70_0;
    %flag_set/vec4 8;
    %jmp/0 T_5.8, 8;
    %pushi/vec4 0, 0, 32;
    %jmp/1 T_5.9, 8;
T_5.8 ; End of true expr.
    %load/vec4 v0x55b63d913280_0;
    %jmp/0 T_5.9, 8;
 ; End of false expr.
    %blend;
T_5.9;
    %assign/vec4 v0x55b63d913360_0, 0;
    %load/vec4 v0x55b63d90ff70_0;
    %flag_set/vec4 8;
    %jmp/0 T_5.10, 8;
    %pushi/vec4 0, 0, 3;
    %jmp/1 T_5.11, 8;
T_5.10 ; End of true expr.
    %load/vec4 v0x55b63d90f650_0;
    %jmp/0 T_5.11, 8;
 ; End of false expr.
    %blend;
T_5.11;
    %assign/vec4 v0x55b63d90f730_0, 0;
    %load/vec4 v0x55b63d9137a0_0;
    %assign/vec4 v0x55b63d913880_0, 0;
    %load/vec4 v0x55b63d9147e0_0;
    %assign/vec4 v0x55b63d9148a0_0, 0;
    %load/vec4 v0x55b63d916320_0;
    %assign/vec4 v0x55b63d9163e0_0, 0;
    %load/vec4 v0x55b63d911e40_0;
    %assign/vec4 v0x55b63d911f20_0, 0;
    %load/vec4 v0x55b63d912000_0;
    %assign/vec4 v0x55b63d9120e0_0, 0;
    %jmp T_5;
    .thread T_5;
    .scope S_0x55b63d88f2d0;
T_6 ;
    %wait E_0x55b63d8634b0;
    %load/vec4 v0x55b63d915780_0;
    %cmpi/e 0, 0, 1;
    %jmp/0xz  T_6.0, 4;
    %pushi/vec4 0, 0, 1;
    %assign/vec4 v0x55b63d914ba0_0, 0;
    %pushi/vec4 0, 0, 1;
    %assign/vec4 v0x55b63d9153c0_0, 0;
    %pushi/vec4 0, 0, 5;
    %assign/vec4 v0x55b63d9112c0_0, 0;
    %jmp T_6.1;
T_6.0 ;
    %load/vec4 v0x55b63d913600_0;
    %flag_set/vec4 8;
    %jmp/0xz  T_6.2, 8;
    %pushi/vec4 0, 0, 1;
    %assign/vec4 v0x55b63d914ba0_0, 0;
    %pushi/vec4 0, 0, 1;
    %assign/vec4 v0x55b63d9153c0_0, 0;
    %pushi/vec4 0, 0, 5;
    %assign/vec4 v0x55b63d9112c0_0, 0;
    %jmp T_6.3;
T_6.2 ;
    %load/vec4 v0x55b63d90ff70_0;
    %flag_set/vec4 8;
    %jmp/0 T_6.4, 8;
    %pushi/vec4 0, 0, 1;
    %jmp/1 T_6.5, 8;
T_6.4 ; End of true expr.
    %load/vec4 v0x55b63d914ae0_0;
    %jmp/0 T_6.5, 8;
 ; End of false expr.
    %blend;
T_6.5;
    %assign/vec4 v0x55b63d914ba0_0, 0;
    %load/vec4 v0x55b63d90ff70_0;
    %flag_set/vec4 8;
    %jmp/0 T_6.6, 8;
    %pushi/vec4 0, 0, 1;
    %jmp/1 T_6.7, 8;
T_6.6 ; End of true expr.
    %load/vec4 v0x55b63d915300_0;
    %jmp/0 T_6.7, 8;
 ; End of false expr.
    %blend;
T_6.7;
    %assign/vec4 v0x55b63d9153c0_0, 0;
    %load/vec4 v0x55b63d90ff70_0;
    %flag_set/vec4 8;
    %jmp/0 T_6.8, 8;
    %pushi/vec4 0, 0, 5;
    %jmp/1 T_6.9, 8;
T_6.8 ; End of true expr.
    %load/vec4 v0x55b63d9111e0_0;
    %jmp/0 T_6.9, 8;
 ; End of false expr.
    %blend;
T_6.9;
    %assign/vec4 v0x55b63d9112c0_0, 0;
T_6.3 ;
T_6.1 ;
    %jmp T_6;
    .thread T_6;
    .scope S_0x55b63d88f2d0;
T_7 ;
    %wait E_0x55b63d8135d0;
    %load/vec4 v0x55b63d90f730_0;
    %dup/vec4;
    %pushi/vec4 1, 0, 3;
    %cmp/u;
    %jmp/1 T_7.0, 6;
    %dup/vec4;
    %pushi/vec4 2, 0, 3;
    %cmp/u;
    %jmp/1 T_7.1, 6;
    %dup/vec4;
    %pushi/vec4 3, 0, 3;
    %cmp/u;
    %jmp/1 T_7.2, 6;
    %dup/vec4;
    %pushi/vec4 4, 0, 3;
    %cmp/u;
    %jmp/1 T_7.3, 6;
    %dup/vec4;
    %pushi/vec4 5, 0, 3;
    %cmp/u;
    %jmp/1 T_7.4, 6;
    %dup/vec4;
    %pushi/vec4 6, 0, 3;
    %cmp/u;
    %jmp/1 T_7.5, 6;
    %pushi/vec4 0, 0, 32;
    %assign/vec4 v0x55b63d90f490_0, 0;
    %jmp T_7.7;
T_7.0 ;
    %load/vec4 v0x55b63d90fdb0_0;
    %assign/vec4 v0x55b63d90f490_0, 0;
    %jmp T_7.7;
T_7.1 ;
    %load/vec4 v0x55b63d908f00_0;
    %assign/vec4 v0x55b63d90f490_0, 0;
    %jmp T_7.7;
T_7.2 ;
    %load/vec4 v0x55b63d908b80_0;
    %assign/vec4 v0x55b63d90f490_0, 0;
    %jmp T_7.7;
T_7.3 ;
    %load/vec4 v0x55b63d908aa0_0;
    %assign/vec4 v0x55b63d90f490_0, 0;
    %jmp T_7.7;
T_7.4 ;
    %load/vec4 v0x55b63d908fe0_0;
    %assign/vec4 v0x55b63d90f490_0, 0;
    %jmp T_7.7;
T_7.5 ;
    %load/vec4 v0x55b63d9091a0_0;
    %assign/vec4 v0x55b63d90f490_0, 0;
    %jmp T_7.7;
T_7.7 ;
    %pop/vec4 1;
    %jmp T_7;
    .thread T_7;
    .scope S_0x55b63d88f2d0;
T_8 ;
    %wait E_0x55b63d8135d0;
    %load/vec4 v0x55b63d911d60_0;
    %assign/vec4 v0x55b63d914480_0, 0;
    %load/vec4 v0x55b63d9148a0_0;
    %assign/vec4 v0x55b63d914960_0, 0;
    %jmp T_8;
    .thread T_8;
    .scope S_0x55b63d88f2d0;
T_9 ;
    %wait E_0x55b63d8634b0;
    %load/vec4 v0x55b63d915780_0;
    %cmpi/e 0, 0, 1;
    %jmp/0xz  T_9.0, 4;
    %pushi/vec4 0, 0, 1;
    %assign/vec4 v0x55b63d914c60_0, 0;
    %pushi/vec4 0, 0, 1;
    %assign/vec4 v0x55b63d915480_0, 0;
    %pushi/vec4 0, 0, 5;
    %assign/vec4 v0x55b63d9113a0_0, 0;
    %jmp T_9.1;
T_9.0 ;
    %load/vec4 v0x55b63d914ba0_0;
    %assign/vec4 v0x55b63d914c60_0, 0;
    %load/vec4 v0x55b63d9153c0_0;
    %assign/vec4 v0x55b63d915480_0, 0;
    %load/vec4 v0x55b63d9112c0_0;
    %assign/vec4 v0x55b63d9113a0_0, 0;
T_9.1 ;
    %jmp T_9;
    .thread T_9;
    .scope S_0x55b63d88f2d0;
T_10 ;
    %wait E_0x55b63d8135d0;
    %load/vec4 v0x55b63d914c60_0;
    %load/vec4 v0x55b63d914300_0;
    %and;
    %flag_set/vec4 8;
    %jmp/0xz  T_10.0, 8;
    %load/vec4 v0x55b63d914480_0;
    %load/vec4 v0x55b63d90f490_0;
    %parti/s 13, 2, 3;
    %pad/u 15;
    %ix/vec4 3;
    %ix/load 4, 0, 0; Constant delay
    %assign/vec4/a/d v0x55b63d9143c0, 0, 4;
T_10.0 ;
    %jmp T_10;
    .thread T_10;
    .scope S_0x55b63d88f2d0;
T_11 ;
    %wait E_0x55b63d8135d0;
    %load/vec4 v0x55b63d914960_0;
    %load/vec4 v0x55b63d914300_0;
    %inv;
    %and;
    %flag_set/vec4 8;
    %jmp/0 T_11.0, 8;
    %load/vec4 v0x55b63d910030_0;
    %jmp/1 T_11.1, 8;
T_11.0 ; End of true expr.
    %load/vec4 v0x55b63d90f490_0;
    %jmp/0 T_11.1, 8;
 ; End of false expr.
    %blend;
T_11.1;
    %assign/vec4 v0x55b63d90f570_0, 0;
    %load/vec4 v0x55b63d914560_0;
    %assign/vec4 v0x55b63d914640_0, 0;
    %load/vec4 v0x55b63d914960_0;
    %load/vec4 v0x55b63d914300_0;
    %and;
    %assign/vec4 v0x55b63d914a20_0, 0;
    %load/vec4 v0x55b63d9113a0_0;
    %assign/vec4 v0x55b63d911480_0, 0;
    %jmp T_11;
    .thread T_11;
    .scope S_0x55b63d88f2d0;
T_12 ;
    %wait E_0x55b63d8634b0;
    %load/vec4 v0x55b63d915780_0;
    %cmpi/e 0, 0, 1;
    %jmp/0xz  T_12.0, 4;
    %pushi/vec4 0, 0, 1;
    %assign/vec4 v0x55b63d915540_0, 0;
    %jmp T_12.1;
T_12.0 ;
    %load/vec4 v0x55b63d915480_0;
    %assign/vec4 v0x55b63d915540_0, 0;
T_12.1 ;
    %jmp T_12;
    .thread T_12;
    .scope S_0x55b63d88f2d0;
T_13 ;
    %wait E_0x55b63d82a100;
    %load/vec4 v0x55b63d915540_0;
    %load/vec4 v0x55b63d911480_0;
    %pushi/vec4 0, 0, 5;
    %cmp/ne;
    %flag_get/vec4 4;
    %and;
    %flag_set/vec4 8;
    %jmp/0xz  T_13.0, 8;
    %load/vec4 v0x55b63d915160_0;
    %load/vec4 v0x55b63d911480_0;
    %pad/u 7;
    %ix/vec4 3;
    %ix/load 4, 0, 0; Constant delay
    %assign/vec4/a/d v0x55b63d915240, 0, 4;
T_13.0 ;
    %jmp T_13;
    .thread T_13;
    .scope S_0x55b63d88fe10;
T_14 ;
    %vpi_call 2 54 "$dumpfile", "mips.vcd" {0 0 0};
    %vpi_call 2 55 "$dumpvars", 32'sb00000000000000000000000000000000, S_0x55b63d88fe10 {0 0 0};
    %end;
    .thread T_14;
    .scope S_0x55b63d88fe10;
T_15 ;
    %wait E_0x55b63d8135d0;
    %load/vec4 v0x55b63d918c40_0;
    %inv;
    %flag_set/vec4 8;
    %jmp/0xz  T_15.0, 8;
    %pushi/vec4 0, 0, 20;
    %assign/vec4 v0x55b63d916da0_0, 0;
    %jmp T_15.1;
T_15.0 ;
    %load/vec4 v0x55b63d916da0_0;
    %addi 1, 0, 20;
    %assign/vec4 v0x55b63d916da0_0, 0;
T_15.1 ;
    %jmp T_15;
    .thread T_15;
    .scope S_0x55b63d88fe10;
T_16 ;
    %pushi/vec4 1, 0, 1;
    %store/vec4 v0x55b63d916d00_0, 0, 1;
T_16.0 ;
    %delay 10, 0;
    %load/vec4 v0x55b63d916d00_0;
    %inv;
    %store/vec4 v0x55b63d916d00_0, 0, 1;
    %jmp T_16.0;
    %end;
    .thread T_16;
    .scope S_0x55b63d88fe10;
T_17 ;
    %pushi/vec4 1, 0, 1;
    %store/vec4 v0x55b63d918c40_0, 0, 1;
    %delay 13, 0;
    %pushi/vec4 0, 0, 1;
    %store/vec4 v0x55b63d918c40_0, 0, 1;
    %delay 40, 0;
    %pushi/vec4 1, 0, 1;
    %store/vec4 v0x55b63d918c40_0, 0, 1;
    %end;
    .thread T_17;
    .scope S_0x55b63d88fe10;
T_18 ;
    %wait E_0x55b63d8135d0;
    %load/vec4 v0x55b63d918c40_0;
    %inv;
    %flag_set/vec4 8;
    %jmp/0xz  T_18.0, 8;
    %pushi/vec4 0, 0, 1;
    %assign/vec4 v0x55b63d917b60_0, 0;
    %pushi/vec4 0, 0, 1;
    %assign/vec4 v0x55b63d917c00_0, 0;
    %pushi/vec4 0, 0, 1;
    %assign/vec4 v0x55b63d917cc0_0, 0;
    %jmp T_18.1;
T_18.0 ;
    %load/vec4 v0x55b63d917a90_0;
    %assign/vec4 v0x55b63d917b60_0, 0;
    %load/vec4 v0x55b63d917b60_0;
    %assign/vec4 v0x55b63d917c00_0, 0;
    %load/vec4 v0x55b63d917c00_0;
    %assign/vec4 v0x55b63d917cc0_0, 0;
T_18.1 ;
    %jmp T_18;
    .thread T_18;
    .scope S_0x55b63d88fe10;
T_19 ;
    %vpi_call 2 90 "$display", " ", " ", "cycle |  pc      |  inst    d f ra rb rd |  alu_a    alu_b   |  alu_q    ram_din | dst  reg_din" {0 0 0};
    %end;
    .thread T_19;
    .scope S_0x55b63d88fe10;
T_20 ;
    %vpi_call 2 93 "$monitor", " ", " ", "%x | %x | %x %b %b %d %d %d | %x %x | %x %x | %d  %x", v0x55b63d916da0_0, v0x55b63d9181d0_0, v0x55b63d918020_0, v0x55b63d916f20_0, v0x55b63d9179d0_0, v0x55b63d918d10_0, v0x55b63d918db0_0, v0x55b63d916fe0_0, v0x55b63d916980_0, v0x55b63d916a40_0, v0x55b63d916ae0_0, v0x55b63d918540_0, v0x55b63d917280_0, v0x55b63d918b50_0 {0 0 0};
    %end;
    .thread T_20;
    .scope S_0x55b63d88fe10;
T_21 ;
    %wait E_0x55b63d82a100;
    %load/vec4 v0x55b63d917cc0_0;
    %ix/load 4, 2, 0;
    %flag_set/imm 4, 0;
    %load/vec4a v0x55b63d915240, 4;
    %pushi/vec4 10, 0, 32;
    %cmp/e;
    %flag_get/vec4 4;
    %and;
    %flag_set/vec4 8;
    %jmp/0xz  T_21.0, 8;
    %vpi_call 2 105 "$display", " ", " ", "cycle = %d", v0x55b63d916da0_0 {0 0 0};
    %vpi_call 2 106 "$finish" {0 0 0};
T_21.0 ;
    %jmp T_21;
    .thread T_21;
# The file index is used to find the file name in the following table.
:file_names 5;
    "N/A";
    "<interactive>";
    "sim.v";
    "mips.v";
    "rom.v";
