#! /usr/bin/vvp
:ivl_version "11.0 (stable)";
:ivl_delay_selection "TYPICAL";
:vpi_time_precision - 9;
:vpi_module "/usr/lib/x86_64-linux-gnu/ivl/system.vpi";
:vpi_module "/usr/lib/x86_64-linux-gnu/ivl/vhdl_sys.vpi";
:vpi_module "/usr/lib/x86_64-linux-gnu/ivl/vhdl_textio.vpi";
:vpi_module "/usr/lib/x86_64-linux-gnu/ivl/v2005_math.vpi";
:vpi_module "/usr/lib/x86_64-linux-gnu/ivl/va_math.vpi";
S_0x5619f7c94a30 .scope module, "sim" "sim" 2 4;
 .timescale -9 -9;
L_0x5619f7cf26b0 .functor BUFZ 1, L_0x5619f7d3bf40, C4<0>, C4<0>, C4<0>;
L_0x5619f7cf34c0 .functor BUFZ 1, L_0x5619f7d3c690, C4<0>, C4<0>, C4<0>;
L_0x5619f7cf3970 .functor BUFZ 32, L_0x5619f7d38e30, C4<00000000000000000000000000000000>, C4<00000000000000000000000000000000>, C4<00000000000000000000000000000000>;
L_0x5619f7cf4430 .functor BUFZ 32, v0x5619f7d18e60_0, C4<00000000000000000000000000000000>, C4<00000000000000000000000000000000>, C4<00000000000000000000000000000000>;
L_0x5619f7cf4d90 .functor BUFZ 32, v0x5619f7d18f40_0, C4<00000000000000000000000000000000>, C4<00000000000000000000000000000000>, C4<00000000000000000000000000000000>;
L_0x5619f7cf8c30 .functor BUFZ 32, L_0x5619f7d30310, C4<00000000000000000000000000000000>, C4<00000000000000000000000000000000>, C4<00000000000000000000000000000000>;
L_0x5619f7cf8ca0 .functor BUFZ 6, L_0x5619f7d30520, C4<000000>, C4<000000>, C4<000000>;
L_0x5619f7d1e8c0 .functor BUFZ 6, L_0x5619f7d30660, C4<000000>, C4<000000>, C4<000000>;
L_0x5619f7d1e9e0 .functor BUFZ 5, L_0x5619f7d33a70, C4<00000>, C4<00000>, C4<00000>;
L_0x5619f7d1eab0 .functor BUFZ 5, L_0x5619f7d33ed0, C4<00000>, C4<00000>, C4<00000>;
L_0x5619f7d1ebe0 .functor BUFZ 5, L_0x5619f7d446f0, C4<00000>, C4<00000>, C4<00000>;
L_0x5619f7d1ecb0 .functor BUFZ 32, L_0x5619f7d34e70, C4<00000000000000000000000000000000>, C4<00000000000000000000000000000000>, C4<00000000000000000000000000000000>;
L_0x5619f7d1edf0 .functor BUFZ 32, L_0x5619f7d35810, C4<00000000000000000000000000000000>, C4<00000000000000000000000000000000>, C4<00000000000000000000000000000000>;
L_0x5619f7d1eec0 .functor BUFZ 32, L_0x5619f7d3f2b0, C4<00000000000000000000000000000000>, C4<00000000000000000000000000000000>, C4<00000000000000000000000000000000>;
L_0x5619f7d1ed80 .functor BUFZ 32, L_0x5619f7d3f470, C4<00000000000000000000000000000000>, C4<00000000000000000000000000000000>, C4<00000000000000000000000000000000>;
L_0x5619f7d1f070 .functor BUFZ 32, v0x5619f7d1a2e0_0, C4<00000000000000000000000000000000>, C4<00000000000000000000000000000000>, C4<00000000000000000000000000000000>;
L_0x5619f7d1f1d0 .functor BUFZ 32, v0x5619f7d1a4a0_0, C4<00000000000000000000000000000000>, C4<00000000000000000000000000000000>, C4<00000000000000000000000000000000>;
L_0x5619f7d1f2a0 .functor BUFZ 32, L_0x5619f7d35c40, C4<00000000000000000000000000000000>, C4<00000000000000000000000000000000>, C4<00000000000000000000000000000000>;
L_0x5619f7d1f410 .functor BUFZ 32, v0x5619f7d18780_0, C4<00000000000000000000000000000000>, C4<00000000000000000000000000000000>, C4<00000000000000000000000000000000>;
L_0x5619f7d1f4e0 .functor BUFZ 32, L_0x5619f7d42d30, C4<00000000000000000000000000000000>, C4<00000000000000000000000000000000>, C4<00000000000000000000000000000000>;
L_0x5619f7d1f660 .functor BUFZ 32, L_0x5619f7d437a0, C4<00000000000000000000000000000000>, C4<00000000000000000000000000000000>, C4<00000000000000000000000000000000>;
L_0x5619f7d1f730 .functor BUFZ 32, v0x5619f7d14990_0, C4<00000000000000000000000000000000>, C4<00000000000000000000000000000000>, C4<00000000000000000000000000000000>;
L_0x5619f7d1f8c0 .functor BUFZ 32, L_0x5619f7d4dfb0, C4<00000000000000000000000000000000>, C4<00000000000000000000000000000000>, C4<00000000000000000000000000000000>;
L_0x5619f7d1f990 .functor BUFZ 32, v0x5619f7d19a60_0, C4<00000000000000000000000000000000>, C4<00000000000000000000000000000000>, C4<00000000000000000000000000000000>;
L_0x5619f7d1fb30 .functor BUFZ 5, L_0x5619f7d34720, C4<00000>, C4<00000>, C4<00000>;
L_0x5619f7d1fc00 .functor BUFZ 5, v0x5619f7d166e0_0, C4<00000>, C4<00000>, C4<00000>;
L_0x5619f7d1fdb0 .functor BUFZ 5, v0x5619f7d167c0_0, C4<00000>, C4<00000>, C4<00000>;
L_0x5619f7d1fe80 .functor BUFZ 5, v0x5619f7d168a0_0, C4<00000>, C4<00000>, C4<00000>;
v0x5619f7cf3620_0 .net *"_ivl_8", 5 0, L_0x5619f7d1e390;  1 drivers
v0x5619f7d1bda0_0 .net "alu_a", 31 0, L_0x5619f7d43c50;  1 drivers
v0x5619f7d1be60_0 .net "alu_b", 31 0, L_0x5619f7d43fe0;  1 drivers
v0x5619f7d1bf00_0 .net "alu_q3", 31 0, v0x5619f7d148b0_0;  1 drivers
v0x5619f7d1bfa0_0 .net "alu_q4", 31 0, L_0x5619f7d1f730;  1 drivers
v0x5619f7d1c040_0 .net "amt", 4 0, L_0x5619f7d1ebe0;  1 drivers
v0x5619f7d1c120_0 .var "clk", 0 0;
v0x5619f7d1c1c0_0 .var "cnt", 19 0;
v0x5619f7d1c280_0 .net "ctrl_hzd", 0 0, L_0x5619f7cf34c0;  1 drivers
v0x5619f7d1c340_0 .net "data_hzd", 0 0, L_0x5619f7cf26b0;  1 drivers
v0x5619f7d1c400_0 .net "dst", 4 0, L_0x5619f7d1fb30;  1 drivers
v0x5619f7d1c4e0_0 .net "dst2", 4 0, L_0x5619f7d1fc00;  1 drivers
v0x5619f7d1c5c0_0 .net "dst3", 4 0, L_0x5619f7d1fdb0;  1 drivers
v0x5619f7d1c6a0_0 .net "dst4", 4 0, L_0x5619f7d1fe80;  1 drivers
L_0x7fde4a2230a8 .functor BUFT 1, C4<0>, C4<0>, C4<0>, C4<0>;
v0x5619f7d1c780_0 .net "en_dly", 0 0, L_0x7fde4a2230a8;  1 drivers
L_0x7fde4a223060 .functor BUFT 1, C4<0>, C4<0>, C4<0>, C4<0>;
v0x5619f7d1c850_0 .net "en_fwd", 0 0, L_0x7fde4a223060;  1 drivers
L_0x7fde4a223018 .functor BUFT 1, C4<0>, C4<0>, C4<0>, C4<0>;
v0x5619f7d1c920_0 .net "en_hzd", 0 0, L_0x7fde4a223018;  1 drivers
v0x5619f7d1c9f0_0 .net "fn", 5 0, L_0x5619f7d1e8c0;  1 drivers
v0x5619f7d1ca90_0 .net "fwd_alu_a", 31 0, L_0x5619f7d1f4e0;  1 drivers
v0x5619f7d1cb50_0 .net "fwd_alu_b", 31 0, L_0x5619f7d1f660;  1 drivers
v0x5619f7d1cc30_0 .net "fwd_reg_a", 31 0, L_0x5619f7d1eec0;  1 drivers
v0x5619f7d1cd10_0 .net "fwd_reg_b", 31 0, L_0x5619f7d1ed80;  1 drivers
v0x5619f7d1cdf0_0 .net "fwd_sel", 0 0, L_0x5619f7d1e550;  1 drivers
v0x5619f7d1ceb0_0 .net "halt", 0 0, L_0x5619f7d339b0;  1 drivers
v0x5619f7d1cf80_0 .var "halt2", 0 0;
v0x5619f7d1d020_0 .var "halt3", 0 0;
v0x5619f7d1d0e0_0 .var "halt4", 0 0;
v0x5619f7d1d1a0_0 .net "imm_val", 31 0, L_0x5619f7d1f2a0;  1 drivers
v0x5619f7d1d280_0 .net "imm_val2", 31 0, L_0x5619f7d1f410;  1 drivers
v0x5619f7d1d360_0 .net "inst", 31 0, L_0x5619f7cf8c30;  1 drivers
v0x5619f7d1d440_0 .net "inst1", 31 0, v0x5619f7d18940_0;  1 drivers
v0x5619f7d1d530_0 .net "op", 5 0, L_0x5619f7cf8ca0;  1 drivers
v0x5619f7d1d5f0_0 .net "pc0", 31 0, v0x5619f7d18d80_0;  1 drivers
v0x5619f7d1d6e0_0 .net "pc1", 31 0, L_0x5619f7cf4430;  1 drivers
v0x5619f7d1d7a0_0 .net "pc2", 31 0, L_0x5619f7cf4d90;  1 drivers
v0x5619f7d1d880_0 .net "pc_din", 31 0, L_0x5619f7cf3970;  1 drivers
v0x5619f7d1d960_0 .net "ram_din3", 31 0, v0x5619f7d198a0_0;  1 drivers
v0x5619f7d1da50_0 .net "ram_dout", 31 0, L_0x5619f7d1f8c0;  1 drivers
v0x5619f7d1db10_0 .net "ram_dout4", 31 0, L_0x5619f7d1f990;  1 drivers
v0x5619f7d1dbf0_0 .net "reg_a", 31 0, L_0x5619f7d1ecb0;  1 drivers
v0x5619f7d1dcd0_0 .net "reg_a2", 31 0, L_0x5619f7d1f070;  1 drivers
v0x5619f7d1ddb0_0 .net "reg_b", 31 0, L_0x5619f7d1edf0;  1 drivers
v0x5619f7d1de90_0 .net "reg_b2", 31 0, L_0x5619f7d1f1d0;  1 drivers
v0x5619f7d1df70_0 .net "reg_din", 31 0, L_0x5619f7d4ed90;  1 drivers
v0x5619f7d1e060_0 .var "rst", 0 0;
v0x5619f7d1e130_0 .net "src_a", 4 0, L_0x5619f7d1e9e0;  1 drivers
v0x5619f7d1e1d0_0 .net "src_b", 4 0, L_0x5619f7d1eab0;  1 drivers
L_0x5619f7d1e390 .concat [ 2 2 1 1], L_0x5619f7d3e880, L_0x5619f7d3e2f0, L_0x5619f7d3d660, L_0x5619f7d3cf40;
L_0x5619f7d1e550 .reduce/or L_0x5619f7d1e390;
S_0x5619f7c93ef0 .scope module, "mips" "mips" 2 47, 3 3 0, S_0x5619f7c94a30;
 .timescale -9 -9;
    .port_info 0 /INPUT 1 "clk";
    .port_info 1 /INPUT 1 "rst";
    .port_info 2 /OUTPUT 32 "pc0";
    .port_info 3 /OUTPUT 32 "inst1";
    .port_info 4 /OUTPUT 32 "alu_a";
    .port_info 5 /OUTPUT 32 "alu_b";
    .port_info 6 /OUTPUT 32 "alu_q3";
    .port_info 7 /OUTPUT 32 "ram_din3";
    .port_info 8 /OUTPUT 32 "reg_din";
    .port_info 9 /OUTPUT 32 "adrs";
    .port_info 10 /OUTPUT 32 "dout";
    .port_info 11 /INPUT 32 "din";
    .port_info 12 /OUTPUT 1 "rd";
    .port_info 13 /OUTPUT 1 "wr";
    .port_info 14 /OUTPUT 1 "halt";
    .port_info 15 /INPUT 1 "en_hzd";
    .port_info 16 /INPUT 1 "en_fwd";
    .port_info 17 /INPUT 1 "en_dly";
L_0x5619f7d30ca0 .functor AND 1, L_0x5619f7d30f70, L_0x5619f7d30790, C4<1>, C4<1>;
L_0x5619f7d31150 .functor OR 1, L_0x5619f7d30d10, L_0x5619f7d30ca0, C4<0>, C4<0>;
L_0x5619f7d31700 .functor AND 1, L_0x5619f7d31610, L_0x5619f7d30790, C4<1>, C4<1>;
L_0x5619f7d317c0 .functor OR 1, L_0x5619f7d31390, L_0x5619f7d31700, C4<0>, C4<0>;
L_0x5619f7d31d90 .functor AND 1, L_0x5619f7d31570, L_0x5619f7d31c50, C4<1>, C4<1>;
L_0x5619f7d32150 .functor AND 1, L_0x5619f7d32010, L_0x5619f7d30790, C4<1>, C4<1>;
L_0x5619f7d32250 .functor OR 1, L_0x5619f7d31d90, L_0x5619f7d32150, C4<0>, C4<0>;
L_0x5619f7d32e10 .functor AND 1, L_0x5619f7d32880, L_0x5619f7d32b90, C4<1>, C4<1>;
L_0x5619f7d32f70 .functor AND 1, L_0x5619f7d32e10, L_0x5619f7d30790, C4<1>, C4<1>;
L_0x5619f7d33230 .functor AND 1, L_0x5619f7d33030, L_0x5619f7d30790, C4<1>, C4<1>;
L_0x5619f7d33510 .functor AND 1, L_0x5619f7d33350, L_0x5619f7d30790, C4<1>, C4<1>;
L_0x5619f7d333f0 .functor AND 1, L_0x5619f7d336a0, L_0x5619f7d30790, C4<1>, C4<1>;
L_0x5619f7d339b0 .functor BUFZ 1, L_0x5619f7d33510, C4<0>, C4<0>, C4<0>;
L_0x5619f7d33b60 .functor OR 1, L_0x5619f7d30790, L_0x5619f7d30b60, C4<0>, C4<0>;
L_0x5619f7d33940 .functor OR 1, L_0x5619f7d33b60, L_0x5619f7d325d0, C4<0>, C4<0>;
L_0x5619f7d36ba0 .functor XOR 1, L_0x5619f7d367e0, L_0x5619f7d36a60, C4<0>, C4<0>;
L_0x5619f7d36d40 .functor AND 1, L_0x5619f7d30b60, L_0x5619f7d36ba0, C4<1>, C4<1>;
L_0x5619f7d36ea0 .functor OR 1, L_0x5619f7d36d40, L_0x5619f7d30880, C4<0>, C4<0>;
L_0x5619f7d37f50 .functor OR 1, L_0x5619f7d36ea0, L_0x5619f7d30970, C4<0>, C4<0>;
L_0x5619f7d38330 .functor OR 1, L_0x5619f7d36d40, L_0x5619f7d33230, C4<0>, C4<0>;
L_0x5619f7d39360 .functor AND 1, v0x5619f7d1a7e0_0, L_0x5619f7d39220, C4<1>, C4<1>;
L_0x5619f7d39730 .functor AND 1, L_0x5619f7d39360, L_0x5619f7d39420, C4<1>, C4<1>;
L_0x5619f7d39a30 .functor AND 1, v0x5619f7d1a7e0_0, L_0x5619f7d39900, C4<1>, C4<1>;
L_0x5619f7d39e60 .functor AND 1, L_0x5619f7d39a30, L_0x5619f7d39b40, C4<1>, C4<1>;
L_0x5619f7d3a180 .functor AND 1, v0x5619f7d1a8a0_0, L_0x5619f7d3a040, C4<1>, C4<1>;
L_0x5619f7d3a570 .functor AND 1, L_0x5619f7d3a180, L_0x5619f7d3a240, C4<1>, C4<1>;
L_0x5619f7d3a890 .functor AND 1, v0x5619f7d1a8a0_0, L_0x5619f7d3a760, C4<1>, C4<1>;
L_0x5619f7d3ace0 .functor AND 1, L_0x5619f7d3a890, L_0x5619f7d3a9a0, C4<1>, C4<1>;
L_0x5619f7d3aee0 .functor OR 1, L_0x5619f7d39730, L_0x5619f7d39e60, C4<0>, C4<0>;
L_0x5619f7d3aff0 .functor OR 1, L_0x5619f7d3a570, L_0x5619f7d3ace0, C4<0>, C4<0>;
L_0x5619f7d3b200 .functor NOT 1, L_0x7fde4a223060, C4<0>, C4<0>, C4<0>;
L_0x5619f7d3b270 .functor OR 1, L_0x5619f7d3aee0, L_0x5619f7d3aff0, C4<0>, C4<0>;
L_0x5619f7d3b490 .functor AND 1, L_0x5619f7d3b200, L_0x5619f7d3b270, C4<1>, C4<1>;
L_0x5619f7d3b5a0 .functor AND 1, v0x5619f7d19cc0_0, L_0x5619f7d3aee0, C4<1>, C4<1>;
L_0x5619f7d3b730 .functor OR 1, L_0x5619f7d30b60, L_0x5619f7d33230, C4<0>, C4<0>;
L_0x5619f7d3b830 .functor AND 1, v0x5619f7d19d80_0, L_0x5619f7d3aff0, C4<1>, C4<1>;
L_0x5619f7d3b610 .functor OR 1, L_0x5619f7d3aee0, L_0x5619f7d3b830, C4<0>, C4<0>;
L_0x5619f7d3b9d0 .functor AND 1, L_0x5619f7d3b730, L_0x5619f7d3b610, C4<1>, C4<1>;
L_0x5619f7d3bbd0 .functor OR 1, L_0x5619f7d3b490, L_0x5619f7d3b5a0, C4<0>, C4<0>;
L_0x5619f7d3bce0 .functor OR 1, L_0x5619f7d3bbd0, L_0x5619f7d3b9d0, C4<0>, C4<0>;
L_0x5619f7d3bf40 .functor AND 1, L_0x7fde4a223018, L_0x5619f7d3bce0, C4<1>, C4<1>;
L_0x5619f7d3c050 .functor NOT 1, L_0x7fde4a2230a8, C4<0>, C4<0>, C4<0>;
L_0x5619f7d3c220 .functor OR 1, L_0x5619f7d36d40, L_0x5619f7d30880, C4<0>, C4<0>;
L_0x5619f7d3c320 .functor OR 1, L_0x5619f7d3c220, L_0x5619f7d30970, C4<0>, C4<0>;
L_0x5619f7d3c590 .functor OR 1, L_0x5619f7d3c320, L_0x5619f7d33230, C4<0>, C4<0>;
L_0x5619f7d3c690 .functor AND 1, L_0x5619f7d3c050, L_0x5619f7d3c590, C4<1>, C4<1>;
L_0x5619f7d3c920 .functor NOT 1, L_0x5619f7d3bf40, C4<0>, C4<0>, C4<0>;
L_0x5619f7d3c990 .functor AND 1, L_0x7fde4a223060, L_0x5619f7d3c920, C4<1>, C4<1>;
L_0x5619f7d3cc20 .functor OR 1, L_0x5619f7d30b60, L_0x5619f7d33230, C4<0>, C4<0>;
L_0x5619f7d3cc90 .functor AND 1, L_0x5619f7d3c990, L_0x5619f7d3cc20, C4<1>, C4<1>;
L_0x5619f7d3cf40 .functor AND 1, L_0x5619f7d3cc90, L_0x5619f7d3a570, C4<1>, C4<1>;
L_0x5619f7d3d000 .functor NOT 1, L_0x5619f7d3bf40, C4<0>, C4<0>, C4<0>;
L_0x5619f7d3d2b0 .functor AND 1, L_0x7fde4a223060, L_0x5619f7d3d000, C4<1>, C4<1>;
L_0x5619f7d3d320 .functor OR 1, L_0x5619f7d30b60, L_0x5619f7d33230, C4<0>, C4<0>;
L_0x5619f7d3d550 .functor AND 1, L_0x5619f7d3d2b0, L_0x5619f7d3d320, C4<1>, C4<1>;
L_0x5619f7d3d660 .functor AND 1, L_0x5619f7d3d550, L_0x5619f7d3ace0, C4<1>, C4<1>;
L_0x5619f7d3d940 .functor NOT 1, L_0x5619f7d3bf40, C4<0>, C4<0>, C4<0>;
L_0x5619f7d3d9b0 .functor AND 1, L_0x7fde4a223060, L_0x5619f7d3d940, C4<1>, C4<1>;
L_0x5619f7d3dc50 .functor AND 1, L_0x5619f7d3d9b0, L_0x5619f7d39730, C4<1>, C4<1>;
L_0x5619f7d3dd10 .functor NOT 1, L_0x5619f7d3bf40, C4<0>, C4<0>, C4<0>;
L_0x5619f7d3df70 .functor AND 1, L_0x7fde4a223060, L_0x5619f7d3dd10, C4<1>, C4<1>;
L_0x5619f7d3e030 .functor AND 1, L_0x5619f7d3df70, L_0x5619f7d39e60, C4<1>, C4<1>;
L_0x5619f7d3e430 .functor NOT 1, L_0x5619f7d3bf40, C4<0>, C4<0>, C4<0>;
L_0x5619f7d3e4a0 .functor AND 1, L_0x7fde4a223060, L_0x5619f7d3e430, C4<1>, C4<1>;
L_0x5619f7d3e770 .functor AND 1, L_0x5619f7d3e4a0, L_0x5619f7d3a570, C4<1>, C4<1>;
L_0x5619f7d3ec20 .functor NOT 1, L_0x5619f7d3bf40, C4<0>, C4<0>, C4<0>;
L_0x5619f7d3eeb0 .functor AND 1, L_0x7fde4a223060, L_0x5619f7d3ec20, C4<1>, C4<1>;
L_0x5619f7d3ef70 .functor AND 1, L_0x5619f7d3eeb0, L_0x5619f7d3ace0, C4<1>, C4<1>;
L_0x5619f7d3f860 .functor OR 1, L_0x5619f7d32310, L_0x5619f7d32f70, C4<0>, C4<0>;
L_0x5619f7d3f8d0 .functor OR 1, L_0x5619f7d3f860, L_0x5619f7d31150, C4<0>, C4<0>;
L_0x5619f7d3fb80 .functor OR 1, L_0x5619f7d3f8d0, L_0x5619f7d333f0, C4<0>, C4<0>;
L_0x5619f7d3fc90 .functor OR 1, L_0x5619f7d3fb80, L_0x5619f7d324e0, C4<0>, C4<0>;
L_0x5619f7d3fff0 .functor OR 1, L_0x5619f7d3fc90, L_0x5619f7d325d0, C4<0>, C4<0>;
L_0x5619f7d400b0 .functor OR 1, L_0x5619f7d32310, L_0x5619f7d317c0, C4<0>, C4<0>;
L_0x5619f7d403d0 .functor OR 1, L_0x5619f7d400b0, L_0x5619f7d30970, C4<0>, C4<0>;
L_0x5619f7d405d0 .functor OR 1, L_0x5619f7d32f70, L_0x5619f7d317c0, C4<0>, C4<0>;
L_0x5619f7d408b0 .functor OR 1, L_0x5619f7d405d0, L_0x5619f7d32250, C4<0>, C4<0>;
L_0x5619f7d411f0 .functor BUFZ 1, L_0x5619f7d30790, C4<0>, C4<0>, C4<0>;
L_0x5619f7d414e0 .functor BUFZ 1, L_0x5619f7d324e0, C4<0>, C4<0>, C4<0>;
L_0x5619f7d41550 .functor BUFZ 1, L_0x5619f7d325d0, C4<0>, C4<0>, C4<0>;
L_0x5619f7d418e0 .functor OR 1, L_0x5619f7d31150, L_0x5619f7d333f0, C4<0>, C4<0>;
L_0x5619f7d41950 .functor OR 1, L_0x5619f7d418e0, L_0x5619f7d324e0, C4<0>, C4<0>;
L_0x5619f7d41cf0 .functor OR 1, L_0x5619f7d41950, L_0x5619f7d30970, C4<0>, C4<0>;
L_0x5619f7d41d60 .functor OR 1, L_0x5619f7d41cf0, L_0x5619f7d32310, C4<0>, C4<0>;
L_0x5619f7d42160 .functor OR 1, L_0x5619f7d41d60, L_0x5619f7d32250, C4<0>, C4<0>;
L_0x5619f7d42260 .functor OR 1, L_0x5619f7d42160, L_0x5619f7d32f70, C4<0>, C4<0>;
L_0x5619f7d42620 .functor OR 1, L_0x5619f7d42260, L_0x5619f7d317c0, C4<0>, C4<0>;
L_0x5619f7d43c50 .functor BUFZ 32, L_0x5619f7d42d30, C4<00000000000000000000000000000000>, C4<00000000000000000000000000000000>, C4<00000000000000000000000000000000>;
L_0x5619f7d44120 .functor BUFZ 32, v0x5619f7d18f40_0, C4<00000000000000000000000000000000>, C4<00000000000000000000000000000000>, C4<00000000000000000000000000000000>;
L_0x5619f7d4b4c0 .functor NOT 1, L_0x5619f7d4b9e0, C4<0>, C4<0>, C4<0>;
L_0x5619f7d4bad0 .functor OR 1, L_0x5619f7d4b4c0, v0x5619f7d19cc0_0, C4<0>, C4<0>;
L_0x5619f7d4bbe0 .functor OR 1, L_0x5619f7d4bad0, v0x5619f7d19fc0_0, C4<0>, C4<0>;
L_0x5619f7d4c080 .functor AND 32, L_0x5619f7d43c50, L_0x5619f7d43fe0, C4<11111111111111111111111111111111>, C4<11111111111111111111111111111111>;
L_0x5619f7d4c0f0 .functor OR 32, L_0x5619f7d43c50, L_0x5619f7d43fe0, C4<00000000000000000000000000000000>, C4<00000000000000000000000000000000>;
L_0x5619f7d4c160 .functor XOR 32, L_0x5619f7d43c50, L_0x5619f7d43fe0, C4<00000000000000000000000000000000>, C4<00000000000000000000000000000000>;
L_0x5619f7d4cf10 .functor NOT 32, L_0x5619f7d4c0f0, C4<00000000000000000000000000000000>, C4<00000000000000000000000000000000>, C4<00000000000000000000000000000000>;
L_0x5619f7d4d3d0 .functor BUFZ 32, v0x5619f7d148b0_0, C4<00000000000000000000000000000000>, C4<00000000000000000000000000000000>, C4<00000000000000000000000000000000>;
L_0x5619f7d4d440 .functor BUFZ 32, v0x5619f7d198a0_0, C4<00000000000000000000000000000000>, C4<00000000000000000000000000000000>, C4<00000000000000000000000000000000>;
L_0x5619f7d4d820 .functor BUFZ 1, v0x5619f7d19d80_0, C4<0>, C4<0>, C4<0>;
L_0x5619f7d4d8e0 .functor BUFZ 1, v0x5619f7d1a080_0, C4<0>, C4<0>, C4<0>;
L_0x5619f7d4dc20 .functor AND 1, v0x5619f7d19d80_0, L_0x5619f7d4e690, C4<1>, C4<1>;
v0x5619f7cf4620_0 .net *"_ivl_1", 20 0, L_0x5619f7d1f370;  1 drivers
v0x5619f7cf4eb0_0 .net *"_ivl_103", 3 0, L_0x5619f7d327b0;  1 drivers
L_0x7fde4a223570 .functor BUFT 1, C4<0000>, C4<0>, C4<0>, C4<0>;
v0x5619f7bf4350_0 .net/2u *"_ivl_104", 3 0, L_0x7fde4a223570;  1 drivers
v0x5619f7cf8eb0_0 .net *"_ivl_106", 0 0, L_0x5619f7d32880;  1 drivers
v0x5619f7d06cf0_0 .net *"_ivl_109", 1 0, L_0x5619f7d32af0;  1 drivers
L_0x7fde4a2235b8 .functor BUFT 1, C4<01>, C4<0>, C4<0>, C4<0>;
v0x5619f7d06e20_0 .net/2u *"_ivl_110", 1 0, L_0x7fde4a2235b8;  1 drivers
v0x5619f7d06f00_0 .net *"_ivl_112", 0 0, L_0x5619f7d32b90;  1 drivers
v0x5619f7d06fc0_0 .net *"_ivl_114", 0 0, L_0x5619f7d32e10;  1 drivers
L_0x7fde4a223600 .functor BUFT 1, C4<001000>, C4<0>, C4<0>, C4<0>;
v0x5619f7d070a0_0 .net/2u *"_ivl_118", 5 0, L_0x7fde4a223600;  1 drivers
v0x5619f7d07180_0 .net *"_ivl_120", 0 0, L_0x5619f7d33030;  1 drivers
L_0x7fde4a223648 .functor BUFT 1, C4<001100>, C4<0>, C4<0>, C4<0>;
v0x5619f7d07240_0 .net/2u *"_ivl_124", 5 0, L_0x7fde4a223648;  1 drivers
v0x5619f7d07320_0 .net *"_ivl_126", 0 0, L_0x5619f7d33350;  1 drivers
v0x5619f7d073e0_0 .net *"_ivl_131", 4 0, L_0x5619f7d335d0;  1 drivers
L_0x7fde4a223690 .functor BUFT 1, C4<10001>, C4<0>, C4<0>, C4<0>;
v0x5619f7d074c0_0 .net/2u *"_ivl_132", 4 0, L_0x7fde4a223690;  1 drivers
v0x5619f7d075a0_0 .net *"_ivl_134", 0 0, L_0x5619f7d336a0;  1 drivers
v0x5619f7d07660_0 .net *"_ivl_142", 0 0, L_0x5619f7d33b60;  1 drivers
v0x5619f7d07740_0 .net *"_ivl_144", 0 0, L_0x5619f7d33940;  1 drivers
v0x5619f7d07820_0 .net *"_ivl_147", 4 0, L_0x5619f7d33cf0;  1 drivers
L_0x7fde4a2236d8 .functor BUFT 1, C4<00000>, C4<0>, C4<0>, C4<0>;
v0x5619f7d07900_0 .net/2u *"_ivl_148", 4 0, L_0x7fde4a2236d8;  1 drivers
L_0x7fde4a223720 .functor BUFT 1, C4<11111>, C4<0>, C4<0>, C4<0>;
v0x5619f7d079e0_0 .net/2u *"_ivl_152", 4 0, L_0x7fde4a223720;  1 drivers
v0x5619f7d07ac0_0 .net *"_ivl_155", 4 0, L_0x5619f7d340b0;  1 drivers
v0x5619f7d07ba0_0 .net *"_ivl_157", 4 0, L_0x5619f7d342a0;  1 drivers
L_0x7fde4a223768 .functor BUFT 1, C4<00000>, C4<0>, C4<0>, C4<0>;
v0x5619f7d07c80_0 .net/2u *"_ivl_158", 4 0, L_0x7fde4a223768;  1 drivers
L_0x7fde4a223180 .functor BUFT 1, C4<000000>, C4<0>, C4<0>, C4<0>;
v0x5619f7d07d60_0 .net/2u *"_ivl_16", 5 0, L_0x7fde4a223180;  1 drivers
v0x5619f7d07e40_0 .net *"_ivl_160", 4 0, L_0x5619f7d34340;  1 drivers
v0x5619f7d07f20_0 .net *"_ivl_162", 4 0, L_0x5619f7d345e0;  1 drivers
L_0x7fde4a2237b0 .functor BUFT 1, C4<00000>, C4<0>, C4<0>, C4<0>;
v0x5619f7d08000_0 .net/2u *"_ivl_166", 4 0, L_0x7fde4a2237b0;  1 drivers
v0x5619f7d080e0_0 .net *"_ivl_168", 0 0, L_0x5619f7d34a70;  1 drivers
L_0x7fde4a2237f8 .functor BUFT 1, C4<00000000000000000000000000000000>, C4<0>, C4<0>, C4<0>;
v0x5619f7d081a0_0 .net/2u *"_ivl_170", 31 0, L_0x7fde4a2237f8;  1 drivers
v0x5619f7d08280_0 .net *"_ivl_172", 31 0, L_0x5619f7d34b60;  1 drivers
v0x5619f7d08360_0 .net *"_ivl_174", 6 0, L_0x5619f7d34d80;  1 drivers
L_0x7fde4a223840 .functor BUFT 1, C4<00>, C4<0>, C4<0>, C4<0>;
v0x5619f7d08440_0 .net *"_ivl_177", 1 0, L_0x7fde4a223840;  1 drivers
L_0x7fde4a223888 .functor BUFT 1, C4<00000>, C4<0>, C4<0>, C4<0>;
v0x5619f7d08520_0 .net/2u *"_ivl_180", 4 0, L_0x7fde4a223888;  1 drivers
v0x5619f7d08810_0 .net *"_ivl_182", 0 0, L_0x5619f7d351e0;  1 drivers
L_0x7fde4a2238d0 .functor BUFT 1, C4<00000000000000000000000000000000>, C4<0>, C4<0>, C4<0>;
v0x5619f7d088d0_0 .net/2u *"_ivl_184", 31 0, L_0x7fde4a2238d0;  1 drivers
v0x5619f7d089b0_0 .net *"_ivl_186", 31 0, L_0x5619f7d352d0;  1 drivers
v0x5619f7d08a90_0 .net *"_ivl_188", 6 0, L_0x5619f7d35510;  1 drivers
L_0x7fde4a223918 .functor BUFT 1, C4<00>, C4<0>, C4<0>, C4<0>;
v0x5619f7d08b70_0 .net *"_ivl_191", 1 0, L_0x7fde4a223918;  1 drivers
v0x5619f7d08c50_0 .net *"_ivl_197", 15 0, L_0x5619f7d35ba0;  1 drivers
L_0x7fde4a2230f0 .functor BUFT 1, C4<000000000100000000000>, C4<0>, C4<0>, C4<0>;
v0x5619f7d08d30_0 .net/2u *"_ivl_2", 20 0, L_0x7fde4a2230f0;  1 drivers
L_0x7fde4a2231c8 .functor BUFT 1, C4<000010>, C4<0>, C4<0>, C4<0>;
v0x5619f7d08e10_0 .net/2u *"_ivl_20", 5 0, L_0x7fde4a2231c8;  1 drivers
L_0x7fde4a223960 .functor BUFT 1, C4<0000000000000000>, C4<0>, C4<0>, C4<0>;
v0x5619f7d08ef0_0 .net/2u *"_ivl_201", 15 0, L_0x7fde4a223960;  1 drivers
v0x5619f7d08fd0_0 .net *"_ivl_204", 0 0, L_0x5619f7d35f40;  1 drivers
v0x5619f7d090b0_0 .net *"_ivl_205", 15 0, L_0x5619f7d35fe0;  1 drivers
v0x5619f7d09190_0 .net *"_ivl_207", 15 0, L_0x5619f7d36650;  1 drivers
v0x5619f7d09270_0 .net *"_ivl_210", 0 0, L_0x5619f7d367e0;  1 drivers
v0x5619f7d09350_0 .net *"_ivl_211", 0 0, L_0x5619f7d36a60;  1 drivers
v0x5619f7d09410_0 .net *"_ivl_213", 0 0, L_0x5619f7d36ba0;  1 drivers
L_0x7fde4a2239a8 .functor BUFT 1, C4<00000000000000000000000000000100>, C4<0>, C4<0>, C4<0>;
v0x5619f7d094f0_0 .net/2u *"_ivl_217", 31 0, L_0x7fde4a2239a8;  1 drivers
v0x5619f7d095d0_0 .net *"_ivl_222", 3 0, L_0x5619f7d37100;  1 drivers
v0x5619f7d096b0_0 .net *"_ivl_224", 25 0, L_0x5619f7d371a0;  1 drivers
L_0x7fde4a2239f0 .functor BUFT 1, C4<00>, C4<0>, C4<0>, C4<0>;
v0x5619f7d09790_0 .net/2u *"_ivl_225", 1 0, L_0x7fde4a2239f0;  1 drivers
v0x5619f7d09870_0 .net *"_ivl_232", 29 0, L_0x5619f7d37920;  1 drivers
L_0x7fde4a223a38 .functor BUFT 1, C4<00>, C4<0>, C4<0>, C4<0>;
v0x5619f7d09950_0 .net/2u *"_ivl_233", 1 0, L_0x7fde4a223a38;  1 drivers
v0x5619f7d09a30_0 .net *"_ivl_235", 31 0, L_0x5619f7d379c0;  1 drivers
L_0x7fde4a223210 .functor BUFT 1, C4<000011>, C4<0>, C4<0>, C4<0>;
v0x5619f7d09b10_0 .net/2u *"_ivl_24", 5 0, L_0x7fde4a223210;  1 drivers
v0x5619f7d09bf0_0 .net *"_ivl_241", 0 0, L_0x5619f7d36ea0;  1 drivers
v0x5619f7d09cd0_0 .net *"_ivl_243", 0 0, L_0x5619f7d37f50;  1 drivers
v0x5619f7d09db0_0 .net *"_ivl_248", 0 0, L_0x5619f7d38330;  1 drivers
v0x5619f7d09e90_0 .net *"_ivl_251", 0 0, L_0x5619f7d37eb0;  1 drivers
v0x5619f7d09f70_0 .net *"_ivl_255", 0 0, L_0x5619f7d38910;  1 drivers
v0x5619f7d0a050_0 .net *"_ivl_259", 0 0, L_0x5619f7d38d90;  1 drivers
L_0x7fde4a223a80 .functor BUFT 1, C4<00000>, C4<0>, C4<0>, C4<0>;
v0x5619f7d0a130_0 .net/2u *"_ivl_262", 4 0, L_0x7fde4a223a80;  1 drivers
v0x5619f7d0a210_0 .net *"_ivl_264", 0 0, L_0x5619f7d39220;  1 drivers
v0x5619f7d0a2d0_0 .net *"_ivl_266", 0 0, L_0x5619f7d39360;  1 drivers
v0x5619f7d0a7c0_0 .net *"_ivl_268", 0 0, L_0x5619f7d39420;  1 drivers
L_0x7fde4a223ac8 .functor BUFT 1, C4<00000>, C4<0>, C4<0>, C4<0>;
v0x5619f7d0a880_0 .net/2u *"_ivl_272", 4 0, L_0x7fde4a223ac8;  1 drivers
v0x5619f7d0a960_0 .net *"_ivl_274", 0 0, L_0x5619f7d39900;  1 drivers
v0x5619f7d0aa20_0 .net *"_ivl_276", 0 0, L_0x5619f7d39a30;  1 drivers
v0x5619f7d0ab00_0 .net *"_ivl_278", 0 0, L_0x5619f7d39b40;  1 drivers
L_0x7fde4a223b10 .functor BUFT 1, C4<00000>, C4<0>, C4<0>, C4<0>;
v0x5619f7d0abc0_0 .net/2u *"_ivl_282", 4 0, L_0x7fde4a223b10;  1 drivers
v0x5619f7d0aca0_0 .net *"_ivl_284", 0 0, L_0x5619f7d3a040;  1 drivers
v0x5619f7d0ad60_0 .net *"_ivl_286", 0 0, L_0x5619f7d3a180;  1 drivers
v0x5619f7d0ae40_0 .net *"_ivl_288", 0 0, L_0x5619f7d3a240;  1 drivers
v0x5619f7d0af00_0 .net *"_ivl_29", 4 0, L_0x5619f7d30a60;  1 drivers
L_0x7fde4a223b58 .functor BUFT 1, C4<00000>, C4<0>, C4<0>, C4<0>;
v0x5619f7d0afe0_0 .net/2u *"_ivl_292", 4 0, L_0x7fde4a223b58;  1 drivers
v0x5619f7d0b0c0_0 .net *"_ivl_294", 0 0, L_0x5619f7d3a760;  1 drivers
v0x5619f7d0b180_0 .net *"_ivl_296", 0 0, L_0x5619f7d3a890;  1 drivers
v0x5619f7d0b260_0 .net *"_ivl_298", 0 0, L_0x5619f7d3a9a0;  1 drivers
L_0x7fde4a223258 .functor BUFT 1, C4<00010>, C4<0>, C4<0>, C4<0>;
v0x5619f7d0b320_0 .net/2u *"_ivl_30", 4 0, L_0x7fde4a223258;  1 drivers
v0x5619f7d0b400_0 .net *"_ivl_306", 0 0, L_0x5619f7d3b200;  1 drivers
v0x5619f7d0b4e0_0 .net *"_ivl_308", 0 0, L_0x5619f7d3b270;  1 drivers
v0x5619f7d0b5c0_0 .net *"_ivl_314", 0 0, L_0x5619f7d3b730;  1 drivers
v0x5619f7d0b6a0_0 .net *"_ivl_316", 0 0, L_0x5619f7d3b830;  1 drivers
v0x5619f7d0b780_0 .net *"_ivl_318", 0 0, L_0x5619f7d3b610;  1 drivers
v0x5619f7d0b860_0 .net *"_ivl_322", 0 0, L_0x5619f7d3bbd0;  1 drivers
v0x5619f7d0b940_0 .net *"_ivl_324", 0 0, L_0x5619f7d3bce0;  1 drivers
v0x5619f7d0ba20_0 .net *"_ivl_328", 0 0, L_0x5619f7d3c050;  1 drivers
v0x5619f7d0bb00_0 .net *"_ivl_330", 0 0, L_0x5619f7d3c220;  1 drivers
v0x5619f7d0bbe0_0 .net *"_ivl_332", 0 0, L_0x5619f7d3c320;  1 drivers
v0x5619f7d0bcc0_0 .net *"_ivl_334", 0 0, L_0x5619f7d3c590;  1 drivers
v0x5619f7d0bda0_0 .net *"_ivl_338", 0 0, L_0x5619f7d3c920;  1 drivers
v0x5619f7d0be80_0 .net *"_ivl_340", 0 0, L_0x5619f7d3c990;  1 drivers
v0x5619f7d0bf60_0 .net *"_ivl_342", 0 0, L_0x5619f7d3cc20;  1 drivers
v0x5619f7d0c040_0 .net *"_ivl_344", 0 0, L_0x5619f7d3cc90;  1 drivers
v0x5619f7d0c120_0 .net *"_ivl_348", 0 0, L_0x5619f7d3d000;  1 drivers
v0x5619f7d0c200_0 .net *"_ivl_35", 4 0, L_0x5619f7d30c00;  1 drivers
v0x5619f7d0c2e0_0 .net *"_ivl_350", 0 0, L_0x5619f7d3d2b0;  1 drivers
v0x5619f7d0c3c0_0 .net *"_ivl_352", 0 0, L_0x5619f7d3d320;  1 drivers
v0x5619f7d0c4a0_0 .net *"_ivl_354", 0 0, L_0x5619f7d3d550;  1 drivers
L_0x7fde4a2232a0 .functor BUFT 1, C4<00100>, C4<0>, C4<0>, C4<0>;
v0x5619f7d0c580_0 .net/2u *"_ivl_36", 4 0, L_0x7fde4a2232a0;  1 drivers
v0x5619f7d0c660_0 .net *"_ivl_360", 0 0, L_0x5619f7d3d940;  1 drivers
v0x5619f7d0c740_0 .net *"_ivl_362", 0 0, L_0x5619f7d3d9b0;  1 drivers
v0x5619f7d0c820_0 .net *"_ivl_364", 0 0, L_0x5619f7d3dc50;  1 drivers
v0x5619f7d0c900_0 .net *"_ivl_368", 0 0, L_0x5619f7d3dd10;  1 drivers
v0x5619f7d0c9e0_0 .net *"_ivl_370", 0 0, L_0x5619f7d3df70;  1 drivers
v0x5619f7d0cac0_0 .net *"_ivl_372", 0 0, L_0x5619f7d3e030;  1 drivers
v0x5619f7d0cba0_0 .net *"_ivl_377", 0 0, L_0x5619f7d3e430;  1 drivers
v0x5619f7d0cc80_0 .net *"_ivl_379", 0 0, L_0x5619f7d3e4a0;  1 drivers
v0x5619f7d0cd60_0 .net *"_ivl_38", 0 0, L_0x5619f7d30d10;  1 drivers
v0x5619f7d0ce20_0 .net *"_ivl_381", 0 0, L_0x5619f7d3e770;  1 drivers
v0x5619f7d0cf00_0 .net *"_ivl_386", 0 0, L_0x5619f7d3ec20;  1 drivers
v0x5619f7d0cfe0_0 .net *"_ivl_388", 0 0, L_0x5619f7d3eeb0;  1 drivers
v0x5619f7d0d0c0_0 .net *"_ivl_390", 0 0, L_0x5619f7d3ef70;  1 drivers
v0x5619f7d0d1a0_0 .net *"_ivl_398", 0 0, L_0x5619f7d3f860;  1 drivers
v0x5619f7d0d280_0 .net *"_ivl_400", 0 0, L_0x5619f7d3f8d0;  1 drivers
v0x5619f7d0d360_0 .net *"_ivl_402", 0 0, L_0x5619f7d3fb80;  1 drivers
v0x5619f7d0d440_0 .net *"_ivl_404", 0 0, L_0x5619f7d3fc90;  1 drivers
v0x5619f7d0d520_0 .net *"_ivl_406", 0 0, L_0x5619f7d3fff0;  1 drivers
v0x5619f7d0d600_0 .net *"_ivl_41", 4 0, L_0x5619f7d30e50;  1 drivers
v0x5619f7d0d6e0_0 .net *"_ivl_410", 0 0, L_0x5619f7d400b0;  1 drivers
v0x5619f7d0d7c0_0 .net *"_ivl_412", 0 0, L_0x5619f7d403d0;  1 drivers
v0x5619f7d0d8a0_0 .net *"_ivl_417", 0 0, L_0x5619f7d405d0;  1 drivers
v0x5619f7d0d980_0 .net *"_ivl_419", 0 0, L_0x5619f7d408b0;  1 drivers
L_0x7fde4a2232e8 .functor BUFT 1, C4<10000>, C4<0>, C4<0>, C4<0>;
v0x5619f7d0da60_0 .net/2u *"_ivl_42", 4 0, L_0x7fde4a2232e8;  1 drivers
v0x5619f7d0db40_0 .net *"_ivl_422", 1 0, L_0x5619f7d409c0;  1 drivers
v0x5619f7d0dc20_0 .net *"_ivl_424", 1 0, L_0x5619f7d40d30;  1 drivers
v0x5619f7d0dd00_0 .net *"_ivl_433", 0 0, L_0x5619f7d418e0;  1 drivers
v0x5619f7d0dde0_0 .net *"_ivl_435", 0 0, L_0x5619f7d41950;  1 drivers
v0x5619f7d0e6d0_0 .net *"_ivl_437", 0 0, L_0x5619f7d41cf0;  1 drivers
v0x5619f7d0e7b0_0 .net *"_ivl_439", 0 0, L_0x5619f7d41d60;  1 drivers
v0x5619f7d0e890_0 .net *"_ivl_44", 0 0, L_0x5619f7d30f70;  1 drivers
v0x5619f7d0e950_0 .net *"_ivl_441", 0 0, L_0x5619f7d42160;  1 drivers
v0x5619f7d0ea30_0 .net *"_ivl_443", 0 0, L_0x5619f7d42260;  1 drivers
v0x5619f7d0eb10_0 .net *"_ivl_448", 0 0, L_0x5619f7d42770;  1 drivers
v0x5619f7d0ebf0_0 .net *"_ivl_450", 0 0, L_0x5619f7d42810;  1 drivers
v0x5619f7d0ecd0_0 .net *"_ivl_451", 31 0, L_0x5619f7d42ba0;  1 drivers
v0x5619f7d0edb0_0 .net *"_ivl_456", 0 0, L_0x5619f7d431c0;  1 drivers
v0x5619f7d0ee90_0 .net *"_ivl_458", 0 0, L_0x5619f7d43260;  1 drivers
v0x5619f7d0ef70_0 .net *"_ivl_459", 31 0, L_0x5619f7d43660;  1 drivers
v0x5619f7d0f050_0 .net *"_ivl_46", 0 0, L_0x5619f7d30ca0;  1 drivers
v0x5619f7d0f130_0 .net *"_ivl_470", 15 0, L_0x5619f7d441e0;  1 drivers
L_0x7fde4a223ba0 .functor BUFT 1, C4<0000000000000000>, C4<0>, C4<0>, C4<0>;
v0x5619f7d0f210_0 .net/2u *"_ivl_471", 15 0, L_0x7fde4a223ba0;  1 drivers
v0x5619f7d0f2f0_0 .net *"_ivl_478", 0 0, L_0x5619f7d44bb0;  1 drivers
v0x5619f7d0f3d0_0 .net *"_ivl_480", 0 0, L_0x5619f7d44c50;  1 drivers
L_0x7fde4a223be8 .functor BUFT 1, C4<0>, C4<0>, C4<0>, C4<0>;
v0x5619f7d0f4b0_0 .net/2u *"_ivl_481", 0 0, L_0x7fde4a223be8;  1 drivers
v0x5619f7d0f590_0 .net *"_ivl_486", 0 0, L_0x5619f7d45180;  1 drivers
v0x5619f7d0f670_0 .net *"_ivl_488", 30 0, L_0x5619f7d45580;  1 drivers
L_0x7fde4a223c30 .functor BUFT 1, C4<0>, C4<0>, C4<0>, C4<0>;
v0x5619f7d0f750_0 .net/2u *"_ivl_489", 0 0, L_0x7fde4a223c30;  1 drivers
v0x5619f7d0f830_0 .net *"_ivl_491", 31 0, L_0x5619f7d456b0;  1 drivers
v0x5619f7d0f910_0 .net *"_ivl_496", 0 0, L_0x5619f7d45c50;  1 drivers
v0x5619f7d0f9f0_0 .net *"_ivl_498", 29 0, L_0x5619f7d46100;  1 drivers
L_0x7fde4a223c78 .functor BUFT 1, C4<00>, C4<0>, C4<0>, C4<0>;
v0x5619f7d0fad0_0 .net/2u *"_ivl_499", 1 0, L_0x7fde4a223c78;  1 drivers
v0x5619f7d0fbb0_0 .net *"_ivl_501", 31 0, L_0x5619f7d461a0;  1 drivers
v0x5619f7d0fc90_0 .net *"_ivl_506", 0 0, L_0x5619f7d467b0;  1 drivers
v0x5619f7d0fd70_0 .net *"_ivl_508", 27 0, L_0x5619f7d46bf0;  1 drivers
L_0x7fde4a223cc0 .functor BUFT 1, C4<0000>, C4<0>, C4<0>, C4<0>;
v0x5619f7d0fe50_0 .net/2u *"_ivl_509", 3 0, L_0x7fde4a223cc0;  1 drivers
v0x5619f7d0ff30_0 .net *"_ivl_51", 4 0, L_0x5619f7d31260;  1 drivers
v0x5619f7d10010_0 .net *"_ivl_511", 31 0, L_0x5619f7d46ce0;  1 drivers
v0x5619f7d100f0_0 .net *"_ivl_516", 0 0, L_0x5619f7d47310;  1 drivers
v0x5619f7d101d0_0 .net *"_ivl_518", 23 0, L_0x5619f7d47770;  1 drivers
L_0x7fde4a223d08 .functor BUFT 1, C4<00000000>, C4<0>, C4<0>, C4<0>;
v0x5619f7d102b0_0 .net/2u *"_ivl_519", 7 0, L_0x7fde4a223d08;  1 drivers
L_0x7fde4a223330 .functor BUFT 1, C4<00101>, C4<0>, C4<0>, C4<0>;
v0x5619f7d10390_0 .net/2u *"_ivl_52", 4 0, L_0x7fde4a223330;  1 drivers
v0x5619f7d10470_0 .net *"_ivl_521", 31 0, L_0x5619f7d47860;  1 drivers
v0x5619f7d10550_0 .net *"_ivl_526", 0 0, L_0x5619f7d47eb0;  1 drivers
v0x5619f7d10630_0 .net *"_ivl_528", 15 0, L_0x5619f7d48330;  1 drivers
L_0x7fde4a223d50 .functor BUFT 1, C4<0000000000000000>, C4<0>, C4<0>, C4<0>;
v0x5619f7d10710_0 .net/2u *"_ivl_529", 15 0, L_0x7fde4a223d50;  1 drivers
v0x5619f7d107f0_0 .net *"_ivl_531", 31 0, L_0x5619f7d48420;  1 drivers
v0x5619f7d108d0_0 .net *"_ivl_536", 0 0, L_0x5619f7d48a90;  1 drivers
v0x5619f7d109b0_0 .net *"_ivl_537", 0 0, L_0x5619f7d49040;  1 drivers
v0x5619f7d10a90_0 .net *"_ivl_54", 0 0, L_0x5619f7d31390;  1 drivers
v0x5619f7d10b50_0 .net *"_ivl_540", 30 0, L_0x5619f7d490e0;  1 drivers
v0x5619f7d10c30_0 .net *"_ivl_541", 31 0, L_0x5619f7d49590;  1 drivers
v0x5619f7d10d10_0 .net *"_ivl_546", 0 0, L_0x5619f7d49c30;  1 drivers
v0x5619f7d10df0_0 .net *"_ivl_547", 1 0, L_0x5619f7d49cd0;  1 drivers
v0x5619f7d10ed0_0 .net *"_ivl_550", 29 0, L_0x5619f7d49770;  1 drivers
v0x5619f7d10fb0_0 .net *"_ivl_551", 31 0, L_0x5619f7d49860;  1 drivers
v0x5619f7d11090_0 .net *"_ivl_556", 0 0, L_0x5619f7d49ae0;  1 drivers
v0x5619f7d11170_0 .net *"_ivl_557", 3 0, L_0x5619f7d4a1c0;  1 drivers
v0x5619f7d11250_0 .net *"_ivl_560", 27 0, L_0x5619f7d4a370;  1 drivers
v0x5619f7d11330_0 .net *"_ivl_561", 31 0, L_0x5619f7d49d70;  1 drivers
v0x5619f7d11410_0 .net *"_ivl_566", 0 0, L_0x5619f7d49ff0;  1 drivers
v0x5619f7d114f0_0 .net *"_ivl_567", 7 0, L_0x5619f7d4a090;  1 drivers
v0x5619f7d115d0_0 .net *"_ivl_57", 4 0, L_0x5619f7d314d0;  1 drivers
v0x5619f7d116b0_0 .net *"_ivl_570", 23 0, L_0x5619f7d4a8e0;  1 drivers
v0x5619f7d11790_0 .net *"_ivl_571", 31 0, L_0x5619f7d4a9d0;  1 drivers
v0x5619f7d11870_0 .net *"_ivl_576", 0 0, L_0x5619f7d4a5a0;  1 drivers
v0x5619f7d11950_0 .net *"_ivl_577", 15 0, L_0x5619f7d4a640;  1 drivers
L_0x7fde4a223378 .functor BUFT 1, C4<10101>, C4<0>, C4<0>, C4<0>;
v0x5619f7d11a30_0 .net/2u *"_ivl_58", 4 0, L_0x7fde4a223378;  1 drivers
v0x5619f7d11b10_0 .net *"_ivl_580", 15 0, L_0x5619f7d4a6e0;  1 drivers
v0x5619f7d11bf0_0 .net *"_ivl_581", 31 0, L_0x5619f7d4a7d0;  1 drivers
v0x5619f7d11cd0_0 .net *"_ivl_586", 0 0, L_0x5619f7d4abb0;  1 drivers
v0x5619f7d11db0_0 .net *"_ivl_590", 0 0, L_0x5619f7d4ae30;  1 drivers
L_0x7fde4a223d98 .functor BUFT 1, C4<0>, C4<0>, C4<0>, C4<0>;
v0x5619f7d11e90_0 .net/2u *"_ivl_591", 0 0, L_0x7fde4a223d98;  1 drivers
v0x5619f7d11f70_0 .net *"_ivl_594", 0 0, L_0x5619f7d4aed0;  1 drivers
v0x5619f7d12050_0 .net *"_ivl_598", 0 0, L_0x5619f7d4b6d0;  1 drivers
L_0x7fde4a223de0 .functor BUFT 1, C4<0>, C4<0>, C4<0>, C4<0>;
v0x5619f7d12130_0 .net/2u *"_ivl_599", 0 0, L_0x7fde4a223de0;  1 drivers
v0x5619f7d12210_0 .net *"_ivl_60", 0 0, L_0x5619f7d31610;  1 drivers
v0x5619f7d122d0_0 .net *"_ivl_602", 0 0, L_0x5619f7d4b0b0;  1 drivers
v0x5619f7d123b0_0 .net *"_ivl_605", 32 0, L_0x5619f7d4b290;  1 drivers
v0x5619f7d12490_0 .net *"_ivl_607", 32 0, L_0x5619f7d4b330;  1 drivers
v0x5619f7d12570_0 .net *"_ivl_611", 32 0, L_0x5619f7d4bd60;  1 drivers
v0x5619f7d12650_0 .net *"_ivl_613", 32 0, L_0x5619f7d4b800;  1 drivers
v0x5619f7d12730_0 .net *"_ivl_618", 0 0, L_0x5619f7d4b9e0;  1 drivers
v0x5619f7d12810_0 .net *"_ivl_619", 0 0, L_0x5619f7d4b4c0;  1 drivers
v0x5619f7d128f0_0 .net *"_ivl_62", 0 0, L_0x5619f7d31700;  1 drivers
v0x5619f7d129d0_0 .net *"_ivl_621", 0 0, L_0x5619f7d4bad0;  1 drivers
v0x5619f7d12ab0_0 .net *"_ivl_626", 31 0, L_0x5619f7d4c620;  1 drivers
v0x5619f7d12b90_0 .net *"_ivl_628", 31 0, L_0x5619f7d4be00;  1 drivers
v0x5619f7d12c70_0 .net *"_ivl_640", 0 0, L_0x5619f7d4d290;  1 drivers
v0x5619f7d12d50_0 .net *"_ivl_644", 0 0, L_0x5619f7d4c760;  1 drivers
v0x5619f7d12e30_0 .net *"_ivl_648", 0 0, L_0x5619f7d4c990;  1 drivers
L_0x7fde4a223e28 .functor BUFT 1, C4<0000000000000000000000000000000>, C4<0>, C4<0>, C4<0>;
v0x5619f7d12f10_0 .net/2u *"_ivl_651", 30 0, L_0x7fde4a223e28;  1 drivers
v0x5619f7d12ff0_0 .net *"_ivl_654", 0 0, L_0x5619f7d4da40;  1 drivers
v0x5619f7d130d0_0 .net *"_ivl_666", 16 0, L_0x5619f7d4e4e0;  1 drivers
L_0x7fde4a223e70 .functor BUFT 1, C4<00010000000000010>, C4<0>, C4<0>, C4<0>;
v0x5619f7d131b0_0 .net/2u *"_ivl_667", 16 0, L_0x7fde4a223e70;  1 drivers
v0x5619f7d13290_0 .net *"_ivl_67", 3 0, L_0x5619f7d31900;  1 drivers
v0x5619f7d13370_0 .net *"_ivl_671", 0 0, L_0x5619f7d4dc20;  1 drivers
v0x5619f7d13450_0 .net *"_ivl_673", 31 0, L_0x5619f7d4dce0;  1 drivers
v0x5619f7d13530_0 .net *"_ivl_676", 12 0, L_0x5619f7d4dd80;  1 drivers
v0x5619f7d13610_0 .net *"_ivl_677", 14 0, L_0x5619f7d4de20;  1 drivers
L_0x7fde4a2233c0 .functor BUFT 1, C4<0011>, C4<0>, C4<0>, C4<0>;
v0x5619f7d136f0_0 .net/2u *"_ivl_68", 3 0, L_0x7fde4a2233c0;  1 drivers
L_0x7fde4a223eb8 .functor BUFT 1, C4<00>, C4<0>, C4<0>, C4<0>;
v0x5619f7d137d0_0 .net *"_ivl_680", 1 0, L_0x7fde4a223eb8;  1 drivers
L_0x7fde4a223f00 .functor BUFT 1, C4<xxxxxxxxxxxxxxxxxxxxxxxxxxxxxxxx>, C4<0>, C4<0>, C4<0>;
v0x5619f7d138b0_0 .net *"_ivl_681", 31 0, L_0x7fde4a223f00;  1 drivers
v0x5619f7d13990_0 .net *"_ivl_70", 0 0, L_0x5619f7d31570;  1 drivers
v0x5619f7d13a50_0 .net *"_ivl_73", 1 0, L_0x5619f7d31af0;  1 drivers
L_0x7fde4a223408 .functor BUFT 1, C4<11>, C4<0>, C4<0>, C4<0>;
v0x5619f7d13b30_0 .net/2u *"_ivl_74", 1 0, L_0x7fde4a223408;  1 drivers
v0x5619f7d13c10_0 .net *"_ivl_76", 0 0, L_0x5619f7d31c50;  1 drivers
v0x5619f7d13cd0_0 .net *"_ivl_78", 0 0, L_0x5619f7d31d90;  1 drivers
L_0x7fde4a223138 .functor BUFT 1, C4<00000000000000000000000000000000>, C4<0>, C4<0>, C4<0>;
v0x5619f7d13db0_0 .net/2u *"_ivl_8", 31 0, L_0x7fde4a223138;  1 drivers
v0x5619f7d13e90_0 .net *"_ivl_81", 3 0, L_0x5619f7d31ea0;  1 drivers
L_0x7fde4a223450 .functor BUFT 1, C4<1001>, C4<0>, C4<0>, C4<0>;
v0x5619f7d13f70_0 .net/2u *"_ivl_82", 3 0, L_0x7fde4a223450;  1 drivers
v0x5619f7d14050_0 .net *"_ivl_84", 0 0, L_0x5619f7d32010;  1 drivers
v0x5619f7d14110_0 .net *"_ivl_86", 0 0, L_0x5619f7d32150;  1 drivers
L_0x7fde4a223498 .functor BUFT 1, C4<001111>, C4<0>, C4<0>, C4<0>;
v0x5619f7d141f0_0 .net/2u *"_ivl_90", 5 0, L_0x7fde4a223498;  1 drivers
L_0x7fde4a2234e0 .functor BUFT 1, C4<100011>, C4<0>, C4<0>, C4<0>;
v0x5619f7d142d0_0 .net/2u *"_ivl_94", 5 0, L_0x7fde4a2234e0;  1 drivers
L_0x7fde4a223528 .functor BUFT 1, C4<101011>, C4<0>, C4<0>, C4<0>;
v0x5619f7d143b0_0 .net/2u *"_ivl_98", 5 0, L_0x7fde4a223528;  1 drivers
v0x5619f7d14490_0 .net "addsub_sel", 0 0, L_0x5619f7d4bbe0;  1 drivers
v0x5619f7d14550_0 .net "adrs", 31 0, L_0x5619f7d4d3d0;  1 drivers
v0x5619f7d14630_0 .net "alu_a", 31 0, L_0x5619f7d43c50;  alias, 1 drivers
v0x5619f7d14710_0 .net "alu_b", 31 0, L_0x5619f7d43fe0;  alias, 1 drivers
v0x5619f7d147f0_0 .net "alu_hzd", 0 0, L_0x5619f7d3b490;  1 drivers
v0x5619f7d148b0_0 .var "alu_q3", 31 0;
v0x5619f7d14990_0 .var "alu_q4", 31 0;
v0x5619f7d14a70_0 .net "alu_sel", 2 0, L_0x5619f7d40490;  1 drivers
v0x5619f7d14b50_0 .var "alu_sel2", 2 0;
v0x5619f7d14c30_0 .net "amt", 4 0, L_0x5619f7d446f0;  1 drivers
v0x5619f7d14d10_0 .net "and_or", 31 0, L_0x5619f7d4d330;  1 drivers
v0x5619f7d14df0_0 .net "brn_hzd", 0 0, L_0x5619f7d3b9d0;  1 drivers
v0x5619f7d14eb0_0 .net "brn_taken", 0 0, L_0x5619f7d36d40;  1 drivers
v0x5619f7d14f70_0 .net "clk", 0 0, v0x5619f7d1c120_0;  1 drivers
v0x5619f7d15030_0 .net "ctrl_hzd", 0 0, L_0x5619f7d3c690;  1 drivers
v0x5619f7d150f0_0 .net "dadd", 32 0, L_0x5619f7d4b420;  1 drivers
v0x5619f7d151d0_0 .net "daddsub", 31 0, L_0x5619f7d4bef0;  1 drivers
v0x5619f7d152b0_0 .net "dand", 31 0, L_0x5619f7d4c080;  1 drivers
v0x5619f7d15390_0 .net "data_hzd", 0 0, L_0x5619f7d3bf40;  1 drivers
L_0x7fde4a223f48 .functor BUFT 1, C4<00000000000000000000000000000000>, C4<0>, C4<0>, C4<0>;
v0x5619f7d15450_0 .net "din", 31 0, L_0x7fde4a223f48;  1 drivers
v0x5619f7d0dec0_0 .net "dlogic", 31 0, L_0x5619f7d4cb40;  1 drivers
v0x5619f7d0dfa0_0 .net "dlui", 31 0, L_0x5619f7d445b0;  1 drivers
v0x5619f7d0e080_0 .net "dnor", 31 0, L_0x5619f7d4cf10;  1 drivers
v0x5619f7d0e160_0 .net "dor", 31 0, L_0x5619f7d4c0f0;  1 drivers
v0x5619f7d0e240_0 .net "dout", 31 0, L_0x5619f7d4d440;  1 drivers
v0x5619f7d0e320_0 .net "dpc", 31 0, L_0x5619f7d44120;  1 drivers
v0x5619f7d0e400_0 .net "dshift", 31 0, L_0x5619f7d4aca0;  1 drivers
v0x5619f7d0e4e0_0 .net "dsl", 31 0, L_0x5619f7d48950;  1 drivers
v0x5619f7d0e5c0_0 .net "dslt", 31 0, L_0x5619f7d4dae0;  1 drivers
v0x5619f7d16520_0 .net "dsr", 31 0, L_0x5619f7d4b010;  1 drivers
v0x5619f7d16600_0 .net "dst", 4 0, L_0x5619f7d34720;  1 drivers
v0x5619f7d166e0_0 .var "dst2", 4 0;
v0x5619f7d167c0_0 .var "dst3", 4 0;
v0x5619f7d168a0_0 .var "dst4", 4 0;
v0x5619f7d16980_0 .net "dsub", 32 0, L_0x5619f7d4b8a0;  1 drivers
v0x5619f7d16a60_0 .net "dxor", 31 0, L_0x5619f7d4c160;  1 drivers
v0x5619f7d16b40_0 .net "en_dly", 0 0, L_0x7fde4a2230a8;  alias, 1 drivers
v0x5619f7d16c00_0 .net "en_fwd", 0 0, L_0x7fde4a223060;  alias, 1 drivers
v0x5619f7d16cc0_0 .net "en_hzd", 0 0, L_0x7fde4a223018;  alias, 1 drivers
v0x5619f7d16d80_0 .net "ex_mem", 0 0, L_0x5619f7d3aff0;  1 drivers
v0x5619f7d16e40_0 .net "ex_mem_a", 0 0, L_0x5619f7d3a570;  1 drivers
v0x5619f7d16f00_0 .net "ex_mem_b", 0 0, L_0x5619f7d3ace0;  1 drivers
v0x5619f7d16fc0_0 .net "fn", 5 0, L_0x5619f7d30660;  1 drivers
v0x5619f7d170a0_0 .net "fwd_alu_a", 31 0, L_0x5619f7d42d30;  1 drivers
v0x5619f7d17180_0 .net "fwd_alu_b", 31 0, L_0x5619f7d437a0;  1 drivers
v0x5619f7d17260_0 .net "fwd_ex_sel_a", 1 0, L_0x5619f7d3e2f0;  1 drivers
v0x5619f7d17340_0 .var "fwd_ex_sel_a2", 1 0;
v0x5619f7d17420_0 .net "fwd_ex_sel_b", 1 0, L_0x5619f7d3e880;  1 drivers
v0x5619f7d17500_0 .var "fwd_ex_sel_b2", 1 0;
v0x5619f7d175e0_0 .net "fwd_id_sel_a", 0 0, L_0x5619f7d3cf40;  1 drivers
v0x5619f7d176a0_0 .net "fwd_id_sel_b", 0 0, L_0x5619f7d3d660;  1 drivers
v0x5619f7d17760_0 .net "fwd_reg_a", 31 0, L_0x5619f7d3f2b0;  1 drivers
v0x5619f7d17840_0 .net "fwd_reg_b", 31 0, L_0x5619f7d3f470;  1 drivers
v0x5619f7d17920_0 .net "halt", 0 0, L_0x5619f7d339b0;  alias, 1 drivers
v0x5619f7d179e0_0 .net "i_add", 0 0, L_0x5619f7d31150;  1 drivers
v0x5619f7d17aa0_0 .net "i_brn", 0 0, L_0x5619f7d30b60;  1 drivers
v0x5619f7d17b60_0 .net "i_comp", 0 0, L_0x5619f7d317c0;  1 drivers
v0x5619f7d17c20_0 .net "i_j", 0 0, L_0x5619f7d30880;  1 drivers
v0x5619f7d17ce0_0 .net "i_jal", 0 0, L_0x5619f7d30970;  1 drivers
v0x5619f7d17da0_0 .net "i_jr", 0 0, L_0x5619f7d33230;  1 drivers
v0x5619f7d17e60_0 .net "i_logic", 0 0, L_0x5619f7d32250;  1 drivers
v0x5619f7d17f20_0 .net "i_lui", 0 0, L_0x5619f7d32310;  1 drivers
v0x5619f7d17fe0_0 .net "i_lw", 0 0, L_0x5619f7d324e0;  1 drivers
v0x5619f7d180a0_0 .net "i_rfmt", 0 0, L_0x5619f7d30790;  1 drivers
v0x5619f7d18160_0 .net "i_shift", 0 0, L_0x5619f7d32f70;  1 drivers
v0x5619f7d18220_0 .net "i_sub", 0 0, L_0x5619f7d333f0;  1 drivers
v0x5619f7d182e0_0 .net "i_sw", 0 0, L_0x5619f7d325d0;  1 drivers
v0x5619f7d183a0_0 .net "i_syscall", 0 0, L_0x5619f7d33510;  1 drivers
v0x5619f7d18460_0 .net "id_ex", 0 0, L_0x5619f7d3aee0;  1 drivers
v0x5619f7d18520_0 .net "id_ex_a", 0 0, L_0x5619f7d39730;  1 drivers
v0x5619f7d185e0_0 .net "id_ex_b", 0 0, L_0x5619f7d39e60;  1 drivers
v0x5619f7d186a0_0 .net "imm_val", 31 0, L_0x5619f7d35c40;  1 drivers
v0x5619f7d18780_0 .var "imm_val2", 31 0;
v0x5619f7d18860_0 .net "inst", 31 0, L_0x5619f7d30310;  1 drivers
v0x5619f7d18940_0 .var "inst1", 31 0;
v0x5619f7d18a20_0 .var "nop1", 0 0;
v0x5619f7d18ae0_0 .net "op", 5 0, L_0x5619f7d30520;  1 drivers
v0x5619f7d18bc0_0 .net "op_sel", 1 0, L_0x5619f7d40dd0;  1 drivers
v0x5619f7d18ca0_0 .var "op_sel2", 1 0;
v0x5619f7d18d80_0 .var "pc0", 31 0;
v0x5619f7d18e60_0 .var "pc1", 31 0;
v0x5619f7d18f40_0 .var "pc2", 31 0;
v0x5619f7d19020_0 .net "pc_brn", 31 0, L_0x5619f7d37d20;  1 drivers
v0x5619f7d19100_0 .net "pc_din", 31 0, L_0x5619f7d38e30;  1 drivers
v0x5619f7d191e0_0 .net "pc_din0", 31 0, L_0x5619f7d38540;  1 drivers
v0x5619f7d192c0_0 .net "pc_din1", 31 0, L_0x5619f7d389b0;  1 drivers
v0x5619f7d193a0_0 .net "pc_jump", 31 0, L_0x5619f7d37440;  1 drivers
v0x5619f7d19480_0 .net "pc_next", 31 0, L_0x5619f7d36e00;  1 drivers
v0x5619f7d19560_0 .net "pc_reg", 31 0, L_0x5619f7d375d0;  1 drivers
v0x5619f7d19640_0 .net "pc_sel", 1 0, L_0x5619f7d38010;  1 drivers
v0x5619f7d19720_0 .net "ram_cs", 0 0, L_0x5619f7d4e690;  1 drivers
v0x5619f7d197e0 .array "ram_data", 8191 0, 31 0;
v0x5619f7d198a0_0 .var "ram_din3", 31 0;
v0x5619f7d19980_0 .net "ram_dout", 31 0, L_0x5619f7d4dfb0;  1 drivers
v0x5619f7d19a60_0 .var "ram_dout4", 31 0;
v0x5619f7d19b40_0 .net "ram_hzd", 0 0, L_0x5619f7d3b5a0;  1 drivers
v0x5619f7d19c00_0 .net "ram_rd", 0 0, L_0x5619f7d414e0;  1 drivers
v0x5619f7d19cc0_0 .var "ram_rd2", 0 0;
v0x5619f7d19d80_0 .var "ram_rd3", 0 0;
v0x5619f7d19e40_0 .var "ram_rd4", 0 0;
v0x5619f7d19f00_0 .net "ram_wr", 0 0, L_0x5619f7d41550;  1 drivers
v0x5619f7d19fc0_0 .var "ram_wr2", 0 0;
v0x5619f7d1a080_0 .var "ram_wr3", 0 0;
v0x5619f7d1a140_0 .net "rd", 0 0, L_0x5619f7d4d820;  1 drivers
v0x5619f7d1a200_0 .net "reg_a", 31 0, L_0x5619f7d34e70;  1 drivers
v0x5619f7d1a2e0_0 .var "reg_a2", 31 0;
v0x5619f7d1a3c0_0 .net "reg_b", 31 0, L_0x5619f7d35810;  1 drivers
v0x5619f7d1a4a0_0 .var "reg_b2", 31 0;
v0x5619f7d1a580_0 .net "reg_din", 31 0, L_0x5619f7d4ed90;  alias, 1 drivers
v0x5619f7d1a660 .array "reg_file", 31 0, 31 0;
v0x5619f7d1a720_0 .net "reg_wr", 0 0, L_0x5619f7d42620;  1 drivers
v0x5619f7d1a7e0_0 .var "reg_wr2", 0 0;
v0x5619f7d1a8a0_0 .var "reg_wr3", 0 0;
v0x5619f7d1a960_0 .var "reg_wr4", 0 0;
v0x5619f7d1aa20_0 .net "rom_cs", 0 0, L_0x5619f7d30080;  1 drivers
v0x5619f7d1aae0_0 .net "rom_data", 31 0, v0x5619f7cf4550_0;  1 drivers
v0x5619f7d1aba0_0 .net "rst", 0 0, v0x5619f7d1e060_0;  1 drivers
v0x5619f7d1ac40_0 .net "sgn_a", 0 0, L_0x5619f7d4b590;  1 drivers
v0x5619f7d1ad00_0 .net "sgn_b", 0 0, L_0x5619f7d4b150;  1 drivers
v0x5619f7d1adc0_0 .net "si", 0 0, L_0x5619f7d45040;  1 drivers
v0x5619f7d1ae80_0 .net "sl0", 31 0, L_0x5619f7d45b10;  1 drivers
v0x5619f7d1af60_0 .net "sl1", 31 0, L_0x5619f7d46670;  1 drivers
v0x5619f7d1b040_0 .net "sl2", 31 0, L_0x5619f7d471d0;  1 drivers
v0x5619f7d1b120_0 .net "sl3", 31 0, L_0x5619f7d47d70;  1 drivers
v0x5619f7d1b200_0 .net "sr0", 31 0, L_0x5619f7d496d0;  1 drivers
v0x5619f7d1b2e0_0 .net "sr1", 31 0, L_0x5619f7d499a0;  1 drivers
v0x5619f7d1b3c0_0 .net "sr2", 31 0, L_0x5619f7d49eb0;  1 drivers
v0x5619f7d1b4a0_0 .net "sr3", 31 0, L_0x5619f7d4a460;  1 drivers
v0x5619f7d1b580_0 .net "src_a", 4 0, L_0x5619f7d33a70;  1 drivers
v0x5619f7d1b660_0 .net "src_b", 4 0, L_0x5619f7d33ed0;  1 drivers
v0x5619f7d1b740_0 .net "src_sel_b", 0 0, L_0x5619f7d411f0;  1 drivers
v0x5619f7d1b800_0 .var "src_sel_b2", 0 0;
v0x5619f7d1b8c0_0 .net "wr", 0 0, L_0x5619f7d4d8e0;  1 drivers
v0x5619f7d1b980_0 .net "xor_nor", 31 0, L_0x5619f7d4c800;  1 drivers
E_0x5619f7c2e100 .event negedge, v0x5619f7d14f70_0;
E_0x5619f7c674b0/0 .event negedge, v0x5619f7d1aba0_0;
E_0x5619f7c674b0/1 .event posedge, v0x5619f7d14f70_0;
E_0x5619f7c674b0 .event/or E_0x5619f7c674b0/0, E_0x5619f7c674b0/1;
E_0x5619f7c175d0 .event posedge, v0x5619f7d14f70_0;
L_0x5619f7d1f370 .part v0x5619f7d18d80_0, 11, 21;
L_0x5619f7d30080 .cmp/eq 21, L_0x5619f7d1f370, L_0x7fde4a2230f0;
L_0x5619f7d301f0 .part v0x5619f7d18d80_0, 2, 9;
L_0x5619f7d30310 .functor MUXZ 32, L_0x7fde4a223138, v0x5619f7cf4550_0, L_0x5619f7d30080, C4<>;
L_0x5619f7d30520 .part v0x5619f7d18940_0, 26, 6;
L_0x5619f7d30660 .part v0x5619f7d18940_0, 0, 6;
L_0x5619f7d30790 .cmp/eq 6, L_0x5619f7d30520, L_0x7fde4a223180;
L_0x5619f7d30880 .cmp/eq 6, L_0x5619f7d30520, L_0x7fde4a2231c8;
L_0x5619f7d30970 .cmp/eq 6, L_0x5619f7d30520, L_0x7fde4a223210;
L_0x5619f7d30a60 .part L_0x5619f7d30520, 1, 5;
L_0x5619f7d30b60 .cmp/eq 5, L_0x5619f7d30a60, L_0x7fde4a223258;
L_0x5619f7d30c00 .part L_0x5619f7d30520, 1, 5;
L_0x5619f7d30d10 .cmp/eq 5, L_0x5619f7d30c00, L_0x7fde4a2232a0;
L_0x5619f7d30e50 .part L_0x5619f7d30660, 1, 5;
L_0x5619f7d30f70 .cmp/eq 5, L_0x5619f7d30e50, L_0x7fde4a2232e8;
L_0x5619f7d31260 .part L_0x5619f7d30520, 1, 5;
L_0x5619f7d31390 .cmp/eq 5, L_0x5619f7d31260, L_0x7fde4a223330;
L_0x5619f7d314d0 .part L_0x5619f7d30660, 1, 5;
L_0x5619f7d31610 .cmp/eq 5, L_0x5619f7d314d0, L_0x7fde4a223378;
L_0x5619f7d31900 .part L_0x5619f7d30520, 2, 4;
L_0x5619f7d31570 .cmp/eq 4, L_0x5619f7d31900, L_0x7fde4a2233c0;
L_0x5619f7d31af0 .part L_0x5619f7d30520, 0, 2;
L_0x5619f7d31c50 .cmp/ne 2, L_0x5619f7d31af0, L_0x7fde4a223408;
L_0x5619f7d31ea0 .part L_0x5619f7d30660, 2, 4;
L_0x5619f7d32010 .cmp/eq 4, L_0x5619f7d31ea0, L_0x7fde4a223450;
L_0x5619f7d32310 .cmp/eq 6, L_0x5619f7d30520, L_0x7fde4a223498;
L_0x5619f7d324e0 .cmp/eq 6, L_0x5619f7d30520, L_0x7fde4a2234e0;
L_0x5619f7d325d0 .cmp/eq 6, L_0x5619f7d30520, L_0x7fde4a223528;
L_0x5619f7d327b0 .part L_0x5619f7d30660, 2, 4;
L_0x5619f7d32880 .cmp/eq 4, L_0x5619f7d327b0, L_0x7fde4a223570;
L_0x5619f7d32af0 .part L_0x5619f7d30660, 0, 2;
L_0x5619f7d32b90 .cmp/ne 2, L_0x5619f7d32af0, L_0x7fde4a2235b8;
L_0x5619f7d33030 .cmp/eq 6, L_0x5619f7d30660, L_0x7fde4a223600;
L_0x5619f7d33350 .cmp/eq 6, L_0x5619f7d30660, L_0x7fde4a223648;
L_0x5619f7d335d0 .part L_0x5619f7d30660, 1, 5;
L_0x5619f7d336a0 .cmp/eq 5, L_0x5619f7d335d0, L_0x7fde4a223690;
L_0x5619f7d33a70 .part v0x5619f7d18940_0, 21, 5;
L_0x5619f7d33cf0 .part v0x5619f7d18940_0, 16, 5;
L_0x5619f7d33ed0 .functor MUXZ 5, L_0x7fde4a2236d8, L_0x5619f7d33cf0, L_0x5619f7d33940, C4<>;
L_0x5619f7d340b0 .part v0x5619f7d18940_0, 11, 5;
L_0x5619f7d342a0 .part v0x5619f7d18940_0, 16, 5;
L_0x5619f7d34340 .functor MUXZ 5, L_0x7fde4a223768, L_0x5619f7d342a0, L_0x5619f7d42620, C4<>;
L_0x5619f7d345e0 .functor MUXZ 5, L_0x5619f7d34340, L_0x5619f7d340b0, L_0x5619f7d30790, C4<>;
L_0x5619f7d34720 .functor MUXZ 5, L_0x5619f7d345e0, L_0x7fde4a223720, L_0x5619f7d30970, C4<>;
L_0x5619f7d34a70 .cmp/eq 5, L_0x5619f7d33a70, L_0x7fde4a2237b0;
L_0x5619f7d34b60 .array/port v0x5619f7d1a660, L_0x5619f7d34d80;
L_0x5619f7d34d80 .concat [ 5 2 0 0], L_0x5619f7d33a70, L_0x7fde4a223840;
L_0x5619f7d34e70 .functor MUXZ 32, L_0x5619f7d34b60, L_0x7fde4a2237f8, L_0x5619f7d34a70, C4<>;
L_0x5619f7d351e0 .cmp/eq 5, L_0x5619f7d33ed0, L_0x7fde4a223888;
L_0x5619f7d352d0 .array/port v0x5619f7d1a660, L_0x5619f7d35510;
L_0x5619f7d35510 .concat [ 5 2 0 0], L_0x5619f7d33ed0, L_0x7fde4a223918;
L_0x5619f7d35810 .functor MUXZ 32, L_0x5619f7d352d0, L_0x7fde4a2238d0, L_0x5619f7d351e0, C4<>;
L_0x5619f7d35ba0 .part v0x5619f7d18940_0, 0, 16;
L_0x5619f7d35c40 .concat8 [ 16 16 0 0], L_0x5619f7d35ba0, L_0x5619f7d36650;
L_0x5619f7d35f40 .part v0x5619f7d18940_0, 15, 1;
LS_0x5619f7d35fe0_0_0 .concat [ 1 1 1 1], L_0x5619f7d35f40, L_0x5619f7d35f40, L_0x5619f7d35f40, L_0x5619f7d35f40;
LS_0x5619f7d35fe0_0_4 .concat [ 1 1 1 1], L_0x5619f7d35f40, L_0x5619f7d35f40, L_0x5619f7d35f40, L_0x5619f7d35f40;
LS_0x5619f7d35fe0_0_8 .concat [ 1 1 1 1], L_0x5619f7d35f40, L_0x5619f7d35f40, L_0x5619f7d35f40, L_0x5619f7d35f40;
LS_0x5619f7d35fe0_0_12 .concat [ 1 1 1 1], L_0x5619f7d35f40, L_0x5619f7d35f40, L_0x5619f7d35f40, L_0x5619f7d35f40;
L_0x5619f7d35fe0 .concat [ 4 4 4 4], LS_0x5619f7d35fe0_0_0, LS_0x5619f7d35fe0_0_4, LS_0x5619f7d35fe0_0_8, LS_0x5619f7d35fe0_0_12;
L_0x5619f7d36650 .functor MUXZ 16, L_0x5619f7d35fe0, L_0x7fde4a223960, L_0x5619f7d32250, C4<>;
L_0x5619f7d367e0 .part L_0x5619f7d30520, 0, 1;
L_0x5619f7d36a60 .cmp/eq 32, L_0x5619f7d3f2b0, L_0x5619f7d3f470;
L_0x5619f7d36e00 .arith/sum 32, v0x5619f7d18d80_0, L_0x7fde4a2239a8;
L_0x5619f7d37100 .part v0x5619f7d18d80_0, 28, 4;
L_0x5619f7d371a0 .part v0x5619f7d18940_0, 0, 26;
L_0x5619f7d37440 .concat [ 2 26 4 0], L_0x7fde4a2239f0, L_0x5619f7d371a0, L_0x5619f7d37100;
L_0x5619f7d375d0 .functor MUXZ 32, L_0x5619f7d34e70, v0x5619f7d148b0_0, L_0x5619f7d3cf40, C4<>;
L_0x5619f7d37920 .part L_0x5619f7d35c40, 0, 30;
L_0x5619f7d379c0 .concat [ 2 30 0 0], L_0x7fde4a223a38, L_0x5619f7d37920;
L_0x5619f7d37d20 .arith/sum 32, v0x5619f7d18d80_0, L_0x5619f7d379c0;
L_0x5619f7d38010 .concat8 [ 1 1 0 0], L_0x5619f7d37f50, L_0x5619f7d38330;
L_0x5619f7d37eb0 .part L_0x5619f7d38010, 0, 1;
L_0x5619f7d38540 .functor MUXZ 32, L_0x5619f7d36e00, L_0x5619f7d37440, L_0x5619f7d37eb0, C4<>;
L_0x5619f7d38910 .part L_0x5619f7d38010, 0, 1;
L_0x5619f7d389b0 .functor MUXZ 32, L_0x5619f7d375d0, L_0x5619f7d37d20, L_0x5619f7d38910, C4<>;
L_0x5619f7d38d90 .part L_0x5619f7d38010, 1, 1;
L_0x5619f7d38e30 .functor MUXZ 32, L_0x5619f7d38540, L_0x5619f7d389b0, L_0x5619f7d38d90, C4<>;
L_0x5619f7d39220 .cmp/ne 5, v0x5619f7d166e0_0, L_0x7fde4a223a80;
L_0x5619f7d39420 .cmp/eq 5, v0x5619f7d166e0_0, L_0x5619f7d33a70;
L_0x5619f7d39900 .cmp/ne 5, v0x5619f7d166e0_0, L_0x7fde4a223ac8;
L_0x5619f7d39b40 .cmp/eq 5, v0x5619f7d166e0_0, L_0x5619f7d33ed0;
L_0x5619f7d3a040 .cmp/ne 5, v0x5619f7d167c0_0, L_0x7fde4a223b10;
L_0x5619f7d3a240 .cmp/eq 5, v0x5619f7d167c0_0, L_0x5619f7d33a70;
L_0x5619f7d3a760 .cmp/ne 5, v0x5619f7d167c0_0, L_0x7fde4a223b58;
L_0x5619f7d3a9a0 .cmp/eq 5, v0x5619f7d167c0_0, L_0x5619f7d33ed0;
L_0x5619f7d3e2f0 .concat8 [ 1 1 0 0], L_0x5619f7d3dc50, L_0x5619f7d3e770;
L_0x5619f7d3e880 .concat8 [ 1 1 0 0], L_0x5619f7d3e030, L_0x5619f7d3ef70;
L_0x5619f7d3f2b0 .functor MUXZ 32, L_0x5619f7d34e70, v0x5619f7d148b0_0, L_0x5619f7d3cf40, C4<>;
L_0x5619f7d3f470 .functor MUXZ 32, L_0x5619f7d35810, v0x5619f7d148b0_0, L_0x5619f7d3d660, C4<>;
L_0x5619f7d40490 .concat8 [ 1 1 1 0], L_0x5619f7d3fff0, L_0x5619f7d403d0, L_0x5619f7d408b0;
L_0x5619f7d409c0 .part L_0x5619f7d30660, 0, 2;
L_0x5619f7d40d30 .part L_0x5619f7d30520, 0, 2;
L_0x5619f7d40dd0 .functor MUXZ 2, L_0x5619f7d40d30, L_0x5619f7d409c0, L_0x5619f7d30790, C4<>;
L_0x5619f7d42770 .part v0x5619f7d17340_0, 0, 1;
L_0x5619f7d42810 .part v0x5619f7d17340_0, 1, 1;
L_0x5619f7d42ba0 .functor MUXZ 32, v0x5619f7d1a2e0_0, L_0x5619f7d4ed90, L_0x5619f7d42810, C4<>;
L_0x5619f7d42d30 .functor MUXZ 32, L_0x5619f7d42ba0, v0x5619f7d148b0_0, L_0x5619f7d42770, C4<>;
L_0x5619f7d431c0 .part v0x5619f7d17500_0, 0, 1;
L_0x5619f7d43260 .part v0x5619f7d17500_0, 1, 1;
L_0x5619f7d43660 .functor MUXZ 32, v0x5619f7d1a4a0_0, L_0x5619f7d4ed90, L_0x5619f7d43260, C4<>;
L_0x5619f7d437a0 .functor MUXZ 32, L_0x5619f7d43660, v0x5619f7d148b0_0, L_0x5619f7d431c0, C4<>;
L_0x5619f7d43fe0 .functor MUXZ 32, v0x5619f7d18780_0, L_0x5619f7d437a0, v0x5619f7d1b800_0, C4<>;
L_0x5619f7d441e0 .part v0x5619f7d18780_0, 0, 16;
L_0x5619f7d445b0 .concat [ 16 16 0 0], L_0x7fde4a223ba0, L_0x5619f7d441e0;
L_0x5619f7d446f0 .part v0x5619f7d18780_0, 6, 5;
L_0x5619f7d44bb0 .part v0x5619f7d18ca0_0, 0, 1;
L_0x5619f7d44c50 .part L_0x5619f7d43fe0, 31, 1;
L_0x5619f7d45040 .functor MUXZ 1, L_0x7fde4a223be8, L_0x5619f7d44c50, L_0x5619f7d44bb0, C4<>;
L_0x5619f7d45180 .part L_0x5619f7d446f0, 0, 1;
L_0x5619f7d45580 .part L_0x5619f7d43fe0, 0, 31;
L_0x5619f7d456b0 .concat [ 1 31 0 0], L_0x7fde4a223c30, L_0x5619f7d45580;
L_0x5619f7d45b10 .functor MUXZ 32, L_0x5619f7d43fe0, L_0x5619f7d456b0, L_0x5619f7d45180, C4<>;
L_0x5619f7d45c50 .part L_0x5619f7d446f0, 1, 1;
L_0x5619f7d46100 .part L_0x5619f7d45b10, 0, 30;
L_0x5619f7d461a0 .concat [ 2 30 0 0], L_0x7fde4a223c78, L_0x5619f7d46100;
L_0x5619f7d46670 .functor MUXZ 32, L_0x5619f7d45b10, L_0x5619f7d461a0, L_0x5619f7d45c50, C4<>;
L_0x5619f7d467b0 .part L_0x5619f7d446f0, 2, 1;
L_0x5619f7d46bf0 .part L_0x5619f7d46670, 0, 28;
L_0x5619f7d46ce0 .concat [ 4 28 0 0], L_0x7fde4a223cc0, L_0x5619f7d46bf0;
L_0x5619f7d471d0 .functor MUXZ 32, L_0x5619f7d46670, L_0x5619f7d46ce0, L_0x5619f7d467b0, C4<>;
L_0x5619f7d47310 .part L_0x5619f7d446f0, 3, 1;
L_0x5619f7d47770 .part L_0x5619f7d471d0, 0, 24;
L_0x5619f7d47860 .concat [ 8 24 0 0], L_0x7fde4a223d08, L_0x5619f7d47770;
L_0x5619f7d47d70 .functor MUXZ 32, L_0x5619f7d471d0, L_0x5619f7d47860, L_0x5619f7d47310, C4<>;
L_0x5619f7d47eb0 .part L_0x5619f7d446f0, 4, 1;
L_0x5619f7d48330 .part L_0x5619f7d47d70, 0, 16;
L_0x5619f7d48420 .concat [ 16 16 0 0], L_0x7fde4a223d50, L_0x5619f7d48330;
L_0x5619f7d48950 .functor MUXZ 32, L_0x5619f7d47d70, L_0x5619f7d48420, L_0x5619f7d47eb0, C4<>;
L_0x5619f7d48a90 .part L_0x5619f7d446f0, 0, 1;
L_0x5619f7d49040 .concat [ 1 0 0 0], L_0x5619f7d45040;
L_0x5619f7d490e0 .part L_0x5619f7d43fe0, 1, 31;
L_0x5619f7d49590 .concat [ 31 1 0 0], L_0x5619f7d490e0, L_0x5619f7d49040;
L_0x5619f7d496d0 .functor MUXZ 32, L_0x5619f7d43fe0, L_0x5619f7d49590, L_0x5619f7d48a90, C4<>;
L_0x5619f7d49c30 .part L_0x5619f7d446f0, 1, 1;
L_0x5619f7d49cd0 .concat [ 1 1 0 0], L_0x5619f7d45040, L_0x5619f7d45040;
L_0x5619f7d49770 .part L_0x5619f7d496d0, 2, 30;
L_0x5619f7d49860 .concat [ 30 2 0 0], L_0x5619f7d49770, L_0x5619f7d49cd0;
L_0x5619f7d499a0 .functor MUXZ 32, L_0x5619f7d496d0, L_0x5619f7d49860, L_0x5619f7d49c30, C4<>;
L_0x5619f7d49ae0 .part L_0x5619f7d446f0, 2, 1;
L_0x5619f7d4a1c0 .concat [ 1 1 1 1], L_0x5619f7d45040, L_0x5619f7d45040, L_0x5619f7d45040, L_0x5619f7d45040;
L_0x5619f7d4a370 .part L_0x5619f7d499a0, 4, 28;
L_0x5619f7d49d70 .concat [ 28 4 0 0], L_0x5619f7d4a370, L_0x5619f7d4a1c0;
L_0x5619f7d49eb0 .functor MUXZ 32, L_0x5619f7d499a0, L_0x5619f7d49d70, L_0x5619f7d49ae0, C4<>;
L_0x5619f7d49ff0 .part L_0x5619f7d446f0, 3, 1;
LS_0x5619f7d4a090_0_0 .concat [ 1 1 1 1], L_0x5619f7d45040, L_0x5619f7d45040, L_0x5619f7d45040, L_0x5619f7d45040;
LS_0x5619f7d4a090_0_4 .concat [ 1 1 1 1], L_0x5619f7d45040, L_0x5619f7d45040, L_0x5619f7d45040, L_0x5619f7d45040;
L_0x5619f7d4a090 .concat [ 4 4 0 0], LS_0x5619f7d4a090_0_0, LS_0x5619f7d4a090_0_4;
L_0x5619f7d4a8e0 .part L_0x5619f7d49eb0, 8, 24;
L_0x5619f7d4a9d0 .concat [ 24 8 0 0], L_0x5619f7d4a8e0, L_0x5619f7d4a090;
L_0x5619f7d4a460 .functor MUXZ 32, L_0x5619f7d49eb0, L_0x5619f7d4a9d0, L_0x5619f7d49ff0, C4<>;
L_0x5619f7d4a5a0 .part L_0x5619f7d446f0, 4, 1;
LS_0x5619f7d4a640_0_0 .concat [ 1 1 1 1], L_0x5619f7d45040, L_0x5619f7d45040, L_0x5619f7d45040, L_0x5619f7d45040;
LS_0x5619f7d4a640_0_4 .concat [ 1 1 1 1], L_0x5619f7d45040, L_0x5619f7d45040, L_0x5619f7d45040, L_0x5619f7d45040;
LS_0x5619f7d4a640_0_8 .concat [ 1 1 1 1], L_0x5619f7d45040, L_0x5619f7d45040, L_0x5619f7d45040, L_0x5619f7d45040;
LS_0x5619f7d4a640_0_12 .concat [ 1 1 1 1], L_0x5619f7d45040, L_0x5619f7d45040, L_0x5619f7d45040, L_0x5619f7d45040;
L_0x5619f7d4a640 .concat [ 4 4 4 4], LS_0x5619f7d4a640_0_0, LS_0x5619f7d4a640_0_4, LS_0x5619f7d4a640_0_8, LS_0x5619f7d4a640_0_12;
L_0x5619f7d4a6e0 .part L_0x5619f7d4a460, 16, 16;
L_0x5619f7d4a7d0 .concat [ 16 16 0 0], L_0x5619f7d4a6e0, L_0x5619f7d4a640;
L_0x5619f7d4b010 .functor MUXZ 32, L_0x5619f7d4a460, L_0x5619f7d4a7d0, L_0x5619f7d4a5a0, C4<>;
L_0x5619f7d4abb0 .part v0x5619f7d18ca0_0, 1, 1;
L_0x5619f7d4aca0 .functor MUXZ 32, L_0x5619f7d48950, L_0x5619f7d4b010, L_0x5619f7d4abb0, C4<>;
L_0x5619f7d4ae30 .part v0x5619f7d18ca0_0, 0, 1;
L_0x5619f7d4aed0 .part L_0x5619f7d43c50, 31, 1;
L_0x5619f7d4b590 .functor MUXZ 1, L_0x5619f7d4aed0, L_0x7fde4a223d98, L_0x5619f7d4ae30, C4<>;
L_0x5619f7d4b6d0 .part v0x5619f7d18ca0_0, 0, 1;
L_0x5619f7d4b0b0 .part L_0x5619f7d43fe0, 31, 1;
L_0x5619f7d4b150 .functor MUXZ 1, L_0x5619f7d4b0b0, L_0x7fde4a223de0, L_0x5619f7d4b6d0, C4<>;
L_0x5619f7d4b290 .concat [ 32 1 0 0], L_0x5619f7d43c50, L_0x5619f7d4b590;
L_0x5619f7d4b330 .concat [ 32 1 0 0], L_0x5619f7d43fe0, L_0x5619f7d4b150;
L_0x5619f7d4b420 .arith/sum 33, L_0x5619f7d4b290, L_0x5619f7d4b330;
L_0x5619f7d4bd60 .concat [ 32 1 0 0], L_0x5619f7d43c50, L_0x5619f7d4b590;
L_0x5619f7d4b800 .concat [ 32 1 0 0], L_0x5619f7d43fe0, L_0x5619f7d4b150;
L_0x5619f7d4b8a0 .arith/sub 33, L_0x5619f7d4bd60, L_0x5619f7d4b800;
L_0x5619f7d4b9e0 .part v0x5619f7d18ca0_0, 1, 1;
L_0x5619f7d4c620 .part L_0x5619f7d4b420, 0, 32;
L_0x5619f7d4be00 .part L_0x5619f7d4b8a0, 0, 32;
L_0x5619f7d4bef0 .functor MUXZ 32, L_0x5619f7d4be00, L_0x5619f7d4c620, L_0x5619f7d4bbe0, C4<>;
L_0x5619f7d4d290 .part v0x5619f7d18ca0_0, 0, 1;
L_0x5619f7d4d330 .functor MUXZ 32, L_0x5619f7d4c080, L_0x5619f7d4c0f0, L_0x5619f7d4d290, C4<>;
L_0x5619f7d4c760 .part v0x5619f7d18ca0_0, 0, 1;
L_0x5619f7d4c800 .functor MUXZ 32, L_0x5619f7d4c160, L_0x5619f7d4cf10, L_0x5619f7d4c760, C4<>;
L_0x5619f7d4c990 .part v0x5619f7d18ca0_0, 1, 1;
L_0x5619f7d4cb40 .functor MUXZ 32, L_0x5619f7d4d330, L_0x5619f7d4c800, L_0x5619f7d4c990, C4<>;
L_0x5619f7d4da40 .part L_0x5619f7d4b8a0, 32, 1;
L_0x5619f7d4dae0 .concat [ 1 31 0 0], L_0x5619f7d4da40, L_0x7fde4a223e28;
L_0x5619f7d4e4e0 .part v0x5619f7d148b0_0, 15, 17;
L_0x5619f7d4e690 .cmp/eq 17, L_0x5619f7d4e4e0, L_0x7fde4a223e70;
L_0x5619f7d4dce0 .array/port v0x5619f7d197e0, L_0x5619f7d4de20;
L_0x5619f7d4dd80 .part v0x5619f7d148b0_0, 2, 13;
L_0x5619f7d4de20 .concat [ 13 2 0 0], L_0x5619f7d4dd80, L_0x7fde4a223eb8;
L_0x5619f7d4dfb0 .functor MUXZ 32, L_0x7fde4a223f00, L_0x5619f7d4dce0, L_0x5619f7d4dc20, C4<>;
L_0x5619f7d4ed90 .functor MUXZ 32, v0x5619f7d14990_0, v0x5619f7d19a60_0, v0x5619f7d19e40_0, C4<>;
S_0x5619f7c942a0 .scope module, "rom" "rom" 3 94, 4 2 0, S_0x5619f7c93ef0;
 .timescale -9 -9;
    .port_info 0 /INPUT 9 "adrs";
    .port_info 1 /OUTPUT 32 "dout";
v0x5619f7cf3a90_0 .net "adrs", 8 0, L_0x5619f7d301f0;  1 drivers
v0x5619f7cf4550_0 .var "dout", 31 0;
E_0x5619f7cfb0f0 .event edge, v0x5619f7cf3a90_0;
    .scope S_0x5619f7c942a0;
T_0 ;
    %wait E_0x5619f7cfb0f0;
    %load/vec4 v0x5619f7cf3a90_0;
    %dup/vec4;
    %pushi/vec4 0, 0, 9;
    %cmp/u;
    %jmp/1 T_0.0, 6;
    %dup/vec4;
    %pushi/vec4 1, 0, 9;
    %cmp/u;
    %jmp/1 T_0.1, 6;
    %dup/vec4;
    %pushi/vec4 2, 0, 9;
    %cmp/u;
    %jmp/1 T_0.2, 6;
    %dup/vec4;
    %pushi/vec4 3, 0, 9;
    %cmp/u;
    %jmp/1 T_0.3, 6;
    %dup/vec4;
    %pushi/vec4 4, 0, 9;
    %cmp/u;
    %jmp/1 T_0.4, 6;
    %dup/vec4;
    %pushi/vec4 5, 0, 9;
    %cmp/u;
    %jmp/1 T_0.5, 6;
    %dup/vec4;
    %pushi/vec4 6, 0, 9;
    %cmp/u;
    %jmp/1 T_0.6, 6;
    %dup/vec4;
    %pushi/vec4 7, 0, 9;
    %cmp/u;
    %jmp/1 T_0.7, 6;
    %dup/vec4;
    %pushi/vec4 8, 0, 9;
    %cmp/u;
    %jmp/1 T_0.8, 6;
    %dup/vec4;
    %pushi/vec4 9, 0, 9;
    %cmp/u;
    %jmp/1 T_0.9, 6;
    %dup/vec4;
    %pushi/vec4 10, 0, 9;
    %cmp/u;
    %jmp/1 T_0.10, 6;
    %dup/vec4;
    %pushi/vec4 11, 0, 9;
    %cmp/u;
    %jmp/1 T_0.11, 6;
    %dup/vec4;
    %pushi/vec4 12, 0, 9;
    %cmp/u;
    %jmp/1 T_0.12, 6;
    %dup/vec4;
    %pushi/vec4 13, 0, 9;
    %cmp/u;
    %jmp/1 T_0.13, 6;
    %pushi/vec4 0, 0, 32;
    %assign/vec4 v0x5619f7cf4550_0, 0;
    %jmp T_0.15;
T_0.0 ;
    %pushi/vec4 537919493, 0, 32;
    %assign/vec4 v0x5619f7cf4550_0, 0;
    %jmp T_0.15;
T_0.1 ;
    %pushi/vec4 537985027, 0, 32;
    %assign/vec4 v0x5619f7cf4550_0, 0;
    %jmp T_0.15;
T_0.2 ;
    %pushi/vec4 538050576, 0, 32;
    %assign/vec4 v0x5619f7cf4550_0, 0;
    %jmp T_0.15;
T_0.3 ;
    %pushi/vec4 538116098, 0, 32;
    %assign/vec4 v0x5619f7cf4550_0, 0;
    %jmp T_0.15;
T_0.4 ;
    %pushi/vec4 34684960, 0, 32;
    %assign/vec4 v0x5619f7cf4550_0, 0;
    %jmp T_0.15;
T_0.5 ;
    %pushi/vec4 34687010, 0, 32;
    %assign/vec4 v0x5619f7cf4550_0, 0;
    %jmp T_0.15;
T_0.6 ;
    %pushi/vec4 34689060, 0, 32;
    %assign/vec4 v0x5619f7cf4550_0, 0;
    %jmp T_0.15;
T_0.7 ;
    %pushi/vec4 34691109, 0, 32;
    %assign/vec4 v0x5619f7cf4550_0, 0;
    %jmp T_0.15;
T_0.8 ;
    %pushi/vec4 34693158, 0, 32;
    %assign/vec4 v0x5619f7cf4550_0, 0;
    %jmp T_0.15;
T_0.9 ;
    %pushi/vec4 36857898, 0, 32;
    %assign/vec4 v0x5619f7cf4550_0, 0;
    %jmp T_0.15;
T_0.10 ;
    %pushi/vec4 1208450, 0, 32;
    %assign/vec4 v0x5619f7cf4550_0, 0;
    %jmp T_0.15;
T_0.11 ;
    %pushi/vec4 1276032, 0, 32;
    %assign/vec4 v0x5619f7cf4550_0, 0;
    %jmp T_0.15;
T_0.12 ;
    %pushi/vec4 604110858, 0, 32;
    %assign/vec4 v0x5619f7cf4550_0, 0;
    %jmp T_0.15;
T_0.13 ;
    %pushi/vec4 12, 0, 32;
    %assign/vec4 v0x5619f7cf4550_0, 0;
    %jmp T_0.15;
T_0.15 ;
    %pop/vec4 1;
    %jmp T_0;
    .thread T_0, $push;
    .scope S_0x5619f7c93ef0;
T_1 ;
    %wait E_0x5619f7c674b0;
    %load/vec4 v0x5619f7d1aba0_0;
    %cmpi/e 0, 0, 1;
    %jmp/0xz  T_1.0, 4;
    %pushi/vec4 4194304, 0, 32;
    %assign/vec4 v0x5619f7d18d80_0, 0;
    %jmp T_1.1;
T_1.0 ;
    %load/vec4 v0x5619f7d15390_0;
    %inv;
    %flag_set/vec4 8;
    %jmp/0xz  T_1.2, 8;
    %load/vec4 v0x5619f7d19100_0;
    %assign/vec4 v0x5619f7d18d80_0, 0;
T_1.2 ;
T_1.1 ;
    %jmp T_1;
    .thread T_1;
    .scope S_0x5619f7c93ef0;
T_2 ;
    %wait E_0x5619f7c674b0;
    %load/vec4 v0x5619f7d1aba0_0;
    %cmpi/e 0, 0, 1;
    %jmp/0xz  T_2.0, 4;
    %pushi/vec4 0, 0, 32;
    %assign/vec4 v0x5619f7d18940_0, 0;
    %jmp T_2.1;
T_2.0 ;
    %load/vec4 v0x5619f7d15390_0;
    %inv;
    %flag_set/vec4 8;
    %jmp/0xz  T_2.2, 8;
    %load/vec4 v0x5619f7d15030_0;
    %flag_set/vec4 8;
    %jmp/0xz  T_2.4, 8;
    %pushi/vec4 0, 0, 32;
    %assign/vec4 v0x5619f7d18940_0, 0;
    %jmp T_2.5;
T_2.4 ;
    %load/vec4 v0x5619f7d18860_0;
    %assign/vec4 v0x5619f7d18940_0, 0;
T_2.5 ;
T_2.2 ;
T_2.1 ;
    %jmp T_2;
    .thread T_2;
    .scope S_0x5619f7c93ef0;
T_3 ;
    %wait E_0x5619f7c674b0;
    %load/vec4 v0x5619f7d1aba0_0;
    %cmpi/e 0, 0, 1;
    %jmp/0xz  T_3.0, 4;
    %pushi/vec4 1, 0, 1;
    %assign/vec4 v0x5619f7d18a20_0, 0;
    %jmp T_3.1;
T_3.0 ;
    %pushi/vec4 0, 0, 1;
    %assign/vec4 v0x5619f7d18a20_0, 0;
T_3.1 ;
    %jmp T_3;
    .thread T_3;
    .scope S_0x5619f7c93ef0;
T_4 ;
    %wait E_0x5619f7c175d0;
    %load/vec4 v0x5619f7d19480_0;
    %assign/vec4 v0x5619f7d18e60_0, 0;
    %jmp T_4;
    .thread T_4;
    .scope S_0x5619f7c93ef0;
T_5 ;
    %wait E_0x5619f7c175d0;
    %load/vec4 v0x5619f7d15390_0;
    %flag_set/vec4 8;
    %jmp/0 T_5.0, 8;
    %pushi/vec4 0, 0, 32;
    %jmp/1 T_5.1, 8;
T_5.0 ; End of true expr.
    %load/vec4 v0x5619f7d16b40_0;
    %flag_set/vec4 9;
    %jmp/0 T_5.2, 9;
    %load/vec4 v0x5619f7d18e60_0;
    %addi 4, 0, 32;
    %jmp/1 T_5.3, 9;
T_5.2 ; End of true expr.
    %load/vec4 v0x5619f7d18e60_0;
    %jmp/0 T_5.3, 9;
 ; End of false expr.
    %blend;
T_5.3;
    %jmp/0 T_5.1, 8;
 ; End of false expr.
    %blend;
T_5.1;
    %assign/vec4 v0x5619f7d18f40_0, 0;
    %load/vec4 v0x5619f7d15390_0;
    %flag_set/vec4 8;
    %jmp/0 T_5.4, 8;
    %pushi/vec4 0, 0, 32;
    %jmp/1 T_5.5, 8;
T_5.4 ; End of true expr.
    %load/vec4 v0x5619f7d17760_0;
    %jmp/0 T_5.5, 8;
 ; End of false expr.
    %blend;
T_5.5;
    %assign/vec4 v0x5619f7d1a2e0_0, 0;
    %load/vec4 v0x5619f7d15390_0;
    %flag_set/vec4 8;
    %jmp/0 T_5.6, 8;
    %pushi/vec4 0, 0, 32;
    %jmp/1 T_5.7, 8;
T_5.6 ; End of true expr.
    %load/vec4 v0x5619f7d17840_0;
    %jmp/0 T_5.7, 8;
 ; End of false expr.
    %blend;
T_5.7;
    %assign/vec4 v0x5619f7d1a4a0_0, 0;
    %load/vec4 v0x5619f7d15390_0;
    %flag_set/vec4 8;
    %jmp/0 T_5.8, 8;
    %pushi/vec4 0, 0, 32;
    %jmp/1 T_5.9, 8;
T_5.8 ; End of true expr.
    %load/vec4 v0x5619f7d186a0_0;
    %jmp/0 T_5.9, 8;
 ; End of false expr.
    %blend;
T_5.9;
    %assign/vec4 v0x5619f7d18780_0, 0;
    %load/vec4 v0x5619f7d15390_0;
    %flag_set/vec4 8;
    %jmp/0 T_5.10, 8;
    %pushi/vec4 0, 0, 3;
    %jmp/1 T_5.11, 8;
T_5.10 ; End of true expr.
    %load/vec4 v0x5619f7d14a70_0;
    %jmp/0 T_5.11, 8;
 ; End of false expr.
    %blend;
T_5.11;
    %assign/vec4 v0x5619f7d14b50_0, 0;
    %load/vec4 v0x5619f7d18bc0_0;
    %assign/vec4 v0x5619f7d18ca0_0, 0;
    %load/vec4 v0x5619f7d19c00_0;
    %assign/vec4 v0x5619f7d19cc0_0, 0;
    %load/vec4 v0x5619f7d1b740_0;
    %assign/vec4 v0x5619f7d1b800_0, 0;
    %load/vec4 v0x5619f7d17260_0;
    %assign/vec4 v0x5619f7d17340_0, 0;
    %load/vec4 v0x5619f7d17420_0;
    %assign/vec4 v0x5619f7d17500_0, 0;
    %jmp T_5;
    .thread T_5;
    .scope S_0x5619f7c93ef0;
T_6 ;
    %wait E_0x5619f7c674b0;
    %load/vec4 v0x5619f7d1aba0_0;
    %cmpi/e 0, 0, 1;
    %jmp/0xz  T_6.0, 4;
    %pushi/vec4 0, 0, 1;
    %assign/vec4 v0x5619f7d19fc0_0, 0;
    %pushi/vec4 0, 0, 1;
    %assign/vec4 v0x5619f7d1a7e0_0, 0;
    %pushi/vec4 0, 0, 5;
    %assign/vec4 v0x5619f7d166e0_0, 0;
    %jmp T_6.1;
T_6.0 ;
    %load/vec4 v0x5619f7d18a20_0;
    %flag_set/vec4 8;
    %jmp/0xz  T_6.2, 8;
    %pushi/vec4 0, 0, 1;
    %assign/vec4 v0x5619f7d19fc0_0, 0;
    %pushi/vec4 0, 0, 1;
    %assign/vec4 v0x5619f7d1a7e0_0, 0;
    %pushi/vec4 0, 0, 5;
    %assign/vec4 v0x5619f7d166e0_0, 0;
    %jmp T_6.3;
T_6.2 ;
    %load/vec4 v0x5619f7d15390_0;
    %flag_set/vec4 8;
    %jmp/0 T_6.4, 8;
    %pushi/vec4 0, 0, 1;
    %jmp/1 T_6.5, 8;
T_6.4 ; End of true expr.
    %load/vec4 v0x5619f7d19f00_0;
    %jmp/0 T_6.5, 8;
 ; End of false expr.
    %blend;
T_6.5;
    %assign/vec4 v0x5619f7d19fc0_0, 0;
    %load/vec4 v0x5619f7d15390_0;
    %flag_set/vec4 8;
    %jmp/0 T_6.6, 8;
    %pushi/vec4 0, 0, 1;
    %jmp/1 T_6.7, 8;
T_6.6 ; End of true expr.
    %load/vec4 v0x5619f7d1a720_0;
    %jmp/0 T_6.7, 8;
 ; End of false expr.
    %blend;
T_6.7;
    %assign/vec4 v0x5619f7d1a7e0_0, 0;
    %load/vec4 v0x5619f7d15390_0;
    %flag_set/vec4 8;
    %jmp/0 T_6.8, 8;
    %pushi/vec4 0, 0, 5;
    %jmp/1 T_6.9, 8;
T_6.8 ; End of true expr.
    %load/vec4 v0x5619f7d16600_0;
    %jmp/0 T_6.9, 8;
 ; End of false expr.
    %blend;
T_6.9;
    %assign/vec4 v0x5619f7d166e0_0, 0;
T_6.3 ;
T_6.1 ;
    %jmp T_6;
    .thread T_6;
    .scope S_0x5619f7c93ef0;
T_7 ;
    %wait E_0x5619f7c175d0;
    %load/vec4 v0x5619f7d14b50_0;
    %dup/vec4;
    %pushi/vec4 1, 0, 3;
    %cmp/u;
    %jmp/1 T_7.0, 6;
    %dup/vec4;
    %pushi/vec4 2, 0, 3;
    %cmp/u;
    %jmp/1 T_7.1, 6;
    %dup/vec4;
    %pushi/vec4 3, 0, 3;
    %cmp/u;
    %jmp/1 T_7.2, 6;
    %dup/vec4;
    %pushi/vec4 4, 0, 3;
    %cmp/u;
    %jmp/1 T_7.3, 6;
    %dup/vec4;
    %pushi/vec4 5, 0, 3;
    %cmp/u;
    %jmp/1 T_7.4, 6;
    %dup/vec4;
    %pushi/vec4 6, 0, 3;
    %cmp/u;
    %jmp/1 T_7.5, 6;
    %pushi/vec4 0, 0, 32;
    %assign/vec4 v0x5619f7d148b0_0, 0;
    %jmp T_7.7;
T_7.0 ;
    %load/vec4 v0x5619f7d151d0_0;
    %assign/vec4 v0x5619f7d148b0_0, 0;
    %jmp T_7.7;
T_7.1 ;
    %load/vec4 v0x5619f7d0e320_0;
    %assign/vec4 v0x5619f7d148b0_0, 0;
    %jmp T_7.7;
T_7.2 ;
    %load/vec4 v0x5619f7d0dfa0_0;
    %assign/vec4 v0x5619f7d148b0_0, 0;
    %jmp T_7.7;
T_7.3 ;
    %load/vec4 v0x5619f7d0dec0_0;
    %assign/vec4 v0x5619f7d148b0_0, 0;
    %jmp T_7.7;
T_7.4 ;
    %load/vec4 v0x5619f7d0e400_0;
    %assign/vec4 v0x5619f7d148b0_0, 0;
    %jmp T_7.7;
T_7.5 ;
    %load/vec4 v0x5619f7d0e5c0_0;
    %assign/vec4 v0x5619f7d148b0_0, 0;
    %jmp T_7.7;
T_7.7 ;
    %pop/vec4 1;
    %jmp T_7;
    .thread T_7;
    .scope S_0x5619f7c93ef0;
T_8 ;
    %wait E_0x5619f7c175d0;
    %load/vec4 v0x5619f7d17180_0;
    %assign/vec4 v0x5619f7d198a0_0, 0;
    %load/vec4 v0x5619f7d19cc0_0;
    %assign/vec4 v0x5619f7d19d80_0, 0;
    %jmp T_8;
    .thread T_8;
    .scope S_0x5619f7c93ef0;
T_9 ;
    %wait E_0x5619f7c674b0;
    %load/vec4 v0x5619f7d1aba0_0;
    %cmpi/e 0, 0, 1;
    %jmp/0xz  T_9.0, 4;
    %pushi/vec4 0, 0, 1;
    %assign/vec4 v0x5619f7d1a080_0, 0;
    %pushi/vec4 0, 0, 1;
    %assign/vec4 v0x5619f7d1a8a0_0, 0;
    %pushi/vec4 0, 0, 5;
    %assign/vec4 v0x5619f7d167c0_0, 0;
    %jmp T_9.1;
T_9.0 ;
    %load/vec4 v0x5619f7d19fc0_0;
    %assign/vec4 v0x5619f7d1a080_0, 0;
    %load/vec4 v0x5619f7d1a7e0_0;
    %assign/vec4 v0x5619f7d1a8a0_0, 0;
    %load/vec4 v0x5619f7d166e0_0;
    %assign/vec4 v0x5619f7d167c0_0, 0;
T_9.1 ;
    %jmp T_9;
    .thread T_9;
    .scope S_0x5619f7c93ef0;
T_10 ;
    %wait E_0x5619f7c175d0;
    %load/vec4 v0x5619f7d1a080_0;
    %load/vec4 v0x5619f7d19720_0;
    %and;
    %flag_set/vec4 8;
    %jmp/0xz  T_10.0, 8;
    %load/vec4 v0x5619f7d198a0_0;
    %load/vec4 v0x5619f7d148b0_0;
    %parti/s 13, 2, 3;
    %pad/u 15;
    %ix/vec4 3;
    %ix/load 4, 0, 0; Constant delay
    %assign/vec4/a/d v0x5619f7d197e0, 0, 4;
T_10.0 ;
    %jmp T_10;
    .thread T_10;
    .scope S_0x5619f7c93ef0;
T_11 ;
    %wait E_0x5619f7c175d0;
    %load/vec4 v0x5619f7d19d80_0;
    %load/vec4 v0x5619f7d19720_0;
    %inv;
    %and;
    %flag_set/vec4 8;
    %jmp/0 T_11.0, 8;
    %load/vec4 v0x5619f7d15450_0;
    %jmp/1 T_11.1, 8;
T_11.0 ; End of true expr.
    %load/vec4 v0x5619f7d148b0_0;
    %jmp/0 T_11.1, 8;
 ; End of false expr.
    %blend;
T_11.1;
    %assign/vec4 v0x5619f7d14990_0, 0;
    %load/vec4 v0x5619f7d19980_0;
    %assign/vec4 v0x5619f7d19a60_0, 0;
    %load/vec4 v0x5619f7d19d80_0;
    %load/vec4 v0x5619f7d19720_0;
    %and;
    %assign/vec4 v0x5619f7d19e40_0, 0;
    %load/vec4 v0x5619f7d167c0_0;
    %assign/vec4 v0x5619f7d168a0_0, 0;
    %jmp T_11;
    .thread T_11;
    .scope S_0x5619f7c93ef0;
T_12 ;
    %wait E_0x5619f7c674b0;
    %load/vec4 v0x5619f7d1aba0_0;
    %cmpi/e 0, 0, 1;
    %jmp/0xz  T_12.0, 4;
    %pushi/vec4 0, 0, 1;
    %assign/vec4 v0x5619f7d1a960_0, 0;
    %jmp T_12.1;
T_12.0 ;
    %load/vec4 v0x5619f7d1a8a0_0;
    %assign/vec4 v0x5619f7d1a960_0, 0;
T_12.1 ;
    %jmp T_12;
    .thread T_12;
    .scope S_0x5619f7c93ef0;
T_13 ;
    %wait E_0x5619f7c2e100;
    %load/vec4 v0x5619f7d1a960_0;
    %load/vec4 v0x5619f7d168a0_0;
    %pushi/vec4 0, 0, 5;
    %cmp/ne;
    %flag_get/vec4 4;
    %and;
    %flag_set/vec4 8;
    %jmp/0xz  T_13.0, 8;
    %load/vec4 v0x5619f7d1a580_0;
    %load/vec4 v0x5619f7d168a0_0;
    %pad/u 7;
    %ix/vec4 3;
    %ix/load 4, 0, 0; Constant delay
    %assign/vec4/a/d v0x5619f7d1a660, 0, 4;
T_13.0 ;
    %jmp T_13;
    .thread T_13;
    .scope S_0x5619f7c94a30;
T_14 ;
    %vpi_call 2 54 "$dumpfile", "mips.vcd" {0 0 0};
    %vpi_call 2 55 "$dumpvars", 32'sb00000000000000000000000000000000, S_0x5619f7c94a30 {0 0 0};
    %end;
    .thread T_14;
    .scope S_0x5619f7c94a30;
T_15 ;
    %wait E_0x5619f7c175d0;
    %load/vec4 v0x5619f7d1e060_0;
    %inv;
    %flag_set/vec4 8;
    %jmp/0xz  T_15.0, 8;
    %pushi/vec4 0, 0, 20;
    %assign/vec4 v0x5619f7d1c1c0_0, 0;
    %jmp T_15.1;
T_15.0 ;
    %load/vec4 v0x5619f7d1c1c0_0;
    %addi 1, 0, 20;
    %assign/vec4 v0x5619f7d1c1c0_0, 0;
T_15.1 ;
    %jmp T_15;
    .thread T_15;
    .scope S_0x5619f7c94a30;
T_16 ;
    %pushi/vec4 1, 0, 1;
    %store/vec4 v0x5619f7d1c120_0, 0, 1;
T_16.0 ;
    %delay 10, 0;
    %load/vec4 v0x5619f7d1c120_0;
    %inv;
    %store/vec4 v0x5619f7d1c120_0, 0, 1;
    %jmp T_16.0;
    %end;
    .thread T_16;
    .scope S_0x5619f7c94a30;
T_17 ;
    %pushi/vec4 1, 0, 1;
    %store/vec4 v0x5619f7d1e060_0, 0, 1;
    %delay 13, 0;
    %pushi/vec4 0, 0, 1;
    %store/vec4 v0x5619f7d1e060_0, 0, 1;
    %delay 40, 0;
    %pushi/vec4 1, 0, 1;
    %store/vec4 v0x5619f7d1e060_0, 0, 1;
    %end;
    .thread T_17;
    .scope S_0x5619f7c94a30;
T_18 ;
    %wait E_0x5619f7c175d0;
    %load/vec4 v0x5619f7d1e060_0;
    %inv;
    %flag_set/vec4 8;
    %jmp/0xz  T_18.0, 8;
    %pushi/vec4 0, 0, 1;
    %assign/vec4 v0x5619f7d1cf80_0, 0;
    %pushi/vec4 0, 0, 1;
    %assign/vec4 v0x5619f7d1d020_0, 0;
    %pushi/vec4 0, 0, 1;
    %assign/vec4 v0x5619f7d1d0e0_0, 0;
    %jmp T_18.1;
T_18.0 ;
    %load/vec4 v0x5619f7d1ceb0_0;
    %assign/vec4 v0x5619f7d1cf80_0, 0;
    %load/vec4 v0x5619f7d1cf80_0;
    %assign/vec4 v0x5619f7d1d020_0, 0;
    %load/vec4 v0x5619f7d1d020_0;
    %assign/vec4 v0x5619f7d1d0e0_0, 0;
T_18.1 ;
    %jmp T_18;
    .thread T_18;
    .scope S_0x5619f7c94a30;
T_19 ;
    %vpi_call 2 90 "$display", " ", " ", "cycle |  pc      |  inst    d f ra rb rd |  alu_a    alu_b   |  alu_q    ram_din | dst  reg_din" {0 0 0};
    %end;
    .thread T_19;
    .scope S_0x5619f7c94a30;
T_20 ;
    %vpi_call 2 93 "$monitor", " ", " ", "%x | %x | %x %b %b %d %d %d | %x %x | %x %x | %d  %x", v0x5619f7d1c1c0_0, v0x5619f7d1d5f0_0, v0x5619f7d1d440_0, v0x5619f7d1c340_0, v0x5619f7d1cdf0_0, v0x5619f7d1e130_0, v0x5619f7d1e1d0_0, v0x5619f7d1c400_0, v0x5619f7d1bda0_0, v0x5619f7d1be60_0, v0x5619f7d1bf00_0, v0x5619f7d1d960_0, v0x5619f7d1c6a0_0, v0x5619f7d1df70_0 {0 0 0};
    %end;
    .thread T_20;
    .scope S_0x5619f7c94a30;
T_21 ;
    %wait E_0x5619f7c2e100;
    %load/vec4 v0x5619f7d1d0e0_0;
    %ix/load 4, 2, 0;
    %flag_set/imm 4, 0;
    %load/vec4a v0x5619f7d1a660, 4;
    %pushi/vec4 10, 0, 32;
    %cmp/e;
    %flag_get/vec4 4;
    %and;
    %flag_set/vec4 8;
    %jmp/0xz  T_21.0, 8;
    %vpi_call 2 105 "$display", " ", " ", "cycle = %d", v0x5619f7d1c1c0_0 {0 0 0};
    %vpi_call 2 106 "$finish" {0 0 0};
T_21.0 ;
    %jmp T_21;
    .thread T_21;
# The file index is used to find the file name in the following table.
:file_names 5;
    "N/A";
    "<interactive>";
    "sim.v";
    "mips.v";
    "rom.v";
