#! /usr/bin/vvp
:ivl_version "11.0 (stable)";
:ivl_delay_selection "TYPICAL";
:vpi_time_precision - 9;
:vpi_module "/usr/lib/x86_64-linux-gnu/ivl/system.vpi";
:vpi_module "/usr/lib/x86_64-linux-gnu/ivl/vhdl_sys.vpi";
:vpi_module "/usr/lib/x86_64-linux-gnu/ivl/vhdl_textio.vpi";
:vpi_module "/usr/lib/x86_64-linux-gnu/ivl/v2005_math.vpi";
:vpi_module "/usr/lib/x86_64-linux-gnu/ivl/va_math.vpi";
S_0x5620811c2df0 .scope module, "sim" "sim" 2 4;
 .timescale -9 -9;
L_0x56208124e190 .functor BUFZ 1, L_0x562081297670, C4<0>, C4<0>, C4<0>;
L_0x56208124efa0 .functor BUFZ 1, L_0x562081297dc0, C4<0>, C4<0>, C4<0>;
L_0x56208124f450 .functor BUFZ 32, L_0x562081294760, C4<00000000000000000000000000000000>, C4<00000000000000000000000000000000>, C4<00000000000000000000000000000000>;
L_0x56208124ff10 .functor BUFZ 32, v0x562081274d90_0, C4<00000000000000000000000000000000>, C4<00000000000000000000000000000000>, C4<00000000000000000000000000000000>;
L_0x562081250870 .functor BUFZ 32, v0x562081274e70_0, C4<00000000000000000000000000000000>, C4<00000000000000000000000000000000>, C4<00000000000000000000000000000000>;
L_0x562081254550 .functor BUFZ 32, L_0x56208128c320, C4<00000000000000000000000000000000>, C4<00000000000000000000000000000000>, C4<00000000000000000000000000000000>;
L_0x5620812545c0 .functor BUFZ 6, L_0x56208128c530, C4<000000>, C4<000000>, C4<000000>;
L_0x56208127a8d0 .functor BUFZ 6, L_0x56208128c670, C4<000000>, C4<000000>, C4<000000>;
L_0x56208127a9f0 .functor BUFZ 5, L_0x56208128fa10, C4<00000>, C4<00000>, C4<00000>;
L_0x56208127aac0 .functor BUFZ 5, L_0x56208128fe60, C4<00000>, C4<00000>, C4<00000>;
L_0x56208127abf0 .functor BUFZ 5, L_0x56208129fca0, C4<00000>, C4<00000>, C4<00000>;
L_0x56208127acc0 .functor BUFZ 32, L_0x562081290e00, C4<00000000000000000000000000000000>, C4<00000000000000000000000000000000>, C4<00000000000000000000000000000000>;
L_0x56208127ae00 .functor BUFZ 32, L_0x562081290f90, C4<00000000000000000000000000000000>, C4<00000000000000000000000000000000>, C4<00000000000000000000000000000000>;
L_0x56208127aed0 .functor BUFZ 32, L_0x56208129a860, C4<00000000000000000000000000000000>, C4<00000000000000000000000000000000>, C4<00000000000000000000000000000000>;
L_0x56208127ad90 .functor BUFZ 32, L_0x56208129aa20, C4<00000000000000000000000000000000>, C4<00000000000000000000000000000000>, C4<00000000000000000000000000000000>;
L_0x56208127b080 .functor BUFZ 32, v0x562081276210_0, C4<00000000000000000000000000000000>, C4<00000000000000000000000000000000>, C4<00000000000000000000000000000000>;
L_0x56208127b1e0 .functor BUFZ 32, v0x5620812763d0_0, C4<00000000000000000000000000000000>, C4<00000000000000000000000000000000>, C4<00000000000000000000000000000000>;
L_0x56208127b2b0 .functor BUFZ 32, L_0x562081291690, C4<00000000000000000000000000000000>, C4<00000000000000000000000000000000>, C4<00000000000000000000000000000000>;
L_0x56208127b420 .functor BUFZ 32, v0x5620812746b0_0, C4<00000000000000000000000000000000>, C4<00000000000000000000000000000000>, C4<00000000000000000000000000000000>;
L_0x56208127b4f0 .functor BUFZ 32, L_0x56208129e2e0, C4<00000000000000000000000000000000>, C4<00000000000000000000000000000000>, C4<00000000000000000000000000000000>;
L_0x56208127b670 .functor BUFZ 32, L_0x56208129ed50, C4<00000000000000000000000000000000>, C4<00000000000000000000000000000000>, C4<00000000000000000000000000000000>;
L_0x56208127b740 .functor BUFZ 32, v0x5620812708c0_0, C4<00000000000000000000000000000000>, C4<00000000000000000000000000000000>, C4<00000000000000000000000000000000>;
L_0x56208127b8d0 .functor BUFZ 32, L_0x5620812a9560, C4<00000000000000000000000000000000>, C4<00000000000000000000000000000000>, C4<00000000000000000000000000000000>;
L_0x56208127b9a0 .functor BUFZ 32, v0x562081275990_0, C4<00000000000000000000000000000000>, C4<00000000000000000000000000000000>, C4<00000000000000000000000000000000>;
L_0x56208127bb40 .functor BUFZ 5, L_0x5620812906b0, C4<00000>, C4<00000>, C4<00000>;
L_0x56208127bc10 .functor BUFZ 5, v0x562081272610_0, C4<00000>, C4<00000>, C4<00000>;
L_0x56208127bdc0 .functor BUFZ 5, v0x5620812726f0_0, C4<00000>, C4<00000>, C4<00000>;
L_0x56208127be90 .functor BUFZ 5, v0x5620812727d0_0, C4<00000>, C4<00000>, C4<00000>;
v0x56208124f100_0 .net *"_ivl_8", 5 0, L_0x56208127a3a0;  1 drivers
v0x562081277cd0_0 .net "alu_a", 31 0, L_0x56208129f200;  1 drivers
v0x562081277d90_0 .net "alu_b", 31 0, L_0x56208129f590;  1 drivers
v0x562081277e30_0 .net "alu_q3", 31 0, v0x5620812707e0_0;  1 drivers
v0x562081277ed0_0 .net "alu_q4", 31 0, L_0x56208127b740;  1 drivers
v0x562081277f70_0 .net "amt", 4 0, L_0x56208127abf0;  1 drivers
v0x562081278050_0 .var "clk", 0 0;
v0x5620812780f0_0 .var "cnt", 19 0;
v0x5620812781b0_0 .net "ctrl_hzd", 0 0, L_0x56208124efa0;  1 drivers
v0x562081278270_0 .net "data_hzd", 0 0, L_0x56208124e190;  1 drivers
v0x562081278330_0 .net "dst", 4 0, L_0x56208127bb40;  1 drivers
v0x562081278410_0 .net "dst2", 4 0, L_0x56208127bc10;  1 drivers
v0x5620812784f0_0 .net "dst3", 4 0, L_0x56208127bdc0;  1 drivers
v0x5620812785d0_0 .net "dst4", 4 0, L_0x56208127be90;  1 drivers
L_0x7f644a1230a8 .functor BUFT 1, C4<1>, C4<0>, C4<0>, C4<0>;
v0x5620812786b0_0 .net "en_dly", 0 0, L_0x7f644a1230a8;  1 drivers
L_0x7f644a123060 .functor BUFT 1, C4<1>, C4<0>, C4<0>, C4<0>;
v0x562081278780_0 .net "en_fwd", 0 0, L_0x7f644a123060;  1 drivers
L_0x7f644a123018 .functor BUFT 1, C4<1>, C4<0>, C4<0>, C4<0>;
v0x562081278850_0 .net "en_hzd", 0 0, L_0x7f644a123018;  1 drivers
v0x562081278920_0 .net "fn", 5 0, L_0x56208127a8d0;  1 drivers
v0x5620812789c0_0 .net "fwd_alu_a", 31 0, L_0x56208127b4f0;  1 drivers
v0x562081278a80_0 .net "fwd_alu_b", 31 0, L_0x56208127b670;  1 drivers
v0x562081278b60_0 .net "fwd_reg_a", 31 0, L_0x56208127aed0;  1 drivers
v0x562081278c40_0 .net "fwd_reg_b", 31 0, L_0x56208127ad90;  1 drivers
v0x562081278d20_0 .net "fwd_sel", 0 0, L_0x56208127a560;  1 drivers
v0x562081278de0_0 .net "halt", 0 0, L_0x56208128f950;  1 drivers
v0x562081278eb0_0 .var "halt2", 0 0;
v0x562081278f50_0 .var "halt3", 0 0;
v0x562081279010_0 .var "halt4", 0 0;
v0x5620812790d0_0 .var/i "i", 31 0;
v0x5620812791b0_0 .net "imm_val", 31 0, L_0x56208127b2b0;  1 drivers
v0x562081279290_0 .net "imm_val2", 31 0, L_0x56208127b420;  1 drivers
v0x562081279370_0 .net "inst", 31 0, L_0x562081254550;  1 drivers
v0x562081279450_0 .net "inst1", 31 0, v0x562081274870_0;  1 drivers
v0x562081279540_0 .net "op", 5 0, L_0x5620812545c0;  1 drivers
v0x562081279600_0 .net "pc0", 31 0, v0x562081274cb0_0;  1 drivers
v0x5620812796f0_0 .net "pc1", 31 0, L_0x56208124ff10;  1 drivers
v0x5620812797b0_0 .net "pc2", 31 0, L_0x562081250870;  1 drivers
v0x562081279890_0 .net "pc_din", 31 0, L_0x56208124f450;  1 drivers
v0x562081279970_0 .net "ram_din3", 31 0, v0x5620812757d0_0;  1 drivers
v0x562081279a60_0 .net "ram_dout", 31 0, L_0x56208127b8d0;  1 drivers
v0x562081279b20_0 .net "ram_dout4", 31 0, L_0x56208127b9a0;  1 drivers
v0x562081279c00_0 .net "reg_a", 31 0, L_0x56208127acc0;  1 drivers
v0x562081279ce0_0 .net "reg_a2", 31 0, L_0x56208127b080;  1 drivers
v0x562081279dc0_0 .net "reg_b", 31 0, L_0x56208127ae00;  1 drivers
v0x562081279ea0_0 .net "reg_b2", 31 0, L_0x56208127b1e0;  1 drivers
v0x562081279f80_0 .net "reg_din", 31 0, L_0x5620812aa340;  1 drivers
v0x56208127a070_0 .var "rst", 0 0;
v0x56208127a140_0 .net "src_a", 4 0, L_0x56208127a9f0;  1 drivers
v0x56208127a1e0_0 .net "src_b", 4 0, L_0x56208127aac0;  1 drivers
L_0x56208127a3a0 .concat [ 2 2 1 1], L_0x562081299e30, L_0x5620812998a0, L_0x562081298c10, L_0x5620812981c0;
L_0x56208127a560 .reduce/or L_0x56208127a3a0;
S_0x5620811c2960 .scope module, "mips" "mips" 2 47, 3 3 0, S_0x5620811c2df0;
 .timescale -9 -9;
    .port_info 0 /INPUT 1 "clk";
    .port_info 1 /INPUT 1 "rst";
    .port_info 2 /OUTPUT 32 "pc0";
    .port_info 3 /OUTPUT 32 "inst1";
    .port_info 4 /OUTPUT 32 "alu_a";
    .port_info 5 /OUTPUT 32 "alu_b";
    .port_info 6 /OUTPUT 32 "alu_q3";
    .port_info 7 /OUTPUT 32 "ram_din3";
    .port_info 8 /OUTPUT 32 "reg_din";
    .port_info 9 /OUTPUT 32 "adrs";
    .port_info 10 /OUTPUT 32 "dout";
    .port_info 11 /INPUT 32 "din";
    .port_info 12 /OUTPUT 1 "rd";
    .port_info 13 /OUTPUT 1 "wr";
    .port_info 14 /OUTPUT 1 "halt";
    .port_info 15 /INPUT 1 "en_hzd";
    .port_info 16 /INPUT 1 "en_fwd";
    .port_info 17 /INPUT 1 "en_dly";
L_0x56208128ccb0 .functor AND 1, L_0x56208128cf80, L_0x56208128c7a0, C4<1>, C4<1>;
L_0x56208128d160 .functor OR 1, L_0x56208128cd20, L_0x56208128ccb0, C4<0>, C4<0>;
L_0x56208128d710 .functor AND 1, L_0x56208128d620, L_0x56208128c7a0, C4<1>, C4<1>;
L_0x56208128d7d0 .functor OR 1, L_0x56208128d3a0, L_0x56208128d710, C4<0>, C4<0>;
L_0x56208128dda0 .functor AND 1, L_0x56208128d580, L_0x56208128dc60, C4<1>, C4<1>;
L_0x56208128e160 .functor AND 1, L_0x56208128e020, L_0x56208128c7a0, C4<1>, C4<1>;
L_0x56208128e260 .functor OR 1, L_0x56208128dda0, L_0x56208128e160, C4<0>, C4<0>;
L_0x56208128ee20 .functor AND 1, L_0x56208128e890, L_0x56208128eba0, C4<1>, C4<1>;
L_0x56208128ef80 .functor AND 1, L_0x56208128ee20, L_0x56208128c7a0, C4<1>, C4<1>;
L_0x56208128f240 .functor AND 1, L_0x56208128f040, L_0x56208128c7a0, C4<1>, C4<1>;
L_0x56208128f520 .functor AND 1, L_0x56208128f360, L_0x56208128c7a0, C4<1>, C4<1>;
L_0x56208128f400 .functor AND 1, L_0x56208128f6b0, L_0x56208128c7a0, C4<1>, C4<1>;
L_0x56208128f950 .functor BUFZ 1, L_0x56208128f520, C4<0>, C4<0>, C4<0>;
L_0x56208128fb00 .functor OR 1, L_0x56208128c7a0, L_0x56208128cb70, C4<0>, C4<0>;
L_0x56208128fb70 .functor OR 1, L_0x56208128fb00, L_0x56208128e5e0, C4<0>, C4<0>;
L_0x562081292560 .functor XOR 1, L_0x5620812921a0, L_0x562081292420, C4<0>, C4<0>;
L_0x562081292670 .functor AND 1, L_0x56208128cb70, L_0x562081292560, C4<1>, C4<1>;
L_0x5620812927d0 .functor OR 1, L_0x562081292670, L_0x56208128c890, C4<0>, C4<0>;
L_0x562081293880 .functor OR 1, L_0x5620812927d0, L_0x56208128c980, C4<0>, C4<0>;
L_0x562081293c60 .functor OR 1, L_0x562081292670, L_0x56208128f240, C4<0>, C4<0>;
L_0x562081294c90 .functor AND 1, v0x562081276710_0, L_0x562081294b50, C4<1>, C4<1>;
L_0x562081295060 .functor AND 1, L_0x562081294c90, L_0x562081294d50, C4<1>, C4<1>;
L_0x5620812952d0 .functor AND 1, v0x562081276710_0, L_0x562081295230, C4<1>, C4<1>;
L_0x562081295700 .functor AND 1, L_0x5620812952d0, L_0x5620812953e0, C4<1>, C4<1>;
L_0x562081295a20 .functor AND 1, v0x5620812767d0_0, L_0x5620812958e0, C4<1>, C4<1>;
L_0x562081295e10 .functor AND 1, L_0x562081295a20, L_0x562081295ae0, C4<1>, C4<1>;
L_0x5620812960a0 .functor AND 1, v0x5620812767d0_0, L_0x562081296000, C4<1>, C4<1>;
L_0x5620812964f0 .functor AND 1, L_0x5620812960a0, L_0x5620812961b0, C4<1>, C4<1>;
L_0x5620812966f0 .functor OR 1, L_0x562081295060, L_0x562081295700, C4<0>, C4<0>;
L_0x562081296800 .functor OR 1, L_0x562081295e10, L_0x5620812964f0, C4<0>, C4<0>;
L_0x562081296a10 .functor NOT 1, L_0x7f644a123060, C4<0>, C4<0>, C4<0>;
L_0x562081296a80 .functor OR 1, L_0x5620812966f0, L_0x562081296800, C4<0>, C4<0>;
L_0x562081296ca0 .functor AND 1, L_0x562081296a10, L_0x562081296a80, C4<1>, C4<1>;
L_0x562081296db0 .functor AND 1, v0x562081275bf0_0, L_0x5620812966f0, C4<1>, C4<1>;
L_0x562081296f40 .functor OR 1, L_0x56208128cb70, L_0x56208128f240, C4<0>, C4<0>;
L_0x562081296fb0 .functor AND 1, v0x562081275cb0_0, L_0x562081296800, C4<1>, C4<1>;
L_0x562081296e20 .functor OR 1, L_0x5620812966f0, L_0x562081296fb0, C4<0>, C4<0>;
L_0x562081297150 .functor AND 1, L_0x562081296f40, L_0x562081296e20, C4<1>, C4<1>;
L_0x562081297300 .functor OR 1, L_0x562081296ca0, L_0x562081296db0, C4<0>, C4<0>;
L_0x562081297410 .functor OR 1, L_0x562081297300, L_0x562081297150, C4<0>, C4<0>;
L_0x562081297670 .functor AND 1, L_0x7f644a123018, L_0x562081297410, C4<1>, C4<1>;
L_0x562081297780 .functor NOT 1, L_0x7f644a1230a8, C4<0>, C4<0>, C4<0>;
L_0x562081297950 .functor OR 1, L_0x562081292670, L_0x56208128c890, C4<0>, C4<0>;
L_0x562081297a50 .functor OR 1, L_0x562081297950, L_0x56208128c980, C4<0>, C4<0>;
L_0x562081297cc0 .functor OR 1, L_0x562081297a50, L_0x56208128f240, C4<0>, C4<0>;
L_0x562081297dc0 .functor AND 1, L_0x562081297780, L_0x562081297cc0, C4<1>, C4<1>;
L_0x562081298050 .functor NOT 1, L_0x562081297670, C4<0>, C4<0>, C4<0>;
L_0x5620812980c0 .functor AND 1, L_0x7f644a123060, L_0x562081298050, C4<1>, C4<1>;
L_0x562081298350 .functor OR 1, L_0x56208128cb70, L_0x56208128f240, C4<0>, C4<0>;
L_0x5620812983c0 .functor AND 1, L_0x5620812980c0, L_0x562081298350, C4<1>, C4<1>;
L_0x5620812981c0 .functor AND 1, L_0x5620812983c0, L_0x562081295e10, C4<1>, C4<1>;
L_0x562081298280 .functor NOT 1, L_0x562081297670, C4<0>, C4<0>, C4<0>;
L_0x5620812988b0 .functor AND 1, L_0x7f644a123060, L_0x562081298280, C4<1>, C4<1>;
L_0x562081298920 .functor OR 1, L_0x56208128cb70, L_0x56208128f240, C4<0>, C4<0>;
L_0x562081298b50 .functor AND 1, L_0x5620812988b0, L_0x562081298920, C4<1>, C4<1>;
L_0x562081298c10 .functor AND 1, L_0x562081298b50, L_0x5620812964f0, C4<1>, C4<1>;
L_0x562081298ef0 .functor NOT 1, L_0x562081297670, C4<0>, C4<0>, C4<0>;
L_0x562081298f60 .functor AND 1, L_0x7f644a123060, L_0x562081298ef0, C4<1>, C4<1>;
L_0x562081299200 .functor AND 1, L_0x562081298f60, L_0x562081295060, C4<1>, C4<1>;
L_0x5620812992c0 .functor NOT 1, L_0x562081297670, C4<0>, C4<0>, C4<0>;
L_0x562081299520 .functor AND 1, L_0x7f644a123060, L_0x5620812992c0, C4<1>, C4<1>;
L_0x5620812995e0 .functor AND 1, L_0x562081299520, L_0x562081295700, C4<1>, C4<1>;
L_0x5620812999e0 .functor NOT 1, L_0x562081297670, C4<0>, C4<0>, C4<0>;
L_0x562081299a50 .functor AND 1, L_0x7f644a123060, L_0x5620812999e0, C4<1>, C4<1>;
L_0x562081299d20 .functor AND 1, L_0x562081299a50, L_0x562081295e10, C4<1>, C4<1>;
L_0x56208129a1d0 .functor NOT 1, L_0x562081297670, C4<0>, C4<0>, C4<0>;
L_0x56208129a460 .functor AND 1, L_0x7f644a123060, L_0x56208129a1d0, C4<1>, C4<1>;
L_0x56208129a520 .functor AND 1, L_0x56208129a460, L_0x5620812964f0, C4<1>, C4<1>;
L_0x56208129ae10 .functor OR 1, L_0x56208128e320, L_0x56208128ef80, C4<0>, C4<0>;
L_0x56208129ae80 .functor OR 1, L_0x56208129ae10, L_0x56208128d160, C4<0>, C4<0>;
L_0x56208129b130 .functor OR 1, L_0x56208129ae80, L_0x56208128f400, C4<0>, C4<0>;
L_0x56208129b240 .functor OR 1, L_0x56208129b130, L_0x56208128e4f0, C4<0>, C4<0>;
L_0x56208129b5a0 .functor OR 1, L_0x56208129b240, L_0x56208128e5e0, C4<0>, C4<0>;
L_0x56208129b660 .functor OR 1, L_0x56208128e320, L_0x56208128d7d0, C4<0>, C4<0>;
L_0x56208129b980 .functor OR 1, L_0x56208129b660, L_0x56208128c980, C4<0>, C4<0>;
L_0x56208129bb80 .functor OR 1, L_0x56208128ef80, L_0x56208128d7d0, C4<0>, C4<0>;
L_0x56208129be60 .functor OR 1, L_0x56208129bb80, L_0x56208128e260, C4<0>, C4<0>;
L_0x56208129c7a0 .functor BUFZ 1, L_0x56208128c7a0, C4<0>, C4<0>, C4<0>;
L_0x56208129ca90 .functor BUFZ 1, L_0x56208128e4f0, C4<0>, C4<0>, C4<0>;
L_0x56208129cb00 .functor BUFZ 1, L_0x56208128e5e0, C4<0>, C4<0>, C4<0>;
L_0x56208129ce90 .functor OR 1, L_0x56208128d160, L_0x56208128f400, C4<0>, C4<0>;
L_0x56208129cf00 .functor OR 1, L_0x56208129ce90, L_0x56208128e4f0, C4<0>, C4<0>;
L_0x56208129d2a0 .functor OR 1, L_0x56208129cf00, L_0x56208128c980, C4<0>, C4<0>;
L_0x56208129d310 .functor OR 1, L_0x56208129d2a0, L_0x56208128e320, C4<0>, C4<0>;
L_0x56208129d710 .functor OR 1, L_0x56208129d310, L_0x56208128e260, C4<0>, C4<0>;
L_0x56208129d810 .functor OR 1, L_0x56208129d710, L_0x56208128ef80, C4<0>, C4<0>;
L_0x56208129dbd0 .functor OR 1, L_0x56208129d810, L_0x56208128d7d0, C4<0>, C4<0>;
L_0x56208129f200 .functor BUFZ 32, L_0x56208129e2e0, C4<00000000000000000000000000000000>, C4<00000000000000000000000000000000>, C4<00000000000000000000000000000000>;
L_0x56208129f6d0 .functor BUFZ 32, v0x562081274e70_0, C4<00000000000000000000000000000000>, C4<00000000000000000000000000000000>, C4<00000000000000000000000000000000>;
L_0x5620812a6a70 .functor NOT 1, L_0x5620812a6f90, C4<0>, C4<0>, C4<0>;
L_0x5620812a7080 .functor OR 1, L_0x5620812a6a70, v0x562081275bf0_0, C4<0>, C4<0>;
L_0x5620812a7190 .functor OR 1, L_0x5620812a7080, v0x562081275ef0_0, C4<0>, C4<0>;
L_0x5620812a7630 .functor AND 32, L_0x56208129f200, L_0x56208129f590, C4<11111111111111111111111111111111>, C4<11111111111111111111111111111111>;
L_0x5620812a76a0 .functor OR 32, L_0x56208129f200, L_0x56208129f590, C4<00000000000000000000000000000000>, C4<00000000000000000000000000000000>;
L_0x5620812a7710 .functor XOR 32, L_0x56208129f200, L_0x56208129f590, C4<00000000000000000000000000000000>, C4<00000000000000000000000000000000>;
L_0x5620812a84c0 .functor NOT 32, L_0x5620812a76a0, C4<00000000000000000000000000000000>, C4<00000000000000000000000000000000>, C4<00000000000000000000000000000000>;
L_0x5620812a8980 .functor BUFZ 32, v0x5620812707e0_0, C4<00000000000000000000000000000000>, C4<00000000000000000000000000000000>, C4<00000000000000000000000000000000>;
L_0x5620812a89f0 .functor BUFZ 32, v0x5620812757d0_0, C4<00000000000000000000000000000000>, C4<00000000000000000000000000000000>, C4<00000000000000000000000000000000>;
L_0x5620812a8dd0 .functor BUFZ 1, v0x562081275cb0_0, C4<0>, C4<0>, C4<0>;
L_0x5620812a8e90 .functor BUFZ 1, v0x562081275fb0_0, C4<0>, C4<0>, C4<0>;
L_0x5620812a91d0 .functor AND 1, v0x562081275cb0_0, L_0x5620812a9c40, C4<1>, C4<1>;
v0x562081250100_0 .net *"_ivl_1", 20 0, L_0x56208127b380;  1 drivers
v0x562081250990_0 .net *"_ivl_103", 3 0, L_0x56208128e7c0;  1 drivers
L_0x7f644a123570 .functor BUFT 1, C4<0000>, C4<0>, C4<0>, C4<0>;
v0x562081139350_0 .net/2u *"_ivl_104", 3 0, L_0x7f644a123570;  1 drivers
v0x5620812547d0_0 .net *"_ivl_106", 0 0, L_0x56208128e890;  1 drivers
v0x562081262e30_0 .net *"_ivl_109", 1 0, L_0x56208128eb00;  1 drivers
L_0x7f644a1235b8 .functor BUFT 1, C4<01>, C4<0>, C4<0>, C4<0>;
v0x562081262f60_0 .net/2u *"_ivl_110", 1 0, L_0x7f644a1235b8;  1 drivers
v0x562081263040_0 .net *"_ivl_112", 0 0, L_0x56208128eba0;  1 drivers
v0x562081263100_0 .net *"_ivl_114", 0 0, L_0x56208128ee20;  1 drivers
L_0x7f644a123600 .functor BUFT 1, C4<001000>, C4<0>, C4<0>, C4<0>;
v0x5620812631e0_0 .net/2u *"_ivl_118", 5 0, L_0x7f644a123600;  1 drivers
v0x5620812632c0_0 .net *"_ivl_120", 0 0, L_0x56208128f040;  1 drivers
L_0x7f644a123648 .functor BUFT 1, C4<001100>, C4<0>, C4<0>, C4<0>;
v0x562081263380_0 .net/2u *"_ivl_124", 5 0, L_0x7f644a123648;  1 drivers
v0x562081263460_0 .net *"_ivl_126", 0 0, L_0x56208128f360;  1 drivers
v0x562081263520_0 .net *"_ivl_131", 4 0, L_0x56208128f5e0;  1 drivers
L_0x7f644a123690 .functor BUFT 1, C4<10001>, C4<0>, C4<0>, C4<0>;
v0x562081263600_0 .net/2u *"_ivl_132", 4 0, L_0x7f644a123690;  1 drivers
v0x5620812636e0_0 .net *"_ivl_134", 0 0, L_0x56208128f6b0;  1 drivers
v0x5620812637a0_0 .net *"_ivl_142", 0 0, L_0x56208128fb00;  1 drivers
v0x562081263880_0 .net *"_ivl_144", 0 0, L_0x56208128fb70;  1 drivers
v0x562081263960_0 .net *"_ivl_147", 4 0, L_0x56208128fc80;  1 drivers
L_0x7f644a1236d8 .functor BUFT 1, C4<00000>, C4<0>, C4<0>, C4<0>;
v0x562081263a40_0 .net/2u *"_ivl_148", 4 0, L_0x7f644a1236d8;  1 drivers
L_0x7f644a123720 .functor BUFT 1, C4<11111>, C4<0>, C4<0>, C4<0>;
v0x562081263b20_0 .net/2u *"_ivl_152", 4 0, L_0x7f644a123720;  1 drivers
v0x562081263c00_0 .net *"_ivl_155", 4 0, L_0x562081290040;  1 drivers
v0x562081263ce0_0 .net *"_ivl_157", 4 0, L_0x562081290230;  1 drivers
L_0x7f644a123768 .functor BUFT 1, C4<00000>, C4<0>, C4<0>, C4<0>;
v0x562081263dc0_0 .net/2u *"_ivl_158", 4 0, L_0x7f644a123768;  1 drivers
L_0x7f644a123180 .functor BUFT 1, C4<000000>, C4<0>, C4<0>, C4<0>;
v0x562081263ea0_0 .net/2u *"_ivl_16", 5 0, L_0x7f644a123180;  1 drivers
v0x562081263f80_0 .net *"_ivl_160", 4 0, L_0x5620812902d0;  1 drivers
v0x562081264060_0 .net *"_ivl_162", 4 0, L_0x562081290570;  1 drivers
L_0x7f644a1237b0 .functor BUFT 1, C4<00000>, C4<0>, C4<0>, C4<0>;
v0x562081264140_0 .net/2u *"_ivl_166", 4 0, L_0x7f644a1237b0;  1 drivers
v0x562081264220_0 .net *"_ivl_168", 0 0, L_0x562081290a00;  1 drivers
L_0x7f644a1237f8 .functor BUFT 1, C4<00000000000000000000000000000000>, C4<0>, C4<0>, C4<0>;
v0x5620812642e0_0 .net/2u *"_ivl_170", 31 0, L_0x7f644a1237f8;  1 drivers
v0x5620812643c0_0 .net *"_ivl_172", 31 0, L_0x562081290af0;  1 drivers
v0x5620812644a0_0 .net *"_ivl_174", 6 0, L_0x562081290d10;  1 drivers
L_0x7f644a123840 .functor BUFT 1, C4<00>, C4<0>, C4<0>, C4<0>;
v0x562081264580_0 .net *"_ivl_177", 1 0, L_0x7f644a123840;  1 drivers
L_0x7f644a123888 .functor BUFT 1, C4<00000>, C4<0>, C4<0>, C4<0>;
v0x562081264660_0 .net/2u *"_ivl_180", 4 0, L_0x7f644a123888;  1 drivers
v0x562081264740_0 .net *"_ivl_182", 0 0, L_0x562081291170;  1 drivers
L_0x7f644a1238d0 .functor BUFT 1, C4<00000000000000000000000000000000>, C4<0>, C4<0>, C4<0>;
v0x562081264800_0 .net/2u *"_ivl_184", 31 0, L_0x7f644a1238d0;  1 drivers
v0x5620812648e0_0 .net *"_ivl_186", 31 0, L_0x562081291260;  1 drivers
v0x5620812649c0_0 .net *"_ivl_188", 6 0, L_0x562081290ea0;  1 drivers
L_0x7f644a123918 .functor BUFT 1, C4<00>, C4<0>, C4<0>, C4<0>;
v0x562081264aa0_0 .net *"_ivl_191", 1 0, L_0x7f644a123918;  1 drivers
v0x562081264b80_0 .net *"_ivl_197", 15 0, L_0x5620812915f0;  1 drivers
L_0x7f644a1230f0 .functor BUFT 1, C4<000000000100000000000>, C4<0>, C4<0>, C4<0>;
v0x562081264c60_0 .net/2u *"_ivl_2", 20 0, L_0x7f644a1230f0;  1 drivers
L_0x7f644a1231c8 .functor BUFT 1, C4<000010>, C4<0>, C4<0>, C4<0>;
v0x562081264d40_0 .net/2u *"_ivl_20", 5 0, L_0x7f644a1231c8;  1 drivers
L_0x7f644a123960 .functor BUFT 1, C4<0000000000000000>, C4<0>, C4<0>, C4<0>;
v0x562081264e20_0 .net/2u *"_ivl_201", 15 0, L_0x7f644a123960;  1 drivers
v0x562081264f00_0 .net *"_ivl_204", 0 0, L_0x562081291990;  1 drivers
v0x562081264fe0_0 .net *"_ivl_205", 15 0, L_0x562081291a30;  1 drivers
v0x5620812650c0_0 .net *"_ivl_207", 15 0, L_0x562081292010;  1 drivers
v0x5620812651a0_0 .net *"_ivl_210", 0 0, L_0x5620812921a0;  1 drivers
v0x562081265280_0 .net *"_ivl_211", 0 0, L_0x562081292420;  1 drivers
v0x562081265340_0 .net *"_ivl_213", 0 0, L_0x562081292560;  1 drivers
L_0x7f644a1239a8 .functor BUFT 1, C4<00000000000000000000000000000100>, C4<0>, C4<0>, C4<0>;
v0x562081265420_0 .net/2u *"_ivl_217", 31 0, L_0x7f644a1239a8;  1 drivers
v0x562081265500_0 .net *"_ivl_222", 3 0, L_0x562081292a30;  1 drivers
v0x5620812655e0_0 .net *"_ivl_224", 25 0, L_0x562081292ad0;  1 drivers
L_0x7f644a1239f0 .functor BUFT 1, C4<00>, C4<0>, C4<0>, C4<0>;
v0x5620812656c0_0 .net/2u *"_ivl_225", 1 0, L_0x7f644a1239f0;  1 drivers
v0x5620812657a0_0 .net *"_ivl_232", 29 0, L_0x562081293250;  1 drivers
L_0x7f644a123a38 .functor BUFT 1, C4<00>, C4<0>, C4<0>, C4<0>;
v0x562081265880_0 .net/2u *"_ivl_233", 1 0, L_0x7f644a123a38;  1 drivers
v0x562081265960_0 .net *"_ivl_235", 31 0, L_0x5620812932f0;  1 drivers
L_0x7f644a123210 .functor BUFT 1, C4<000011>, C4<0>, C4<0>, C4<0>;
v0x562081265a40_0 .net/2u *"_ivl_24", 5 0, L_0x7f644a123210;  1 drivers
v0x562081265b20_0 .net *"_ivl_241", 0 0, L_0x5620812927d0;  1 drivers
v0x562081265c00_0 .net *"_ivl_243", 0 0, L_0x562081293880;  1 drivers
v0x562081265ce0_0 .net *"_ivl_248", 0 0, L_0x562081293c60;  1 drivers
v0x562081265dc0_0 .net *"_ivl_251", 0 0, L_0x5620812937e0;  1 drivers
v0x562081265ea0_0 .net *"_ivl_255", 0 0, L_0x562081294240;  1 drivers
v0x562081265f80_0 .net *"_ivl_259", 0 0, L_0x5620812946c0;  1 drivers
L_0x7f644a123a80 .functor BUFT 1, C4<00000>, C4<0>, C4<0>, C4<0>;
v0x562081266060_0 .net/2u *"_ivl_262", 4 0, L_0x7f644a123a80;  1 drivers
v0x562081266140_0 .net *"_ivl_264", 0 0, L_0x562081294b50;  1 drivers
v0x562081266200_0 .net *"_ivl_266", 0 0, L_0x562081294c90;  1 drivers
v0x5620812666f0_0 .net *"_ivl_268", 0 0, L_0x562081294d50;  1 drivers
L_0x7f644a123ac8 .functor BUFT 1, C4<00000>, C4<0>, C4<0>, C4<0>;
v0x5620812667b0_0 .net/2u *"_ivl_272", 4 0, L_0x7f644a123ac8;  1 drivers
v0x562081266890_0 .net *"_ivl_274", 0 0, L_0x562081295230;  1 drivers
v0x562081266950_0 .net *"_ivl_276", 0 0, L_0x5620812952d0;  1 drivers
v0x562081266a30_0 .net *"_ivl_278", 0 0, L_0x5620812953e0;  1 drivers
L_0x7f644a123b10 .functor BUFT 1, C4<00000>, C4<0>, C4<0>, C4<0>;
v0x562081266af0_0 .net/2u *"_ivl_282", 4 0, L_0x7f644a123b10;  1 drivers
v0x562081266bd0_0 .net *"_ivl_284", 0 0, L_0x5620812958e0;  1 drivers
v0x562081266c90_0 .net *"_ivl_286", 0 0, L_0x562081295a20;  1 drivers
v0x562081266d70_0 .net *"_ivl_288", 0 0, L_0x562081295ae0;  1 drivers
v0x562081266e30_0 .net *"_ivl_29", 4 0, L_0x56208128ca70;  1 drivers
L_0x7f644a123b58 .functor BUFT 1, C4<00000>, C4<0>, C4<0>, C4<0>;
v0x562081266f10_0 .net/2u *"_ivl_292", 4 0, L_0x7f644a123b58;  1 drivers
v0x562081266ff0_0 .net *"_ivl_294", 0 0, L_0x562081296000;  1 drivers
v0x5620812670b0_0 .net *"_ivl_296", 0 0, L_0x5620812960a0;  1 drivers
v0x562081267190_0 .net *"_ivl_298", 0 0, L_0x5620812961b0;  1 drivers
L_0x7f644a123258 .functor BUFT 1, C4<00010>, C4<0>, C4<0>, C4<0>;
v0x562081267250_0 .net/2u *"_ivl_30", 4 0, L_0x7f644a123258;  1 drivers
v0x562081267330_0 .net *"_ivl_306", 0 0, L_0x562081296a10;  1 drivers
v0x562081267410_0 .net *"_ivl_308", 0 0, L_0x562081296a80;  1 drivers
v0x5620812674f0_0 .net *"_ivl_314", 0 0, L_0x562081296f40;  1 drivers
v0x5620812675d0_0 .net *"_ivl_316", 0 0, L_0x562081296fb0;  1 drivers
v0x5620812676b0_0 .net *"_ivl_318", 0 0, L_0x562081296e20;  1 drivers
v0x562081267790_0 .net *"_ivl_322", 0 0, L_0x562081297300;  1 drivers
v0x562081267870_0 .net *"_ivl_324", 0 0, L_0x562081297410;  1 drivers
v0x562081267950_0 .net *"_ivl_328", 0 0, L_0x562081297780;  1 drivers
v0x562081267a30_0 .net *"_ivl_330", 0 0, L_0x562081297950;  1 drivers
v0x562081267b10_0 .net *"_ivl_332", 0 0, L_0x562081297a50;  1 drivers
v0x562081267bf0_0 .net *"_ivl_334", 0 0, L_0x562081297cc0;  1 drivers
v0x562081267cd0_0 .net *"_ivl_338", 0 0, L_0x562081298050;  1 drivers
v0x562081267db0_0 .net *"_ivl_340", 0 0, L_0x5620812980c0;  1 drivers
v0x562081267e90_0 .net *"_ivl_342", 0 0, L_0x562081298350;  1 drivers
v0x562081267f70_0 .net *"_ivl_344", 0 0, L_0x5620812983c0;  1 drivers
v0x562081268050_0 .net *"_ivl_348", 0 0, L_0x562081298280;  1 drivers
v0x562081268130_0 .net *"_ivl_35", 4 0, L_0x56208128cc10;  1 drivers
v0x562081268210_0 .net *"_ivl_350", 0 0, L_0x5620812988b0;  1 drivers
v0x5620812682f0_0 .net *"_ivl_352", 0 0, L_0x562081298920;  1 drivers
v0x5620812683d0_0 .net *"_ivl_354", 0 0, L_0x562081298b50;  1 drivers
L_0x7f644a1232a0 .functor BUFT 1, C4<00100>, C4<0>, C4<0>, C4<0>;
v0x5620812684b0_0 .net/2u *"_ivl_36", 4 0, L_0x7f644a1232a0;  1 drivers
v0x562081268590_0 .net *"_ivl_360", 0 0, L_0x562081298ef0;  1 drivers
v0x562081268670_0 .net *"_ivl_362", 0 0, L_0x562081298f60;  1 drivers
v0x562081268750_0 .net *"_ivl_364", 0 0, L_0x562081299200;  1 drivers
v0x562081268830_0 .net *"_ivl_368", 0 0, L_0x5620812992c0;  1 drivers
v0x562081268910_0 .net *"_ivl_370", 0 0, L_0x562081299520;  1 drivers
v0x5620812689f0_0 .net *"_ivl_372", 0 0, L_0x5620812995e0;  1 drivers
v0x562081268ad0_0 .net *"_ivl_377", 0 0, L_0x5620812999e0;  1 drivers
v0x562081268bb0_0 .net *"_ivl_379", 0 0, L_0x562081299a50;  1 drivers
v0x562081268c90_0 .net *"_ivl_38", 0 0, L_0x56208128cd20;  1 drivers
v0x562081268d50_0 .net *"_ivl_381", 0 0, L_0x562081299d20;  1 drivers
v0x562081268e30_0 .net *"_ivl_386", 0 0, L_0x56208129a1d0;  1 drivers
v0x562081268f10_0 .net *"_ivl_388", 0 0, L_0x56208129a460;  1 drivers
v0x562081268ff0_0 .net *"_ivl_390", 0 0, L_0x56208129a520;  1 drivers
v0x5620812690d0_0 .net *"_ivl_398", 0 0, L_0x56208129ae10;  1 drivers
v0x5620812691b0_0 .net *"_ivl_400", 0 0, L_0x56208129ae80;  1 drivers
v0x562081269290_0 .net *"_ivl_402", 0 0, L_0x56208129b130;  1 drivers
v0x562081269370_0 .net *"_ivl_404", 0 0, L_0x56208129b240;  1 drivers
v0x562081269450_0 .net *"_ivl_406", 0 0, L_0x56208129b5a0;  1 drivers
v0x562081269530_0 .net *"_ivl_41", 4 0, L_0x56208128ce60;  1 drivers
v0x562081269610_0 .net *"_ivl_410", 0 0, L_0x56208129b660;  1 drivers
v0x5620812696f0_0 .net *"_ivl_412", 0 0, L_0x56208129b980;  1 drivers
v0x5620812697d0_0 .net *"_ivl_417", 0 0, L_0x56208129bb80;  1 drivers
v0x5620812698b0_0 .net *"_ivl_419", 0 0, L_0x56208129be60;  1 drivers
L_0x7f644a1232e8 .functor BUFT 1, C4<10000>, C4<0>, C4<0>, C4<0>;
v0x562081269990_0 .net/2u *"_ivl_42", 4 0, L_0x7f644a1232e8;  1 drivers
v0x562081269a70_0 .net *"_ivl_422", 1 0, L_0x56208129bf70;  1 drivers
v0x562081269b50_0 .net *"_ivl_424", 1 0, L_0x56208129c2e0;  1 drivers
v0x562081269c30_0 .net *"_ivl_433", 0 0, L_0x56208129ce90;  1 drivers
v0x562081269d10_0 .net *"_ivl_435", 0 0, L_0x56208129cf00;  1 drivers
v0x56208126a600_0 .net *"_ivl_437", 0 0, L_0x56208129d2a0;  1 drivers
v0x56208126a6e0_0 .net *"_ivl_439", 0 0, L_0x56208129d310;  1 drivers
v0x56208126a7c0_0 .net *"_ivl_44", 0 0, L_0x56208128cf80;  1 drivers
v0x56208126a880_0 .net *"_ivl_441", 0 0, L_0x56208129d710;  1 drivers
v0x56208126a960_0 .net *"_ivl_443", 0 0, L_0x56208129d810;  1 drivers
v0x56208126aa40_0 .net *"_ivl_448", 0 0, L_0x56208129dd20;  1 drivers
v0x56208126ab20_0 .net *"_ivl_450", 0 0, L_0x56208129ddc0;  1 drivers
v0x56208126ac00_0 .net *"_ivl_451", 31 0, L_0x56208129e150;  1 drivers
v0x56208126ace0_0 .net *"_ivl_456", 0 0, L_0x56208129e770;  1 drivers
v0x56208126adc0_0 .net *"_ivl_458", 0 0, L_0x56208129e810;  1 drivers
v0x56208126aea0_0 .net *"_ivl_459", 31 0, L_0x56208129ec10;  1 drivers
v0x56208126af80_0 .net *"_ivl_46", 0 0, L_0x56208128ccb0;  1 drivers
v0x56208126b060_0 .net *"_ivl_470", 15 0, L_0x56208129f790;  1 drivers
L_0x7f644a123ba0 .functor BUFT 1, C4<0000000000000000>, C4<0>, C4<0>, C4<0>;
v0x56208126b140_0 .net/2u *"_ivl_471", 15 0, L_0x7f644a123ba0;  1 drivers
v0x56208126b220_0 .net *"_ivl_478", 0 0, L_0x5620812a0160;  1 drivers
v0x56208126b300_0 .net *"_ivl_480", 0 0, L_0x5620812a0200;  1 drivers
L_0x7f644a123be8 .functor BUFT 1, C4<0>, C4<0>, C4<0>, C4<0>;
v0x56208126b3e0_0 .net/2u *"_ivl_481", 0 0, L_0x7f644a123be8;  1 drivers
v0x56208126b4c0_0 .net *"_ivl_486", 0 0, L_0x5620812a0730;  1 drivers
v0x56208126b5a0_0 .net *"_ivl_488", 30 0, L_0x5620812a0b30;  1 drivers
L_0x7f644a123c30 .functor BUFT 1, C4<0>, C4<0>, C4<0>, C4<0>;
v0x56208126b680_0 .net/2u *"_ivl_489", 0 0, L_0x7f644a123c30;  1 drivers
v0x56208126b760_0 .net *"_ivl_491", 31 0, L_0x5620812a0c60;  1 drivers
v0x56208126b840_0 .net *"_ivl_496", 0 0, L_0x5620812a1200;  1 drivers
v0x56208126b920_0 .net *"_ivl_498", 29 0, L_0x5620812a16b0;  1 drivers
L_0x7f644a123c78 .functor BUFT 1, C4<00>, C4<0>, C4<0>, C4<0>;
v0x56208126ba00_0 .net/2u *"_ivl_499", 1 0, L_0x7f644a123c78;  1 drivers
v0x56208126bae0_0 .net *"_ivl_501", 31 0, L_0x5620812a1750;  1 drivers
v0x56208126bbc0_0 .net *"_ivl_506", 0 0, L_0x5620812a1d60;  1 drivers
v0x56208126bca0_0 .net *"_ivl_508", 27 0, L_0x5620812a21a0;  1 drivers
L_0x7f644a123cc0 .functor BUFT 1, C4<0000>, C4<0>, C4<0>, C4<0>;
v0x56208126bd80_0 .net/2u *"_ivl_509", 3 0, L_0x7f644a123cc0;  1 drivers
v0x56208126be60_0 .net *"_ivl_51", 4 0, L_0x56208128d270;  1 drivers
v0x56208126bf40_0 .net *"_ivl_511", 31 0, L_0x5620812a2290;  1 drivers
v0x56208126c020_0 .net *"_ivl_516", 0 0, L_0x5620812a28c0;  1 drivers
v0x56208126c100_0 .net *"_ivl_518", 23 0, L_0x5620812a2d20;  1 drivers
L_0x7f644a123d08 .functor BUFT 1, C4<00000000>, C4<0>, C4<0>, C4<0>;
v0x56208126c1e0_0 .net/2u *"_ivl_519", 7 0, L_0x7f644a123d08;  1 drivers
L_0x7f644a123330 .functor BUFT 1, C4<00101>, C4<0>, C4<0>, C4<0>;
v0x56208126c2c0_0 .net/2u *"_ivl_52", 4 0, L_0x7f644a123330;  1 drivers
v0x56208126c3a0_0 .net *"_ivl_521", 31 0, L_0x5620812a2e10;  1 drivers
v0x56208126c480_0 .net *"_ivl_526", 0 0, L_0x5620812a3460;  1 drivers
v0x56208126c560_0 .net *"_ivl_528", 15 0, L_0x5620812a38e0;  1 drivers
L_0x7f644a123d50 .functor BUFT 1, C4<0000000000000000>, C4<0>, C4<0>, C4<0>;
v0x56208126c640_0 .net/2u *"_ivl_529", 15 0, L_0x7f644a123d50;  1 drivers
v0x56208126c720_0 .net *"_ivl_531", 31 0, L_0x5620812a39d0;  1 drivers
v0x56208126c800_0 .net *"_ivl_536", 0 0, L_0x5620812a4040;  1 drivers
v0x56208126c8e0_0 .net *"_ivl_537", 0 0, L_0x5620812a45f0;  1 drivers
v0x56208126c9c0_0 .net *"_ivl_54", 0 0, L_0x56208128d3a0;  1 drivers
v0x56208126ca80_0 .net *"_ivl_540", 30 0, L_0x5620812a46e0;  1 drivers
v0x56208126cb60_0 .net *"_ivl_541", 31 0, L_0x5620812a4b90;  1 drivers
v0x56208126cc40_0 .net *"_ivl_546", 0 0, L_0x5620812a5230;  1 drivers
v0x56208126cd20_0 .net *"_ivl_547", 1 0, L_0x5620812a52d0;  1 drivers
v0x56208126ce00_0 .net *"_ivl_550", 29 0, L_0x5620812a4d70;  1 drivers
v0x56208126cee0_0 .net *"_ivl_551", 31 0, L_0x5620812a4e10;  1 drivers
v0x56208126cfc0_0 .net *"_ivl_556", 0 0, L_0x5620812a5090;  1 drivers
v0x56208126d0a0_0 .net *"_ivl_557", 3 0, L_0x5620812a57c0;  1 drivers
v0x56208126d180_0 .net *"_ivl_560", 27 0, L_0x5620812a5970;  1 drivers
v0x56208126d260_0 .net *"_ivl_561", 31 0, L_0x5620812a5370;  1 drivers
v0x56208126d340_0 .net *"_ivl_566", 0 0, L_0x5620812a55f0;  1 drivers
v0x56208126d420_0 .net *"_ivl_567", 7 0, L_0x5620812a5690;  1 drivers
v0x56208126d500_0 .net *"_ivl_57", 4 0, L_0x56208128d4e0;  1 drivers
v0x56208126d5e0_0 .net *"_ivl_570", 23 0, L_0x5620812a5e90;  1 drivers
v0x56208126d6c0_0 .net *"_ivl_571", 31 0, L_0x5620812a5f80;  1 drivers
v0x56208126d7a0_0 .net *"_ivl_576", 0 0, L_0x5620812a5b50;  1 drivers
v0x56208126d880_0 .net *"_ivl_577", 15 0, L_0x5620812a5bf0;  1 drivers
L_0x7f644a123378 .functor BUFT 1, C4<10101>, C4<0>, C4<0>, C4<0>;
v0x56208126d960_0 .net/2u *"_ivl_58", 4 0, L_0x7f644a123378;  1 drivers
v0x56208126da40_0 .net *"_ivl_580", 15 0, L_0x5620812a5c90;  1 drivers
v0x56208126db20_0 .net *"_ivl_581", 31 0, L_0x5620812a5d80;  1 drivers
v0x56208126dc00_0 .net *"_ivl_586", 0 0, L_0x5620812a6160;  1 drivers
v0x56208126dce0_0 .net *"_ivl_590", 0 0, L_0x5620812a63e0;  1 drivers
L_0x7f644a123d98 .functor BUFT 1, C4<0>, C4<0>, C4<0>, C4<0>;
v0x56208126ddc0_0 .net/2u *"_ivl_591", 0 0, L_0x7f644a123d98;  1 drivers
v0x56208126dea0_0 .net *"_ivl_594", 0 0, L_0x5620812a6480;  1 drivers
v0x56208126df80_0 .net *"_ivl_598", 0 0, L_0x5620812a6c80;  1 drivers
L_0x7f644a123de0 .functor BUFT 1, C4<0>, C4<0>, C4<0>, C4<0>;
v0x56208126e060_0 .net/2u *"_ivl_599", 0 0, L_0x7f644a123de0;  1 drivers
v0x56208126e140_0 .net *"_ivl_60", 0 0, L_0x56208128d620;  1 drivers
v0x56208126e200_0 .net *"_ivl_602", 0 0, L_0x5620812a6660;  1 drivers
v0x56208126e2e0_0 .net *"_ivl_605", 32 0, L_0x5620812a6840;  1 drivers
v0x56208126e3c0_0 .net *"_ivl_607", 32 0, L_0x5620812a68e0;  1 drivers
v0x56208126e4a0_0 .net *"_ivl_611", 32 0, L_0x5620812a7310;  1 drivers
v0x56208126e580_0 .net *"_ivl_613", 32 0, L_0x5620812a6db0;  1 drivers
v0x56208126e660_0 .net *"_ivl_618", 0 0, L_0x5620812a6f90;  1 drivers
v0x56208126e740_0 .net *"_ivl_619", 0 0, L_0x5620812a6a70;  1 drivers
v0x56208126e820_0 .net *"_ivl_62", 0 0, L_0x56208128d710;  1 drivers
v0x56208126e900_0 .net *"_ivl_621", 0 0, L_0x5620812a7080;  1 drivers
v0x56208126e9e0_0 .net *"_ivl_626", 31 0, L_0x5620812a7bd0;  1 drivers
v0x56208126eac0_0 .net *"_ivl_628", 31 0, L_0x5620812a73b0;  1 drivers
v0x56208126eba0_0 .net *"_ivl_640", 0 0, L_0x5620812a8840;  1 drivers
v0x56208126ec80_0 .net *"_ivl_644", 0 0, L_0x5620812a7d10;  1 drivers
v0x56208126ed60_0 .net *"_ivl_648", 0 0, L_0x5620812a7f40;  1 drivers
L_0x7f644a123e28 .functor BUFT 1, C4<0000000000000000000000000000000>, C4<0>, C4<0>, C4<0>;
v0x56208126ee40_0 .net/2u *"_ivl_651", 30 0, L_0x7f644a123e28;  1 drivers
v0x56208126ef20_0 .net *"_ivl_654", 0 0, L_0x5620812a8ff0;  1 drivers
v0x56208126f000_0 .net *"_ivl_666", 16 0, L_0x5620812a9a90;  1 drivers
L_0x7f644a123e70 .functor BUFT 1, C4<00010000000000010>, C4<0>, C4<0>, C4<0>;
v0x56208126f0e0_0 .net/2u *"_ivl_667", 16 0, L_0x7f644a123e70;  1 drivers
v0x56208126f1c0_0 .net *"_ivl_67", 3 0, L_0x56208128d910;  1 drivers
v0x56208126f2a0_0 .net *"_ivl_671", 0 0, L_0x5620812a91d0;  1 drivers
v0x56208126f380_0 .net *"_ivl_673", 31 0, L_0x5620812a9290;  1 drivers
v0x56208126f460_0 .net *"_ivl_676", 12 0, L_0x5620812a9330;  1 drivers
v0x56208126f540_0 .net *"_ivl_677", 14 0, L_0x5620812a93d0;  1 drivers
L_0x7f644a1233c0 .functor BUFT 1, C4<0011>, C4<0>, C4<0>, C4<0>;
v0x56208126f620_0 .net/2u *"_ivl_68", 3 0, L_0x7f644a1233c0;  1 drivers
L_0x7f644a123eb8 .functor BUFT 1, C4<00>, C4<0>, C4<0>, C4<0>;
v0x56208126f700_0 .net *"_ivl_680", 1 0, L_0x7f644a123eb8;  1 drivers
L_0x7f644a123f00 .functor BUFT 1, C4<xxxxxxxxxxxxxxxxxxxxxxxxxxxxxxxx>, C4<0>, C4<0>, C4<0>;
v0x56208126f7e0_0 .net *"_ivl_681", 31 0, L_0x7f644a123f00;  1 drivers
v0x56208126f8c0_0 .net *"_ivl_70", 0 0, L_0x56208128d580;  1 drivers
v0x56208126f980_0 .net *"_ivl_73", 1 0, L_0x56208128db00;  1 drivers
L_0x7f644a123408 .functor BUFT 1, C4<11>, C4<0>, C4<0>, C4<0>;
v0x56208126fa60_0 .net/2u *"_ivl_74", 1 0, L_0x7f644a123408;  1 drivers
v0x56208126fb40_0 .net *"_ivl_76", 0 0, L_0x56208128dc60;  1 drivers
v0x56208126fc00_0 .net *"_ivl_78", 0 0, L_0x56208128dda0;  1 drivers
L_0x7f644a123138 .functor BUFT 1, C4<00000000000000000000000000000000>, C4<0>, C4<0>, C4<0>;
v0x56208126fce0_0 .net/2u *"_ivl_8", 31 0, L_0x7f644a123138;  1 drivers
v0x56208126fdc0_0 .net *"_ivl_81", 3 0, L_0x56208128deb0;  1 drivers
L_0x7f644a123450 .functor BUFT 1, C4<1001>, C4<0>, C4<0>, C4<0>;
v0x56208126fea0_0 .net/2u *"_ivl_82", 3 0, L_0x7f644a123450;  1 drivers
v0x56208126ff80_0 .net *"_ivl_84", 0 0, L_0x56208128e020;  1 drivers
v0x562081270040_0 .net *"_ivl_86", 0 0, L_0x56208128e160;  1 drivers
L_0x7f644a123498 .functor BUFT 1, C4<001111>, C4<0>, C4<0>, C4<0>;
v0x562081270120_0 .net/2u *"_ivl_90", 5 0, L_0x7f644a123498;  1 drivers
L_0x7f644a1234e0 .functor BUFT 1, C4<100011>, C4<0>, C4<0>, C4<0>;
v0x562081270200_0 .net/2u *"_ivl_94", 5 0, L_0x7f644a1234e0;  1 drivers
L_0x7f644a123528 .functor BUFT 1, C4<101011>, C4<0>, C4<0>, C4<0>;
v0x5620812702e0_0 .net/2u *"_ivl_98", 5 0, L_0x7f644a123528;  1 drivers
v0x5620812703c0_0 .net "addsub_sel", 0 0, L_0x5620812a7190;  1 drivers
v0x562081270480_0 .net "adrs", 31 0, L_0x5620812a8980;  1 drivers
v0x562081270560_0 .net "alu_a", 31 0, L_0x56208129f200;  alias, 1 drivers
v0x562081270640_0 .net "alu_b", 31 0, L_0x56208129f590;  alias, 1 drivers
v0x562081270720_0 .net "alu_hzd", 0 0, L_0x562081296ca0;  1 drivers
v0x5620812707e0_0 .var "alu_q3", 31 0;
v0x5620812708c0_0 .var "alu_q4", 31 0;
v0x5620812709a0_0 .net "alu_sel", 2 0, L_0x56208129ba40;  1 drivers
v0x562081270a80_0 .var "alu_sel2", 2 0;
v0x562081270b60_0 .net "amt", 4 0, L_0x56208129fca0;  1 drivers
v0x562081270c40_0 .net "and_or", 31 0, L_0x5620812a88e0;  1 drivers
v0x562081270d20_0 .net "brn_hzd", 0 0, L_0x562081297150;  1 drivers
v0x562081270de0_0 .net "brn_taken", 0 0, L_0x562081292670;  1 drivers
v0x562081270ea0_0 .net "clk", 0 0, v0x562081278050_0;  1 drivers
v0x562081270f60_0 .net "ctrl_hzd", 0 0, L_0x562081297dc0;  1 drivers
v0x562081271020_0 .net "dadd", 32 0, L_0x5620812a69d0;  1 drivers
v0x562081271100_0 .net "daddsub", 31 0, L_0x5620812a74a0;  1 drivers
v0x5620812711e0_0 .net "dand", 31 0, L_0x5620812a7630;  1 drivers
v0x5620812712c0_0 .net "data_hzd", 0 0, L_0x562081297670;  1 drivers
L_0x7f644a123f48 .functor BUFT 1, C4<00000000000000000000000000000000>, C4<0>, C4<0>, C4<0>;
v0x562081271380_0 .net "din", 31 0, L_0x7f644a123f48;  1 drivers
v0x562081269df0_0 .net "dlogic", 31 0, L_0x5620812a80f0;  1 drivers
v0x562081269ed0_0 .net "dlui", 31 0, L_0x56208129fb60;  1 drivers
v0x562081269fb0_0 .net "dnor", 31 0, L_0x5620812a84c0;  1 drivers
v0x56208126a090_0 .net "dor", 31 0, L_0x5620812a76a0;  1 drivers
v0x56208126a170_0 .net "dout", 31 0, L_0x5620812a89f0;  1 drivers
v0x56208126a250_0 .net "dpc", 31 0, L_0x56208129f6d0;  1 drivers
v0x56208126a330_0 .net "dshift", 31 0, L_0x5620812a6250;  1 drivers
v0x56208126a410_0 .net "dsl", 31 0, L_0x5620812a3f00;  1 drivers
v0x56208126a4f0_0 .net "dslt", 31 0, L_0x5620812a9090;  1 drivers
v0x562081272450_0 .net "dsr", 31 0, L_0x5620812a65c0;  1 drivers
v0x562081272530_0 .net "dst", 4 0, L_0x5620812906b0;  1 drivers
v0x562081272610_0 .var "dst2", 4 0;
v0x5620812726f0_0 .var "dst3", 4 0;
v0x5620812727d0_0 .var "dst4", 4 0;
v0x5620812728b0_0 .net "dsub", 32 0, L_0x5620812a6e50;  1 drivers
v0x562081272990_0 .net "dxor", 31 0, L_0x5620812a7710;  1 drivers
v0x562081272a70_0 .net "en_dly", 0 0, L_0x7f644a1230a8;  alias, 1 drivers
v0x562081272b30_0 .net "en_fwd", 0 0, L_0x7f644a123060;  alias, 1 drivers
v0x562081272bf0_0 .net "en_hzd", 0 0, L_0x7f644a123018;  alias, 1 drivers
v0x562081272cb0_0 .net "ex_mem", 0 0, L_0x562081296800;  1 drivers
v0x562081272d70_0 .net "ex_mem_a", 0 0, L_0x562081295e10;  1 drivers
v0x562081272e30_0 .net "ex_mem_b", 0 0, L_0x5620812964f0;  1 drivers
v0x562081272ef0_0 .net "fn", 5 0, L_0x56208128c670;  1 drivers
v0x562081272fd0_0 .net "fwd_alu_a", 31 0, L_0x56208129e2e0;  1 drivers
v0x5620812730b0_0 .net "fwd_alu_b", 31 0, L_0x56208129ed50;  1 drivers
v0x562081273190_0 .net "fwd_ex_sel_a", 1 0, L_0x5620812998a0;  1 drivers
v0x562081273270_0 .var "fwd_ex_sel_a2", 1 0;
v0x562081273350_0 .net "fwd_ex_sel_b", 1 0, L_0x562081299e30;  1 drivers
v0x562081273430_0 .var "fwd_ex_sel_b2", 1 0;
v0x562081273510_0 .net "fwd_id_sel_a", 0 0, L_0x5620812981c0;  1 drivers
v0x5620812735d0_0 .net "fwd_id_sel_b", 0 0, L_0x562081298c10;  1 drivers
v0x562081273690_0 .net "fwd_reg_a", 31 0, L_0x56208129a860;  1 drivers
v0x562081273770_0 .net "fwd_reg_b", 31 0, L_0x56208129aa20;  1 drivers
v0x562081273850_0 .net "halt", 0 0, L_0x56208128f950;  alias, 1 drivers
v0x562081273910_0 .net "i_add", 0 0, L_0x56208128d160;  1 drivers
v0x5620812739d0_0 .net "i_brn", 0 0, L_0x56208128cb70;  1 drivers
v0x562081273a90_0 .net "i_comp", 0 0, L_0x56208128d7d0;  1 drivers
v0x562081273b50_0 .net "i_j", 0 0, L_0x56208128c890;  1 drivers
v0x562081273c10_0 .net "i_jal", 0 0, L_0x56208128c980;  1 drivers
v0x562081273cd0_0 .net "i_jr", 0 0, L_0x56208128f240;  1 drivers
v0x562081273d90_0 .net "i_logic", 0 0, L_0x56208128e260;  1 drivers
v0x562081273e50_0 .net "i_lui", 0 0, L_0x56208128e320;  1 drivers
v0x562081273f10_0 .net "i_lw", 0 0, L_0x56208128e4f0;  1 drivers
v0x562081273fd0_0 .net "i_rfmt", 0 0, L_0x56208128c7a0;  1 drivers
v0x562081274090_0 .net "i_shift", 0 0, L_0x56208128ef80;  1 drivers
v0x562081274150_0 .net "i_sub", 0 0, L_0x56208128f400;  1 drivers
v0x562081274210_0 .net "i_sw", 0 0, L_0x56208128e5e0;  1 drivers
v0x5620812742d0_0 .net "i_syscall", 0 0, L_0x56208128f520;  1 drivers
v0x562081274390_0 .net "id_ex", 0 0, L_0x5620812966f0;  1 drivers
v0x562081274450_0 .net "id_ex_a", 0 0, L_0x562081295060;  1 drivers
v0x562081274510_0 .net "id_ex_b", 0 0, L_0x562081295700;  1 drivers
v0x5620812745d0_0 .net "imm_val", 31 0, L_0x562081291690;  1 drivers
v0x5620812746b0_0 .var "imm_val2", 31 0;
v0x562081274790_0 .net "inst", 31 0, L_0x56208128c320;  1 drivers
v0x562081274870_0 .var "inst1", 31 0;
v0x562081274950_0 .var "nop1", 0 0;
v0x562081274a10_0 .net "op", 5 0, L_0x56208128c530;  1 drivers
v0x562081274af0_0 .net "op_sel", 1 0, L_0x56208129c380;  1 drivers
v0x562081274bd0_0 .var "op_sel2", 1 0;
v0x562081274cb0_0 .var "pc0", 31 0;
v0x562081274d90_0 .var "pc1", 31 0;
v0x562081274e70_0 .var "pc2", 31 0;
v0x562081274f50_0 .net "pc_brn", 31 0, L_0x562081293650;  1 drivers
v0x562081275030_0 .net "pc_din", 31 0, L_0x562081294760;  1 drivers
v0x562081275110_0 .net "pc_din0", 31 0, L_0x562081293e70;  1 drivers
v0x5620812751f0_0 .net "pc_din1", 31 0, L_0x5620812942e0;  1 drivers
v0x5620812752d0_0 .net "pc_jump", 31 0, L_0x562081292d70;  1 drivers
v0x5620812753b0_0 .net "pc_next", 31 0, L_0x562081292730;  1 drivers
v0x562081275490_0 .net "pc_reg", 31 0, L_0x562081292f00;  1 drivers
v0x562081275570_0 .net "pc_sel", 1 0, L_0x562081293940;  1 drivers
v0x562081275650_0 .net "ram_cs", 0 0, L_0x5620812a9c40;  1 drivers
v0x562081275710 .array "ram_data", 8191 0, 31 0;
v0x5620812757d0_0 .var "ram_din3", 31 0;
v0x5620812758b0_0 .net "ram_dout", 31 0, L_0x5620812a9560;  1 drivers
v0x562081275990_0 .var "ram_dout4", 31 0;
v0x562081275a70_0 .net "ram_hzd", 0 0, L_0x562081296db0;  1 drivers
v0x562081275b30_0 .net "ram_rd", 0 0, L_0x56208129ca90;  1 drivers
v0x562081275bf0_0 .var "ram_rd2", 0 0;
v0x562081275cb0_0 .var "ram_rd3", 0 0;
v0x562081275d70_0 .var "ram_rd4", 0 0;
v0x562081275e30_0 .net "ram_wr", 0 0, L_0x56208129cb00;  1 drivers
v0x562081275ef0_0 .var "ram_wr2", 0 0;
v0x562081275fb0_0 .var "ram_wr3", 0 0;
v0x562081276070_0 .net "rd", 0 0, L_0x5620812a8dd0;  1 drivers
v0x562081276130_0 .net "reg_a", 31 0, L_0x562081290e00;  1 drivers
v0x562081276210_0 .var "reg_a2", 31 0;
v0x5620812762f0_0 .net "reg_b", 31 0, L_0x562081290f90;  1 drivers
v0x5620812763d0_0 .var "reg_b2", 31 0;
v0x5620812764b0_0 .net "reg_din", 31 0, L_0x5620812aa340;  alias, 1 drivers
v0x562081276590 .array "reg_file", 31 0, 31 0;
v0x562081276650_0 .net "reg_wr", 0 0, L_0x56208129dbd0;  1 drivers
v0x562081276710_0 .var "reg_wr2", 0 0;
v0x5620812767d0_0 .var "reg_wr3", 0 0;
v0x562081276890_0 .var "reg_wr4", 0 0;
v0x562081276950_0 .net "rom_cs", 0 0, L_0x56208128c090;  1 drivers
v0x562081276a10_0 .net "rom_data", 31 0, v0x562081250030_0;  1 drivers
v0x562081276ad0_0 .net "rst", 0 0, v0x56208127a070_0;  1 drivers
v0x562081276b70_0 .net "sgn_a", 0 0, L_0x5620812a6b40;  1 drivers
v0x562081276c30_0 .net "sgn_b", 0 0, L_0x5620812a6700;  1 drivers
v0x562081276cf0_0 .net "si", 0 0, L_0x5620812a05f0;  1 drivers
v0x562081276db0_0 .net "sl0", 31 0, L_0x5620812a10c0;  1 drivers
v0x562081276e90_0 .net "sl1", 31 0, L_0x5620812a1c20;  1 drivers
v0x562081276f70_0 .net "sl2", 31 0, L_0x5620812a2780;  1 drivers
v0x562081277050_0 .net "sl3", 31 0, L_0x5620812a3320;  1 drivers
v0x562081277130_0 .net "sr0", 31 0, L_0x5620812a4cd0;  1 drivers
v0x562081277210_0 .net "sr1", 31 0, L_0x5620812a4f50;  1 drivers
v0x5620812772f0_0 .net "sr2", 31 0, L_0x5620812a54b0;  1 drivers
v0x5620812773d0_0 .net "sr3", 31 0, L_0x5620812a5a10;  1 drivers
v0x5620812774b0_0 .net "src_a", 4 0, L_0x56208128fa10;  1 drivers
v0x562081277590_0 .net "src_b", 4 0, L_0x56208128fe60;  1 drivers
v0x562081277670_0 .net "src_sel_b", 0 0, L_0x56208129c7a0;  1 drivers
v0x562081277730_0 .var "src_sel_b2", 0 0;
v0x5620812777f0_0 .net "wr", 0 0, L_0x5620812a8e90;  1 drivers
v0x5620812778b0_0 .net "xor_nor", 31 0, L_0x5620812a7db0;  1 drivers
E_0x562081173100 .event negedge, v0x562081270ea0_0;
E_0x5620811ac4b0/0 .event negedge, v0x562081276ad0_0;
E_0x5620811ac4b0/1 .event posedge, v0x562081270ea0_0;
E_0x5620811ac4b0 .event/or E_0x5620811ac4b0/0, E_0x5620811ac4b0/1;
E_0x56208115c5d0 .event posedge, v0x562081270ea0_0;
L_0x56208127b380 .part v0x562081274cb0_0, 11, 21;
L_0x56208128c090 .cmp/eq 21, L_0x56208127b380, L_0x7f644a1230f0;
L_0x56208128c200 .part v0x562081274cb0_0, 2, 9;
L_0x56208128c320 .functor MUXZ 32, L_0x7f644a123138, v0x562081250030_0, L_0x56208128c090, C4<>;
L_0x56208128c530 .part v0x562081274870_0, 26, 6;
L_0x56208128c670 .part v0x562081274870_0, 0, 6;
L_0x56208128c7a0 .cmp/eq 6, L_0x56208128c530, L_0x7f644a123180;
L_0x56208128c890 .cmp/eq 6, L_0x56208128c530, L_0x7f644a1231c8;
L_0x56208128c980 .cmp/eq 6, L_0x56208128c530, L_0x7f644a123210;
L_0x56208128ca70 .part L_0x56208128c530, 1, 5;
L_0x56208128cb70 .cmp/eq 5, L_0x56208128ca70, L_0x7f644a123258;
L_0x56208128cc10 .part L_0x56208128c530, 1, 5;
L_0x56208128cd20 .cmp/eq 5, L_0x56208128cc10, L_0x7f644a1232a0;
L_0x56208128ce60 .part L_0x56208128c670, 1, 5;
L_0x56208128cf80 .cmp/eq 5, L_0x56208128ce60, L_0x7f644a1232e8;
L_0x56208128d270 .part L_0x56208128c530, 1, 5;
L_0x56208128d3a0 .cmp/eq 5, L_0x56208128d270, L_0x7f644a123330;
L_0x56208128d4e0 .part L_0x56208128c670, 1, 5;
L_0x56208128d620 .cmp/eq 5, L_0x56208128d4e0, L_0x7f644a123378;
L_0x56208128d910 .part L_0x56208128c530, 2, 4;
L_0x56208128d580 .cmp/eq 4, L_0x56208128d910, L_0x7f644a1233c0;
L_0x56208128db00 .part L_0x56208128c530, 0, 2;
L_0x56208128dc60 .cmp/ne 2, L_0x56208128db00, L_0x7f644a123408;
L_0x56208128deb0 .part L_0x56208128c670, 2, 4;
L_0x56208128e020 .cmp/eq 4, L_0x56208128deb0, L_0x7f644a123450;
L_0x56208128e320 .cmp/eq 6, L_0x56208128c530, L_0x7f644a123498;
L_0x56208128e4f0 .cmp/eq 6, L_0x56208128c530, L_0x7f644a1234e0;
L_0x56208128e5e0 .cmp/eq 6, L_0x56208128c530, L_0x7f644a123528;
L_0x56208128e7c0 .part L_0x56208128c670, 2, 4;
L_0x56208128e890 .cmp/eq 4, L_0x56208128e7c0, L_0x7f644a123570;
L_0x56208128eb00 .part L_0x56208128c670, 0, 2;
L_0x56208128eba0 .cmp/ne 2, L_0x56208128eb00, L_0x7f644a1235b8;
L_0x56208128f040 .cmp/eq 6, L_0x56208128c670, L_0x7f644a123600;
L_0x56208128f360 .cmp/eq 6, L_0x56208128c670, L_0x7f644a123648;
L_0x56208128f5e0 .part L_0x56208128c670, 1, 5;
L_0x56208128f6b0 .cmp/eq 5, L_0x56208128f5e0, L_0x7f644a123690;
L_0x56208128fa10 .part v0x562081274870_0, 21, 5;
L_0x56208128fc80 .part v0x562081274870_0, 16, 5;
L_0x56208128fe60 .functor MUXZ 5, L_0x7f644a1236d8, L_0x56208128fc80, L_0x56208128fb70, C4<>;
L_0x562081290040 .part v0x562081274870_0, 11, 5;
L_0x562081290230 .part v0x562081274870_0, 16, 5;
L_0x5620812902d0 .functor MUXZ 5, L_0x7f644a123768, L_0x562081290230, L_0x56208129dbd0, C4<>;
L_0x562081290570 .functor MUXZ 5, L_0x5620812902d0, L_0x562081290040, L_0x56208128c7a0, C4<>;
L_0x5620812906b0 .functor MUXZ 5, L_0x562081290570, L_0x7f644a123720, L_0x56208128c980, C4<>;
L_0x562081290a00 .cmp/eq 5, L_0x56208128fa10, L_0x7f644a1237b0;
L_0x562081290af0 .array/port v0x562081276590, L_0x562081290d10;
L_0x562081290d10 .concat [ 5 2 0 0], L_0x56208128fa10, L_0x7f644a123840;
L_0x562081290e00 .functor MUXZ 32, L_0x562081290af0, L_0x7f644a1237f8, L_0x562081290a00, C4<>;
L_0x562081291170 .cmp/eq 5, L_0x56208128fe60, L_0x7f644a123888;
L_0x562081291260 .array/port v0x562081276590, L_0x562081290ea0;
L_0x562081290ea0 .concat [ 5 2 0 0], L_0x56208128fe60, L_0x7f644a123918;
L_0x562081290f90 .functor MUXZ 32, L_0x562081291260, L_0x7f644a1238d0, L_0x562081291170, C4<>;
L_0x5620812915f0 .part v0x562081274870_0, 0, 16;
L_0x562081291690 .concat8 [ 16 16 0 0], L_0x5620812915f0, L_0x562081292010;
L_0x562081291990 .part v0x562081274870_0, 15, 1;
LS_0x562081291a30_0_0 .concat [ 1 1 1 1], L_0x562081291990, L_0x562081291990, L_0x562081291990, L_0x562081291990;
LS_0x562081291a30_0_4 .concat [ 1 1 1 1], L_0x562081291990, L_0x562081291990, L_0x562081291990, L_0x562081291990;
LS_0x562081291a30_0_8 .concat [ 1 1 1 1], L_0x562081291990, L_0x562081291990, L_0x562081291990, L_0x562081291990;
LS_0x562081291a30_0_12 .concat [ 1 1 1 1], L_0x562081291990, L_0x562081291990, L_0x562081291990, L_0x562081291990;
L_0x562081291a30 .concat [ 4 4 4 4], LS_0x562081291a30_0_0, LS_0x562081291a30_0_4, LS_0x562081291a30_0_8, LS_0x562081291a30_0_12;
L_0x562081292010 .functor MUXZ 16, L_0x562081291a30, L_0x7f644a123960, L_0x56208128e260, C4<>;
L_0x5620812921a0 .part L_0x56208128c530, 0, 1;
L_0x562081292420 .cmp/eq 32, L_0x56208129a860, L_0x56208129aa20;
L_0x562081292730 .arith/sum 32, v0x562081274cb0_0, L_0x7f644a1239a8;
L_0x562081292a30 .part v0x562081274cb0_0, 28, 4;
L_0x562081292ad0 .part v0x562081274870_0, 0, 26;
L_0x562081292d70 .concat [ 2 26 4 0], L_0x7f644a1239f0, L_0x562081292ad0, L_0x562081292a30;
L_0x562081292f00 .functor MUXZ 32, L_0x562081290e00, v0x5620812707e0_0, L_0x5620812981c0, C4<>;
L_0x562081293250 .part L_0x562081291690, 0, 30;
L_0x5620812932f0 .concat [ 2 30 0 0], L_0x7f644a123a38, L_0x562081293250;
L_0x562081293650 .arith/sum 32, v0x562081274cb0_0, L_0x5620812932f0;
L_0x562081293940 .concat8 [ 1 1 0 0], L_0x562081293880, L_0x562081293c60;
L_0x5620812937e0 .part L_0x562081293940, 0, 1;
L_0x562081293e70 .functor MUXZ 32, L_0x562081292730, L_0x562081292d70, L_0x5620812937e0, C4<>;
L_0x562081294240 .part L_0x562081293940, 0, 1;
L_0x5620812942e0 .functor MUXZ 32, L_0x562081292f00, L_0x562081293650, L_0x562081294240, C4<>;
L_0x5620812946c0 .part L_0x562081293940, 1, 1;
L_0x562081294760 .functor MUXZ 32, L_0x562081293e70, L_0x5620812942e0, L_0x5620812946c0, C4<>;
L_0x562081294b50 .cmp/ne 5, v0x562081272610_0, L_0x7f644a123a80;
L_0x562081294d50 .cmp/eq 5, v0x562081272610_0, L_0x56208128fa10;
L_0x562081295230 .cmp/ne 5, v0x562081272610_0, L_0x7f644a123ac8;
L_0x5620812953e0 .cmp/eq 5, v0x562081272610_0, L_0x56208128fe60;
L_0x5620812958e0 .cmp/ne 5, v0x5620812726f0_0, L_0x7f644a123b10;
L_0x562081295ae0 .cmp/eq 5, v0x5620812726f0_0, L_0x56208128fa10;
L_0x562081296000 .cmp/ne 5, v0x5620812726f0_0, L_0x7f644a123b58;
L_0x5620812961b0 .cmp/eq 5, v0x5620812726f0_0, L_0x56208128fe60;
L_0x5620812998a0 .concat8 [ 1 1 0 0], L_0x562081299200, L_0x562081299d20;
L_0x562081299e30 .concat8 [ 1 1 0 0], L_0x5620812995e0, L_0x56208129a520;
L_0x56208129a860 .functor MUXZ 32, L_0x562081290e00, v0x5620812707e0_0, L_0x5620812981c0, C4<>;
L_0x56208129aa20 .functor MUXZ 32, L_0x562081290f90, v0x5620812707e0_0, L_0x562081298c10, C4<>;
L_0x56208129ba40 .concat8 [ 1 1 1 0], L_0x56208129b5a0, L_0x56208129b980, L_0x56208129be60;
L_0x56208129bf70 .part L_0x56208128c670, 0, 2;
L_0x56208129c2e0 .part L_0x56208128c530, 0, 2;
L_0x56208129c380 .functor MUXZ 2, L_0x56208129c2e0, L_0x56208129bf70, L_0x56208128c7a0, C4<>;
L_0x56208129dd20 .part v0x562081273270_0, 0, 1;
L_0x56208129ddc0 .part v0x562081273270_0, 1, 1;
L_0x56208129e150 .functor MUXZ 32, v0x562081276210_0, L_0x5620812aa340, L_0x56208129ddc0, C4<>;
L_0x56208129e2e0 .functor MUXZ 32, L_0x56208129e150, v0x5620812707e0_0, L_0x56208129dd20, C4<>;
L_0x56208129e770 .part v0x562081273430_0, 0, 1;
L_0x56208129e810 .part v0x562081273430_0, 1, 1;
L_0x56208129ec10 .functor MUXZ 32, v0x5620812763d0_0, L_0x5620812aa340, L_0x56208129e810, C4<>;
L_0x56208129ed50 .functor MUXZ 32, L_0x56208129ec10, v0x5620812707e0_0, L_0x56208129e770, C4<>;
L_0x56208129f590 .functor MUXZ 32, v0x5620812746b0_0, L_0x56208129ed50, v0x562081277730_0, C4<>;
L_0x56208129f790 .part v0x5620812746b0_0, 0, 16;
L_0x56208129fb60 .concat [ 16 16 0 0], L_0x7f644a123ba0, L_0x56208129f790;
L_0x56208129fca0 .part v0x5620812746b0_0, 6, 5;
L_0x5620812a0160 .part v0x562081274bd0_0, 0, 1;
L_0x5620812a0200 .part L_0x56208129f590, 31, 1;
L_0x5620812a05f0 .functor MUXZ 1, L_0x7f644a123be8, L_0x5620812a0200, L_0x5620812a0160, C4<>;
L_0x5620812a0730 .part L_0x56208129fca0, 0, 1;
L_0x5620812a0b30 .part L_0x56208129f590, 0, 31;
L_0x5620812a0c60 .concat [ 1 31 0 0], L_0x7f644a123c30, L_0x5620812a0b30;
L_0x5620812a10c0 .functor MUXZ 32, L_0x56208129f590, L_0x5620812a0c60, L_0x5620812a0730, C4<>;
L_0x5620812a1200 .part L_0x56208129fca0, 1, 1;
L_0x5620812a16b0 .part L_0x5620812a10c0, 0, 30;
L_0x5620812a1750 .concat [ 2 30 0 0], L_0x7f644a123c78, L_0x5620812a16b0;
L_0x5620812a1c20 .functor MUXZ 32, L_0x5620812a10c0, L_0x5620812a1750, L_0x5620812a1200, C4<>;
L_0x5620812a1d60 .part L_0x56208129fca0, 2, 1;
L_0x5620812a21a0 .part L_0x5620812a1c20, 0, 28;
L_0x5620812a2290 .concat [ 4 28 0 0], L_0x7f644a123cc0, L_0x5620812a21a0;
L_0x5620812a2780 .functor MUXZ 32, L_0x5620812a1c20, L_0x5620812a2290, L_0x5620812a1d60, C4<>;
L_0x5620812a28c0 .part L_0x56208129fca0, 3, 1;
L_0x5620812a2d20 .part L_0x5620812a2780, 0, 24;
L_0x5620812a2e10 .concat [ 8 24 0 0], L_0x7f644a123d08, L_0x5620812a2d20;
L_0x5620812a3320 .functor MUXZ 32, L_0x5620812a2780, L_0x5620812a2e10, L_0x5620812a28c0, C4<>;
L_0x5620812a3460 .part L_0x56208129fca0, 4, 1;
L_0x5620812a38e0 .part L_0x5620812a3320, 0, 16;
L_0x5620812a39d0 .concat [ 16 16 0 0], L_0x7f644a123d50, L_0x5620812a38e0;
L_0x5620812a3f00 .functor MUXZ 32, L_0x5620812a3320, L_0x5620812a39d0, L_0x5620812a3460, C4<>;
L_0x5620812a4040 .part L_0x56208129fca0, 0, 1;
L_0x5620812a45f0 .concat [ 1 0 0 0], L_0x5620812a05f0;
L_0x5620812a46e0 .part L_0x56208129f590, 1, 31;
L_0x5620812a4b90 .concat [ 31 1 0 0], L_0x5620812a46e0, L_0x5620812a45f0;
L_0x5620812a4cd0 .functor MUXZ 32, L_0x56208129f590, L_0x5620812a4b90, L_0x5620812a4040, C4<>;
L_0x5620812a5230 .part L_0x56208129fca0, 1, 1;
L_0x5620812a52d0 .concat [ 1 1 0 0], L_0x5620812a05f0, L_0x5620812a05f0;
L_0x5620812a4d70 .part L_0x5620812a4cd0, 2, 30;
L_0x5620812a4e10 .concat [ 30 2 0 0], L_0x5620812a4d70, L_0x5620812a52d0;
L_0x5620812a4f50 .functor MUXZ 32, L_0x5620812a4cd0, L_0x5620812a4e10, L_0x5620812a5230, C4<>;
L_0x5620812a5090 .part L_0x56208129fca0, 2, 1;
L_0x5620812a57c0 .concat [ 1 1 1 1], L_0x5620812a05f0, L_0x5620812a05f0, L_0x5620812a05f0, L_0x5620812a05f0;
L_0x5620812a5970 .part L_0x5620812a4f50, 4, 28;
L_0x5620812a5370 .concat [ 28 4 0 0], L_0x5620812a5970, L_0x5620812a57c0;
L_0x5620812a54b0 .functor MUXZ 32, L_0x5620812a4f50, L_0x5620812a5370, L_0x5620812a5090, C4<>;
L_0x5620812a55f0 .part L_0x56208129fca0, 3, 1;
LS_0x5620812a5690_0_0 .concat [ 1 1 1 1], L_0x5620812a05f0, L_0x5620812a05f0, L_0x5620812a05f0, L_0x5620812a05f0;
LS_0x5620812a5690_0_4 .concat [ 1 1 1 1], L_0x5620812a05f0, L_0x5620812a05f0, L_0x5620812a05f0, L_0x5620812a05f0;
L_0x5620812a5690 .concat [ 4 4 0 0], LS_0x5620812a5690_0_0, LS_0x5620812a5690_0_4;
L_0x5620812a5e90 .part L_0x5620812a54b0, 8, 24;
L_0x5620812a5f80 .concat [ 24 8 0 0], L_0x5620812a5e90, L_0x5620812a5690;
L_0x5620812a5a10 .functor MUXZ 32, L_0x5620812a54b0, L_0x5620812a5f80, L_0x5620812a55f0, C4<>;
L_0x5620812a5b50 .part L_0x56208129fca0, 4, 1;
LS_0x5620812a5bf0_0_0 .concat [ 1 1 1 1], L_0x5620812a05f0, L_0x5620812a05f0, L_0x5620812a05f0, L_0x5620812a05f0;
LS_0x5620812a5bf0_0_4 .concat [ 1 1 1 1], L_0x5620812a05f0, L_0x5620812a05f0, L_0x5620812a05f0, L_0x5620812a05f0;
LS_0x5620812a5bf0_0_8 .concat [ 1 1 1 1], L_0x5620812a05f0, L_0x5620812a05f0, L_0x5620812a05f0, L_0x5620812a05f0;
LS_0x5620812a5bf0_0_12 .concat [ 1 1 1 1], L_0x5620812a05f0, L_0x5620812a05f0, L_0x5620812a05f0, L_0x5620812a05f0;
L_0x5620812a5bf0 .concat [ 4 4 4 4], LS_0x5620812a5bf0_0_0, LS_0x5620812a5bf0_0_4, LS_0x5620812a5bf0_0_8, LS_0x5620812a5bf0_0_12;
L_0x5620812a5c90 .part L_0x5620812a5a10, 16, 16;
L_0x5620812a5d80 .concat [ 16 16 0 0], L_0x5620812a5c90, L_0x5620812a5bf0;
L_0x5620812a65c0 .functor MUXZ 32, L_0x5620812a5a10, L_0x5620812a5d80, L_0x5620812a5b50, C4<>;
L_0x5620812a6160 .part v0x562081274bd0_0, 1, 1;
L_0x5620812a6250 .functor MUXZ 32, L_0x5620812a3f00, L_0x5620812a65c0, L_0x5620812a6160, C4<>;
L_0x5620812a63e0 .part v0x562081274bd0_0, 0, 1;
L_0x5620812a6480 .part L_0x56208129f200, 31, 1;
L_0x5620812a6b40 .functor MUXZ 1, L_0x5620812a6480, L_0x7f644a123d98, L_0x5620812a63e0, C4<>;
L_0x5620812a6c80 .part v0x562081274bd0_0, 0, 1;
L_0x5620812a6660 .part L_0x56208129f590, 31, 1;
L_0x5620812a6700 .functor MUXZ 1, L_0x5620812a6660, L_0x7f644a123de0, L_0x5620812a6c80, C4<>;
L_0x5620812a6840 .concat [ 32 1 0 0], L_0x56208129f200, L_0x5620812a6b40;
L_0x5620812a68e0 .concat [ 32 1 0 0], L_0x56208129f590, L_0x5620812a6700;
L_0x5620812a69d0 .arith/sum 33, L_0x5620812a6840, L_0x5620812a68e0;
L_0x5620812a7310 .concat [ 32 1 0 0], L_0x56208129f200, L_0x5620812a6b40;
L_0x5620812a6db0 .concat [ 32 1 0 0], L_0x56208129f590, L_0x5620812a6700;
L_0x5620812a6e50 .arith/sub 33, L_0x5620812a7310, L_0x5620812a6db0;
L_0x5620812a6f90 .part v0x562081274bd0_0, 1, 1;
L_0x5620812a7bd0 .part L_0x5620812a69d0, 0, 32;
L_0x5620812a73b0 .part L_0x5620812a6e50, 0, 32;
L_0x5620812a74a0 .functor MUXZ 32, L_0x5620812a73b0, L_0x5620812a7bd0, L_0x5620812a7190, C4<>;
L_0x5620812a8840 .part v0x562081274bd0_0, 0, 1;
L_0x5620812a88e0 .functor MUXZ 32, L_0x5620812a7630, L_0x5620812a76a0, L_0x5620812a8840, C4<>;
L_0x5620812a7d10 .part v0x562081274bd0_0, 0, 1;
L_0x5620812a7db0 .functor MUXZ 32, L_0x5620812a7710, L_0x5620812a84c0, L_0x5620812a7d10, C4<>;
L_0x5620812a7f40 .part v0x562081274bd0_0, 1, 1;
L_0x5620812a80f0 .functor MUXZ 32, L_0x5620812a88e0, L_0x5620812a7db0, L_0x5620812a7f40, C4<>;
L_0x5620812a8ff0 .part L_0x5620812a6e50, 32, 1;
L_0x5620812a9090 .concat [ 1 31 0 0], L_0x5620812a8ff0, L_0x7f644a123e28;
L_0x5620812a9a90 .part v0x5620812707e0_0, 15, 17;
L_0x5620812a9c40 .cmp/eq 17, L_0x5620812a9a90, L_0x7f644a123e70;
L_0x5620812a9290 .array/port v0x562081275710, L_0x5620812a93d0;
L_0x5620812a9330 .part v0x5620812707e0_0, 2, 13;
L_0x5620812a93d0 .concat [ 13 2 0 0], L_0x5620812a9330, L_0x7f644a123eb8;
L_0x5620812a9560 .functor MUXZ 32, L_0x7f644a123f00, L_0x5620812a9290, L_0x5620812a91d0, C4<>;
L_0x5620812aa340 .functor MUXZ 32, v0x5620812708c0_0, v0x562081275990_0, v0x562081275d70_0, C4<>;
S_0x5620811e9860 .scope module, "rom" "rom" 3 94, 4 2 0, S_0x5620811c2960;
 .timescale -9 -9;
    .port_info 0 /INPUT 9 "adrs";
    .port_info 1 /OUTPUT 32 "dout";
v0x56208124f570_0 .net "adrs", 8 0, L_0x56208128c200;  1 drivers
v0x562081250030_0 .var "dout", 31 0;
E_0x562081257290 .event edge, v0x56208124f570_0;
    .scope S_0x5620811e9860;
T_0 ;
    %wait E_0x562081257290;
    %load/vec4 v0x56208124f570_0;
    %dup/vec4;
    %pushi/vec4 0, 0, 9;
    %cmp/u;
    %jmp/1 T_0.0, 6;
    %dup/vec4;
    %pushi/vec4 1, 0, 9;
    %cmp/u;
    %jmp/1 T_0.1, 6;
    %dup/vec4;
    %pushi/vec4 2, 0, 9;
    %cmp/u;
    %jmp/1 T_0.2, 6;
    %dup/vec4;
    %pushi/vec4 3, 0, 9;
    %cmp/u;
    %jmp/1 T_0.3, 6;
    %dup/vec4;
    %pushi/vec4 4, 0, 9;
    %cmp/u;
    %jmp/1 T_0.4, 6;
    %dup/vec4;
    %pushi/vec4 5, 0, 9;
    %cmp/u;
    %jmp/1 T_0.5, 6;
    %dup/vec4;
    %pushi/vec4 6, 0, 9;
    %cmp/u;
    %jmp/1 T_0.6, 6;
    %dup/vec4;
    %pushi/vec4 7, 0, 9;
    %cmp/u;
    %jmp/1 T_0.7, 6;
    %dup/vec4;
    %pushi/vec4 8, 0, 9;
    %cmp/u;
    %jmp/1 T_0.8, 6;
    %dup/vec4;
    %pushi/vec4 9, 0, 9;
    %cmp/u;
    %jmp/1 T_0.9, 6;
    %dup/vec4;
    %pushi/vec4 10, 0, 9;
    %cmp/u;
    %jmp/1 T_0.10, 6;
    %dup/vec4;
    %pushi/vec4 11, 0, 9;
    %cmp/u;
    %jmp/1 T_0.11, 6;
    %dup/vec4;
    %pushi/vec4 12, 0, 9;
    %cmp/u;
    %jmp/1 T_0.12, 6;
    %dup/vec4;
    %pushi/vec4 13, 0, 9;
    %cmp/u;
    %jmp/1 T_0.13, 6;
    %dup/vec4;
    %pushi/vec4 14, 0, 9;
    %cmp/u;
    %jmp/1 T_0.14, 6;
    %dup/vec4;
    %pushi/vec4 15, 0, 9;
    %cmp/u;
    %jmp/1 T_0.15, 6;
    %dup/vec4;
    %pushi/vec4 16, 0, 9;
    %cmp/u;
    %jmp/1 T_0.16, 6;
    %dup/vec4;
    %pushi/vec4 17, 0, 9;
    %cmp/u;
    %jmp/1 T_0.17, 6;
    %dup/vec4;
    %pushi/vec4 18, 0, 9;
    %cmp/u;
    %jmp/1 T_0.18, 6;
    %dup/vec4;
    %pushi/vec4 19, 0, 9;
    %cmp/u;
    %jmp/1 T_0.19, 6;
    %dup/vec4;
    %pushi/vec4 20, 0, 9;
    %cmp/u;
    %jmp/1 T_0.20, 6;
    %dup/vec4;
    %pushi/vec4 21, 0, 9;
    %cmp/u;
    %jmp/1 T_0.21, 6;
    %dup/vec4;
    %pushi/vec4 22, 0, 9;
    %cmp/u;
    %jmp/1 T_0.22, 6;
    %dup/vec4;
    %pushi/vec4 23, 0, 9;
    %cmp/u;
    %jmp/1 T_0.23, 6;
    %dup/vec4;
    %pushi/vec4 24, 0, 9;
    %cmp/u;
    %jmp/1 T_0.24, 6;
    %dup/vec4;
    %pushi/vec4 25, 0, 9;
    %cmp/u;
    %jmp/1 T_0.25, 6;
    %dup/vec4;
    %pushi/vec4 26, 0, 9;
    %cmp/u;
    %jmp/1 T_0.26, 6;
    %dup/vec4;
    %pushi/vec4 27, 0, 9;
    %cmp/u;
    %jmp/1 T_0.27, 6;
    %dup/vec4;
    %pushi/vec4 28, 0, 9;
    %cmp/u;
    %jmp/1 T_0.28, 6;
    %dup/vec4;
    %pushi/vec4 29, 0, 9;
    %cmp/u;
    %jmp/1 T_0.29, 6;
    %dup/vec4;
    %pushi/vec4 30, 0, 9;
    %cmp/u;
    %jmp/1 T_0.30, 6;
    %dup/vec4;
    %pushi/vec4 31, 0, 9;
    %cmp/u;
    %jmp/1 T_0.31, 6;
    %dup/vec4;
    %pushi/vec4 32, 0, 9;
    %cmp/u;
    %jmp/1 T_0.32, 6;
    %dup/vec4;
    %pushi/vec4 33, 0, 9;
    %cmp/u;
    %jmp/1 T_0.33, 6;
    %dup/vec4;
    %pushi/vec4 34, 0, 9;
    %cmp/u;
    %jmp/1 T_0.34, 6;
    %dup/vec4;
    %pushi/vec4 35, 0, 9;
    %cmp/u;
    %jmp/1 T_0.35, 6;
    %dup/vec4;
    %pushi/vec4 36, 0, 9;
    %cmp/u;
    %jmp/1 T_0.36, 6;
    %dup/vec4;
    %pushi/vec4 37, 0, 9;
    %cmp/u;
    %jmp/1 T_0.37, 6;
    %dup/vec4;
    %pushi/vec4 38, 0, 9;
    %cmp/u;
    %jmp/1 T_0.38, 6;
    %dup/vec4;
    %pushi/vec4 39, 0, 9;
    %cmp/u;
    %jmp/1 T_0.39, 6;
    %dup/vec4;
    %pushi/vec4 40, 0, 9;
    %cmp/u;
    %jmp/1 T_0.40, 6;
    %dup/vec4;
    %pushi/vec4 41, 0, 9;
    %cmp/u;
    %jmp/1 T_0.41, 6;
    %dup/vec4;
    %pushi/vec4 42, 0, 9;
    %cmp/u;
    %jmp/1 T_0.42, 6;
    %dup/vec4;
    %pushi/vec4 43, 0, 9;
    %cmp/u;
    %jmp/1 T_0.43, 6;
    %dup/vec4;
    %pushi/vec4 44, 0, 9;
    %cmp/u;
    %jmp/1 T_0.44, 6;
    %dup/vec4;
    %pushi/vec4 45, 0, 9;
    %cmp/u;
    %jmp/1 T_0.45, 6;
    %dup/vec4;
    %pushi/vec4 46, 0, 9;
    %cmp/u;
    %jmp/1 T_0.46, 6;
    %dup/vec4;
    %pushi/vec4 47, 0, 9;
    %cmp/u;
    %jmp/1 T_0.47, 6;
    %dup/vec4;
    %pushi/vec4 48, 0, 9;
    %cmp/u;
    %jmp/1 T_0.48, 6;
    %dup/vec4;
    %pushi/vec4 49, 0, 9;
    %cmp/u;
    %jmp/1 T_0.49, 6;
    %dup/vec4;
    %pushi/vec4 50, 0, 9;
    %cmp/u;
    %jmp/1 T_0.50, 6;
    %dup/vec4;
    %pushi/vec4 51, 0, 9;
    %cmp/u;
    %jmp/1 T_0.51, 6;
    %dup/vec4;
    %pushi/vec4 52, 0, 9;
    %cmp/u;
    %jmp/1 T_0.52, 6;
    %dup/vec4;
    %pushi/vec4 53, 0, 9;
    %cmp/u;
    %jmp/1 T_0.53, 6;
    %dup/vec4;
    %pushi/vec4 54, 0, 9;
    %cmp/u;
    %jmp/1 T_0.54, 6;
    %dup/vec4;
    %pushi/vec4 55, 0, 9;
    %cmp/u;
    %jmp/1 T_0.55, 6;
    %dup/vec4;
    %pushi/vec4 56, 0, 9;
    %cmp/u;
    %jmp/1 T_0.56, 6;
    %dup/vec4;
    %pushi/vec4 57, 0, 9;
    %cmp/u;
    %jmp/1 T_0.57, 6;
    %dup/vec4;
    %pushi/vec4 58, 0, 9;
    %cmp/u;
    %jmp/1 T_0.58, 6;
    %dup/vec4;
    %pushi/vec4 59, 0, 9;
    %cmp/u;
    %jmp/1 T_0.59, 6;
    %dup/vec4;
    %pushi/vec4 60, 0, 9;
    %cmp/u;
    %jmp/1 T_0.60, 6;
    %dup/vec4;
    %pushi/vec4 61, 0, 9;
    %cmp/u;
    %jmp/1 T_0.61, 6;
    %dup/vec4;
    %pushi/vec4 62, 0, 9;
    %cmp/u;
    %jmp/1 T_0.62, 6;
    %dup/vec4;
    %pushi/vec4 63, 0, 9;
    %cmp/u;
    %jmp/1 T_0.63, 6;
    %dup/vec4;
    %pushi/vec4 64, 0, 9;
    %cmp/u;
    %jmp/1 T_0.64, 6;
    %dup/vec4;
    %pushi/vec4 65, 0, 9;
    %cmp/u;
    %jmp/1 T_0.65, 6;
    %dup/vec4;
    %pushi/vec4 66, 0, 9;
    %cmp/u;
    %jmp/1 T_0.66, 6;
    %dup/vec4;
    %pushi/vec4 67, 0, 9;
    %cmp/u;
    %jmp/1 T_0.67, 6;
    %dup/vec4;
    %pushi/vec4 68, 0, 9;
    %cmp/u;
    %jmp/1 T_0.68, 6;
    %dup/vec4;
    %pushi/vec4 69, 0, 9;
    %cmp/u;
    %jmp/1 T_0.69, 6;
    %dup/vec4;
    %pushi/vec4 70, 0, 9;
    %cmp/u;
    %jmp/1 T_0.70, 6;
    %dup/vec4;
    %pushi/vec4 71, 0, 9;
    %cmp/u;
    %jmp/1 T_0.71, 6;
    %pushi/vec4 0, 0, 32;
    %assign/vec4 v0x562081250030_0, 0;
    %jmp T_0.73;
T_0.0 ;
    %pushi/vec4 1006702593, 0, 32;
    %assign/vec4 v0x562081250030_0, 0;
    %jmp T_0.73;
T_0.1 ;
    %pushi/vec4 875560960, 0, 32;
    %assign/vec4 v0x562081250030_0, 0;
    %jmp T_0.73;
T_0.2 ;
    %pushi/vec4 604241924, 0, 32;
    %assign/vec4 v0x562081250030_0, 0;
    %jmp T_0.73;
T_0.3 ;
    %pushi/vec4 2919497728, 0, 32;
    %assign/vec4 v0x562081250030_0, 0;
    %jmp T_0.73;
T_0.4 ;
    %pushi/vec4 604241922, 0, 32;
    %assign/vec4 v0x562081250030_0, 0;
    %jmp T_0.73;
T_0.5 ;
    %pushi/vec4 2919497732, 0, 32;
    %assign/vec4 v0x562081250030_0, 0;
    %jmp T_0.73;
T_0.6 ;
    %pushi/vec4 604241923, 0, 32;
    %assign/vec4 v0x562081250030_0, 0;
    %jmp T_0.73;
T_0.7 ;
    %pushi/vec4 2919497736, 0, 32;
    %assign/vec4 v0x562081250030_0, 0;
    %jmp T_0.73;
T_0.8 ;
    %pushi/vec4 604241921, 0, 32;
    %assign/vec4 v0x562081250030_0, 0;
    %jmp T_0.73;
T_0.9 ;
    %pushi/vec4 2919497740, 0, 32;
    %assign/vec4 v0x562081250030_0, 0;
    %jmp T_0.73;
T_0.10 ;
    %pushi/vec4 604110849, 0, 32;
    %assign/vec4 v0x562081250030_0, 0;
    %jmp T_0.73;
T_0.11 ;
    %pushi/vec4 12, 0, 32;
    %assign/vec4 v0x562081250030_0, 0;
    %jmp T_0.73;
T_0.12 ;
    %pushi/vec4 1083424, 0, 32;
    %assign/vec4 v0x562081250030_0, 0;
    %jmp T_0.73;
T_0.13 ;
    %pushi/vec4 537526272, 0, 32;
    %assign/vec4 v0x562081250030_0, 0;
    %jmp T_0.73;
T_0.14 ;
    %pushi/vec4 537591808, 0, 32;
    %assign/vec4 v0x562081250030_0, 0;
    %jmp T_0.73;
T_0.15 ;
    %pushi/vec4 2384986112, 0, 32;
    %assign/vec4 v0x562081250030_0, 0;
    %jmp T_0.73;
T_0.16 ;
    %pushi/vec4 2385051652, 0, 32;
    %assign/vec4 v0x562081250030_0, 0;
    %jmp T_0.73;
T_0.17 ;
    %pushi/vec4 17391658, 0, 32;
    %assign/vec4 v0x562081250030_0, 0;
    %jmp T_0.73;
T_0.18 ;
    %pushi/vec4 360710147, 0, 32;
    %assign/vec4 v0x562081250030_0, 0;
    %jmp T_0.73;
T_0.19 ;
    %pushi/vec4 560660481, 0, 32;
    %assign/vec4 v0x562081250030_0, 0;
    %jmp T_0.73;
T_0.20 ;
    %pushi/vec4 2921857028, 0, 32;
    %assign/vec4 v0x562081250030_0, 0;
    %jmp T_0.73;
T_0.21 ;
    %pushi/vec4 2921922560, 0, 32;
    %assign/vec4 v0x562081250030_0, 0;
    %jmp T_0.73;
T_0.22 ;
    %pushi/vec4 573636612, 0, 32;
    %assign/vec4 v0x562081250030_0, 0;
    %jmp T_0.73;
T_0.23 ;
    %pushi/vec4 537657347, 0, 32;
    %assign/vec4 v0x562081250030_0, 0;
    %jmp T_0.73;
T_0.24 ;
    %pushi/vec4 25845794, 0, 32;
    %assign/vec4 v0x562081250030_0, 0;
    %jmp T_0.73;
T_0.25 ;
    %pushi/vec4 292290563, 0, 32;
    %assign/vec4 v0x562081250030_0, 0;
    %jmp T_0.73;
T_0.26 ;
    %pushi/vec4 0, 0, 32;
    %assign/vec4 v0x562081250030_0, 0;
    %jmp T_0.73;
T_0.27 ;
    %pushi/vec4 135266320, 0, 32;
    %assign/vec4 v0x562081250030_0, 0;
    %jmp T_0.73;
T_0.28 ;
    %pushi/vec4 2384986112, 0, 32;
    %assign/vec4 v0x562081250030_0, 0;
    %jmp T_0.73;
T_0.29 ;
    %pushi/vec4 537591808, 0, 32;
    %assign/vec4 v0x562081250030_0, 0;
    %jmp T_0.73;
T_0.30 ;
    %pushi/vec4 558497793, 0, 32;
    %assign/vec4 v0x562081250030_0, 0;
    %jmp T_0.73;
T_0.31 ;
    %pushi/vec4 1083424, 0, 32;
    %assign/vec4 v0x562081250030_0, 0;
    %jmp T_0.73;
T_0.32 ;
    %pushi/vec4 537657347, 0, 32;
    %assign/vec4 v0x562081250030_0, 0;
    %jmp T_0.73;
T_0.33 ;
    %pushi/vec4 357367790, 0, 32;
    %assign/vec4 v0x562081250030_0, 0;
    %jmp T_0.73;
T_0.34 ;
    %pushi/vec4 2384986112, 0, 32;
    %assign/vec4 v0x562081250030_0, 0;
    %jmp T_0.73;
T_0.35 ;
    %pushi/vec4 604110849, 0, 32;
    %assign/vec4 v0x562081250030_0, 0;
    %jmp T_0.73;
T_0.36 ;
    %pushi/vec4 12, 0, 32;
    %assign/vec4 v0x562081250030_0, 0;
    %jmp T_0.73;
T_0.37 ;
    %pushi/vec4 604831844, 0, 32;
    %assign/vec4 v0x562081250030_0, 0;
    %jmp T_0.73;
T_0.38 ;
    %pushi/vec4 1006702593, 0, 32;
    %assign/vec4 v0x562081250030_0, 0;
    %jmp T_0.73;
T_0.39 ;
    %pushi/vec4 875790336, 0, 32;
    %assign/vec4 v0x562081250030_0, 0;
    %jmp T_0.73;
T_0.40 ;
    %pushi/vec4 1006702593, 0, 32;
    %assign/vec4 v0x562081250030_0, 0;
    %jmp T_0.73;
T_0.41 ;
    %pushi/vec4 875626496, 0, 32;
    %assign/vec4 v0x562081250030_0, 0;
    %jmp T_0.73;
T_0.42 ;
    %pushi/vec4 2926379020, 0, 32;
    %assign/vec4 v0x562081250030_0, 0;
    %jmp T_0.73;
T_0.43 ;
    %pushi/vec4 1006702593, 0, 32;
    %assign/vec4 v0x562081250030_0, 0;
    %jmp T_0.73;
T_0.44 ;
    %pushi/vec4 875692432, 0, 32;
    %assign/vec4 v0x562081250030_0, 0;
    %jmp T_0.73;
T_0.45 ;
    %pushi/vec4 604110849, 0, 32;
    %assign/vec4 v0x562081250030_0, 0;
    %jmp T_0.73;
T_0.46 ;
    %pushi/vec4 12, 0, 32;
    %assign/vec4 v0x562081250030_0, 0;
    %jmp T_0.73;
T_0.47 ;
    %pushi/vec4 537395301, 0, 32;
    %assign/vec4 v0x562081250030_0, 0;
    %jmp T_0.73;
T_0.48 ;
    %pushi/vec4 554237951, 0, 32;
    %assign/vec4 v0x562081250030_0, 0;
    %jmp T_0.73;
T_0.49 ;
    %pushi/vec4 285212681, 0, 32;
    %assign/vec4 v0x562081250030_0, 0;
    %jmp T_0.73;
T_0.50 ;
    %pushi/vec4 0, 0, 32;
    %assign/vec4 v0x562081250030_0, 0;
    %jmp T_0.73;
T_0.51 ;
    %pushi/vec4 2385051648, 0, 32;
    %assign/vec4 v0x562081250030_0, 0;
    %jmp T_0.73;
T_0.52 ;
    %pushi/vec4 0, 0, 32;
    %assign/vec4 v0x562081250030_0, 0;
    %jmp T_0.73;
T_0.53 ;
    %pushi/vec4 285868026, 0, 32;
    %assign/vec4 v0x562081250030_0, 0;
    %jmp T_0.73;
T_0.54 ;
    %pushi/vec4 573636612, 0, 32;
    %assign/vec4 v0x562081250030_0, 0;
    %jmp T_0.73;
T_0.55 ;
    %pushi/vec4 537723180, 0, 32;
    %assign/vec4 v0x562081250030_0, 0;
    %jmp T_0.73;
T_0.56 ;
    %pushi/vec4 2926379020, 0, 32;
    %assign/vec4 v0x562081250030_0, 0;
    %jmp T_0.73;
T_0.57 ;
    %pushi/vec4 135266365, 0, 32;
    %assign/vec4 v0x562081250030_0, 0;
    %jmp T_0.73;
T_0.58 ;
    %pushi/vec4 0, 0, 32;
    %assign/vec4 v0x562081250030_0, 0;
    %jmp T_0.73;
T_0.59 ;
    %pushi/vec4 2926379020, 0, 32;
    %assign/vec4 v0x562081250030_0, 0;
    %jmp T_0.73;
T_0.60 ;
    %pushi/vec4 0, 0, 32;
    %assign/vec4 v0x562081250030_0, 0;
    %jmp T_0.73;
T_0.61 ;
    %pushi/vec4 604110849, 0, 32;
    %assign/vec4 v0x562081250030_0, 0;
    %jmp T_0.73;
T_0.62 ;
    %pushi/vec4 12, 0, 32;
    %assign/vec4 v0x562081250030_0, 0;
    %jmp T_0.73;
T_0.63 ;
    %pushi/vec4 1006702593, 0, 32;
    %assign/vec4 v0x562081250030_0, 0;
    %jmp T_0.73;
T_0.64 ;
    %pushi/vec4 875626496, 0, 32;
    %assign/vec4 v0x562081250030_0, 0;
    %jmp T_0.73;
T_0.65 ;
    %pushi/vec4 2385051648, 0, 32;
    %assign/vec4 v0x562081250030_0, 0;
    %jmp T_0.73;
T_0.66 ;
    %pushi/vec4 573636612, 0, 32;
    %assign/vec4 v0x562081250030_0, 0;
    %jmp T_0.73;
T_0.67 ;
    %pushi/vec4 372441085, 0, 32;
    %assign/vec4 v0x562081250030_0, 0;
    %jmp T_0.73;
T_0.68 ;
    %pushi/vec4 2926116864, 0, 32;
    %assign/vec4 v0x562081250030_0, 0;
    %jmp T_0.73;
T_0.69 ;
    %pushi/vec4 0, 0, 32;
    %assign/vec4 v0x562081250030_0, 0;
    %jmp T_0.73;
T_0.70 ;
    %pushi/vec4 604110858, 0, 32;
    %assign/vec4 v0x562081250030_0, 0;
    %jmp T_0.73;
T_0.71 ;
    %pushi/vec4 12, 0, 32;
    %assign/vec4 v0x562081250030_0, 0;
    %jmp T_0.73;
T_0.73 ;
    %pop/vec4 1;
    %jmp T_0;
    .thread T_0, $push;
    .scope S_0x5620811c2960;
T_1 ;
    %wait E_0x5620811ac4b0;
    %load/vec4 v0x562081276ad0_0;
    %cmpi/e 0, 0, 1;
    %jmp/0xz  T_1.0, 4;
    %pushi/vec4 4194304, 0, 32;
    %assign/vec4 v0x562081274cb0_0, 0;
    %jmp T_1.1;
T_1.0 ;
    %load/vec4 v0x5620812712c0_0;
    %inv;
    %flag_set/vec4 8;
    %jmp/0xz  T_1.2, 8;
    %load/vec4 v0x562081275030_0;
    %assign/vec4 v0x562081274cb0_0, 0;
T_1.2 ;
T_1.1 ;
    %jmp T_1;
    .thread T_1;
    .scope S_0x5620811c2960;
T_2 ;
    %wait E_0x5620811ac4b0;
    %load/vec4 v0x562081276ad0_0;
    %cmpi/e 0, 0, 1;
    %jmp/0xz  T_2.0, 4;
    %pushi/vec4 0, 0, 32;
    %assign/vec4 v0x562081274870_0, 0;
    %jmp T_2.1;
T_2.0 ;
    %load/vec4 v0x5620812712c0_0;
    %inv;
    %flag_set/vec4 8;
    %jmp/0xz  T_2.2, 8;
    %load/vec4 v0x562081270f60_0;
    %flag_set/vec4 8;
    %jmp/0xz  T_2.4, 8;
    %pushi/vec4 0, 0, 32;
    %assign/vec4 v0x562081274870_0, 0;
    %jmp T_2.5;
T_2.4 ;
    %load/vec4 v0x562081274790_0;
    %assign/vec4 v0x562081274870_0, 0;
T_2.5 ;
T_2.2 ;
T_2.1 ;
    %jmp T_2;
    .thread T_2;
    .scope S_0x5620811c2960;
T_3 ;
    %wait E_0x5620811ac4b0;
    %load/vec4 v0x562081276ad0_0;
    %cmpi/e 0, 0, 1;
    %jmp/0xz  T_3.0, 4;
    %pushi/vec4 1, 0, 1;
    %assign/vec4 v0x562081274950_0, 0;
    %jmp T_3.1;
T_3.0 ;
    %pushi/vec4 0, 0, 1;
    %assign/vec4 v0x562081274950_0, 0;
T_3.1 ;
    %jmp T_3;
    .thread T_3;
    .scope S_0x5620811c2960;
T_4 ;
    %wait E_0x56208115c5d0;
    %load/vec4 v0x5620812753b0_0;
    %assign/vec4 v0x562081274d90_0, 0;
    %jmp T_4;
    .thread T_4;
    .scope S_0x5620811c2960;
T_5 ;
    %wait E_0x56208115c5d0;
    %load/vec4 v0x5620812712c0_0;
    %flag_set/vec4 8;
    %jmp/0 T_5.0, 8;
    %pushi/vec4 0, 0, 32;
    %jmp/1 T_5.1, 8;
T_5.0 ; End of true expr.
    %load/vec4 v0x562081272a70_0;
    %flag_set/vec4 9;
    %jmp/0 T_5.2, 9;
    %load/vec4 v0x562081274d90_0;
    %addi 4, 0, 32;
    %jmp/1 T_5.3, 9;
T_5.2 ; End of true expr.
    %load/vec4 v0x562081274d90_0;
    %jmp/0 T_5.3, 9;
 ; End of false expr.
    %blend;
T_5.3;
    %jmp/0 T_5.1, 8;
 ; End of false expr.
    %blend;
T_5.1;
    %assign/vec4 v0x562081274e70_0, 0;
    %load/vec4 v0x5620812712c0_0;
    %flag_set/vec4 8;
    %jmp/0 T_5.4, 8;
    %pushi/vec4 0, 0, 32;
    %jmp/1 T_5.5, 8;
T_5.4 ; End of true expr.
    %load/vec4 v0x562081273690_0;
    %jmp/0 T_5.5, 8;
 ; End of false expr.
    %blend;
T_5.5;
    %assign/vec4 v0x562081276210_0, 0;
    %load/vec4 v0x5620812712c0_0;
    %flag_set/vec4 8;
    %jmp/0 T_5.6, 8;
    %pushi/vec4 0, 0, 32;
    %jmp/1 T_5.7, 8;
T_5.6 ; End of true expr.
    %load/vec4 v0x562081273770_0;
    %jmp/0 T_5.7, 8;
 ; End of false expr.
    %blend;
T_5.7;
    %assign/vec4 v0x5620812763d0_0, 0;
    %load/vec4 v0x5620812712c0_0;
    %flag_set/vec4 8;
    %jmp/0 T_5.8, 8;
    %pushi/vec4 0, 0, 32;
    %jmp/1 T_5.9, 8;
T_5.8 ; End of true expr.
    %load/vec4 v0x5620812745d0_0;
    %jmp/0 T_5.9, 8;
 ; End of false expr.
    %blend;
T_5.9;
    %assign/vec4 v0x5620812746b0_0, 0;
    %load/vec4 v0x5620812712c0_0;
    %flag_set/vec4 8;
    %jmp/0 T_5.10, 8;
    %pushi/vec4 0, 0, 3;
    %jmp/1 T_5.11, 8;
T_5.10 ; End of true expr.
    %load/vec4 v0x5620812709a0_0;
    %jmp/0 T_5.11, 8;
 ; End of false expr.
    %blend;
T_5.11;
    %assign/vec4 v0x562081270a80_0, 0;
    %load/vec4 v0x562081274af0_0;
    %assign/vec4 v0x562081274bd0_0, 0;
    %load/vec4 v0x562081275b30_0;
    %assign/vec4 v0x562081275bf0_0, 0;
    %load/vec4 v0x562081277670_0;
    %assign/vec4 v0x562081277730_0, 0;
    %load/vec4 v0x562081273190_0;
    %assign/vec4 v0x562081273270_0, 0;
    %load/vec4 v0x562081273350_0;
    %assign/vec4 v0x562081273430_0, 0;
    %jmp T_5;
    .thread T_5;
    .scope S_0x5620811c2960;
T_6 ;
    %wait E_0x5620811ac4b0;
    %load/vec4 v0x562081276ad0_0;
    %cmpi/e 0, 0, 1;
    %jmp/0xz  T_6.0, 4;
    %pushi/vec4 0, 0, 1;
    %assign/vec4 v0x562081275ef0_0, 0;
    %pushi/vec4 0, 0, 1;
    %assign/vec4 v0x562081276710_0, 0;
    %pushi/vec4 0, 0, 5;
    %assign/vec4 v0x562081272610_0, 0;
    %jmp T_6.1;
T_6.0 ;
    %load/vec4 v0x562081274950_0;
    %flag_set/vec4 8;
    %jmp/0xz  T_6.2, 8;
    %pushi/vec4 0, 0, 1;
    %assign/vec4 v0x562081275ef0_0, 0;
    %pushi/vec4 0, 0, 1;
    %assign/vec4 v0x562081276710_0, 0;
    %pushi/vec4 0, 0, 5;
    %assign/vec4 v0x562081272610_0, 0;
    %jmp T_6.3;
T_6.2 ;
    %load/vec4 v0x5620812712c0_0;
    %flag_set/vec4 8;
    %jmp/0 T_6.4, 8;
    %pushi/vec4 0, 0, 1;
    %jmp/1 T_6.5, 8;
T_6.4 ; End of true expr.
    %load/vec4 v0x562081275e30_0;
    %jmp/0 T_6.5, 8;
 ; End of false expr.
    %blend;
T_6.5;
    %assign/vec4 v0x562081275ef0_0, 0;
    %load/vec4 v0x5620812712c0_0;
    %flag_set/vec4 8;
    %jmp/0 T_6.6, 8;
    %pushi/vec4 0, 0, 1;
    %jmp/1 T_6.7, 8;
T_6.6 ; End of true expr.
    %load/vec4 v0x562081276650_0;
    %jmp/0 T_6.7, 8;
 ; End of false expr.
    %blend;
T_6.7;
    %assign/vec4 v0x562081276710_0, 0;
    %load/vec4 v0x5620812712c0_0;
    %flag_set/vec4 8;
    %jmp/0 T_6.8, 8;
    %pushi/vec4 0, 0, 5;
    %jmp/1 T_6.9, 8;
T_6.8 ; End of true expr.
    %load/vec4 v0x562081272530_0;
    %jmp/0 T_6.9, 8;
 ; End of false expr.
    %blend;
T_6.9;
    %assign/vec4 v0x562081272610_0, 0;
T_6.3 ;
T_6.1 ;
    %jmp T_6;
    .thread T_6;
    .scope S_0x5620811c2960;
T_7 ;
    %wait E_0x56208115c5d0;
    %load/vec4 v0x562081270a80_0;
    %dup/vec4;
    %pushi/vec4 1, 0, 3;
    %cmp/u;
    %jmp/1 T_7.0, 6;
    %dup/vec4;
    %pushi/vec4 2, 0, 3;
    %cmp/u;
    %jmp/1 T_7.1, 6;
    %dup/vec4;
    %pushi/vec4 3, 0, 3;
    %cmp/u;
    %jmp/1 T_7.2, 6;
    %dup/vec4;
    %pushi/vec4 4, 0, 3;
    %cmp/u;
    %jmp/1 T_7.3, 6;
    %dup/vec4;
    %pushi/vec4 5, 0, 3;
    %cmp/u;
    %jmp/1 T_7.4, 6;
    %dup/vec4;
    %pushi/vec4 6, 0, 3;
    %cmp/u;
    %jmp/1 T_7.5, 6;
    %pushi/vec4 0, 0, 32;
    %assign/vec4 v0x5620812707e0_0, 0;
    %jmp T_7.7;
T_7.0 ;
    %load/vec4 v0x562081271100_0;
    %assign/vec4 v0x5620812707e0_0, 0;
    %jmp T_7.7;
T_7.1 ;
    %load/vec4 v0x56208126a250_0;
    %assign/vec4 v0x5620812707e0_0, 0;
    %jmp T_7.7;
T_7.2 ;
    %load/vec4 v0x562081269ed0_0;
    %assign/vec4 v0x5620812707e0_0, 0;
    %jmp T_7.7;
T_7.3 ;
    %load/vec4 v0x562081269df0_0;
    %assign/vec4 v0x5620812707e0_0, 0;
    %jmp T_7.7;
T_7.4 ;
    %load/vec4 v0x56208126a330_0;
    %assign/vec4 v0x5620812707e0_0, 0;
    %jmp T_7.7;
T_7.5 ;
    %load/vec4 v0x56208126a4f0_0;
    %assign/vec4 v0x5620812707e0_0, 0;
    %jmp T_7.7;
T_7.7 ;
    %pop/vec4 1;
    %jmp T_7;
    .thread T_7;
    .scope S_0x5620811c2960;
T_8 ;
    %wait E_0x56208115c5d0;
    %load/vec4 v0x5620812730b0_0;
    %assign/vec4 v0x5620812757d0_0, 0;
    %load/vec4 v0x562081275bf0_0;
    %assign/vec4 v0x562081275cb0_0, 0;
    %jmp T_8;
    .thread T_8;
    .scope S_0x5620811c2960;
T_9 ;
    %wait E_0x5620811ac4b0;
    %load/vec4 v0x562081276ad0_0;
    %cmpi/e 0, 0, 1;
    %jmp/0xz  T_9.0, 4;
    %pushi/vec4 0, 0, 1;
    %assign/vec4 v0x562081275fb0_0, 0;
    %pushi/vec4 0, 0, 1;
    %assign/vec4 v0x5620812767d0_0, 0;
    %pushi/vec4 0, 0, 5;
    %assign/vec4 v0x5620812726f0_0, 0;
    %jmp T_9.1;
T_9.0 ;
    %load/vec4 v0x562081275ef0_0;
    %assign/vec4 v0x562081275fb0_0, 0;
    %load/vec4 v0x562081276710_0;
    %assign/vec4 v0x5620812767d0_0, 0;
    %load/vec4 v0x562081272610_0;
    %assign/vec4 v0x5620812726f0_0, 0;
T_9.1 ;
    %jmp T_9;
    .thread T_9;
    .scope S_0x5620811c2960;
T_10 ;
    %wait E_0x56208115c5d0;
    %load/vec4 v0x562081275fb0_0;
    %load/vec4 v0x562081275650_0;
    %and;
    %flag_set/vec4 8;
    %jmp/0xz  T_10.0, 8;
    %load/vec4 v0x5620812757d0_0;
    %load/vec4 v0x5620812707e0_0;
    %parti/s 13, 2, 3;
    %pad/u 15;
    %ix/vec4 3;
    %ix/load 4, 0, 0; Constant delay
    %assign/vec4/a/d v0x562081275710, 0, 4;
T_10.0 ;
    %jmp T_10;
    .thread T_10;
    .scope S_0x5620811c2960;
T_11 ;
    %wait E_0x56208115c5d0;
    %load/vec4 v0x562081275cb0_0;
    %load/vec4 v0x562081275650_0;
    %inv;
    %and;
    %flag_set/vec4 8;
    %jmp/0 T_11.0, 8;
    %load/vec4 v0x562081271380_0;
    %jmp/1 T_11.1, 8;
T_11.0 ; End of true expr.
    %load/vec4 v0x5620812707e0_0;
    %jmp/0 T_11.1, 8;
 ; End of false expr.
    %blend;
T_11.1;
    %assign/vec4 v0x5620812708c0_0, 0;
    %load/vec4 v0x5620812758b0_0;
    %assign/vec4 v0x562081275990_0, 0;
    %load/vec4 v0x562081275cb0_0;
    %load/vec4 v0x562081275650_0;
    %and;
    %assign/vec4 v0x562081275d70_0, 0;
    %load/vec4 v0x5620812726f0_0;
    %assign/vec4 v0x5620812727d0_0, 0;
    %jmp T_11;
    .thread T_11;
    .scope S_0x5620811c2960;
T_12 ;
    %wait E_0x5620811ac4b0;
    %load/vec4 v0x562081276ad0_0;
    %cmpi/e 0, 0, 1;
    %jmp/0xz  T_12.0, 4;
    %pushi/vec4 0, 0, 1;
    %assign/vec4 v0x562081276890_0, 0;
    %jmp T_12.1;
T_12.0 ;
    %load/vec4 v0x5620812767d0_0;
    %assign/vec4 v0x562081276890_0, 0;
T_12.1 ;
    %jmp T_12;
    .thread T_12;
    .scope S_0x5620811c2960;
T_13 ;
    %wait E_0x562081173100;
    %load/vec4 v0x562081276890_0;
    %load/vec4 v0x5620812727d0_0;
    %pushi/vec4 0, 0, 5;
    %cmp/ne;
    %flag_get/vec4 4;
    %and;
    %flag_set/vec4 8;
    %jmp/0xz  T_13.0, 8;
    %load/vec4 v0x5620812764b0_0;
    %load/vec4 v0x5620812727d0_0;
    %pad/u 7;
    %ix/vec4 3;
    %ix/load 4, 0, 0; Constant delay
    %assign/vec4/a/d v0x562081276590, 0, 4;
T_13.0 ;
    %jmp T_13;
    .thread T_13;
    .scope S_0x5620811c2df0;
T_14 ;
    %vpi_call 2 54 "$dumpfile", "mips.vcd" {0 0 0};
    %vpi_call 2 55 "$dumpvars", 32'sb00000000000000000000000000000000, S_0x5620811c2df0 {0 0 0};
    %end;
    .thread T_14;
    .scope S_0x5620811c2df0;
T_15 ;
    %wait E_0x56208115c5d0;
    %load/vec4 v0x56208127a070_0;
    %inv;
    %flag_set/vec4 8;
    %jmp/0xz  T_15.0, 8;
    %pushi/vec4 0, 0, 20;
    %assign/vec4 v0x5620812780f0_0, 0;
    %jmp T_15.1;
T_15.0 ;
    %load/vec4 v0x5620812780f0_0;
    %addi 1, 0, 20;
    %assign/vec4 v0x5620812780f0_0, 0;
T_15.1 ;
    %jmp T_15;
    .thread T_15;
    .scope S_0x5620811c2df0;
T_16 ;
    %pushi/vec4 1, 0, 1;
    %store/vec4 v0x562081278050_0, 0, 1;
T_16.0 ;
    %delay 10, 0;
    %load/vec4 v0x562081278050_0;
    %inv;
    %store/vec4 v0x562081278050_0, 0, 1;
    %jmp T_16.0;
    %end;
    .thread T_16;
    .scope S_0x5620811c2df0;
T_17 ;
    %pushi/vec4 1, 0, 1;
    %store/vec4 v0x56208127a070_0, 0, 1;
    %delay 13, 0;
    %pushi/vec4 0, 0, 1;
    %store/vec4 v0x56208127a070_0, 0, 1;
    %delay 40, 0;
    %pushi/vec4 1, 0, 1;
    %store/vec4 v0x56208127a070_0, 0, 1;
    %end;
    .thread T_17;
    .scope S_0x5620811c2df0;
T_18 ;
    %wait E_0x56208115c5d0;
    %load/vec4 v0x56208127a070_0;
    %inv;
    %flag_set/vec4 8;
    %jmp/0xz  T_18.0, 8;
    %pushi/vec4 0, 0, 1;
    %assign/vec4 v0x562081278eb0_0, 0;
    %pushi/vec4 0, 0, 1;
    %assign/vec4 v0x562081278f50_0, 0;
    %pushi/vec4 0, 0, 1;
    %assign/vec4 v0x562081279010_0, 0;
    %jmp T_18.1;
T_18.0 ;
    %load/vec4 v0x562081278de0_0;
    %assign/vec4 v0x562081278eb0_0, 0;
    %load/vec4 v0x562081278eb0_0;
    %assign/vec4 v0x562081278f50_0, 0;
    %load/vec4 v0x562081278f50_0;
    %assign/vec4 v0x562081279010_0, 0;
T_18.1 ;
    %jmp T_18;
    .thread T_18;
    .scope S_0x5620811c2df0;
T_19 ;
    %vpi_call 2 90 "$display", " ", " ", "cycle |  pc      |  inst    d f ra rb rd |  alu_a    alu_b   |  alu_q    ram_din | dst  reg_din" {0 0 0};
    %end;
    .thread T_19;
    .scope S_0x5620811c2df0;
T_20 ;
    %vpi_call 2 93 "$monitor", " ", " ", "%x | %x | %x %b %b %d %d %d | %x %x | %x %x | %d  %x", v0x5620812780f0_0, v0x562081279600_0, v0x562081279450_0, v0x562081278270_0, v0x562081278d20_0, v0x56208127a140_0, v0x56208127a1e0_0, v0x562081278330_0, v0x562081277cd0_0, v0x562081277d90_0, v0x562081277e30_0, v0x562081279970_0, v0x5620812785d0_0, v0x562081279f80_0 {0 0 0};
    %end;
    .thread T_20;
    .scope S_0x5620811c2df0;
T_21 ;
    %wait E_0x562081173100;
    %load/vec4 v0x562081279010_0;
    %ix/load 4, 2, 0;
    %flag_set/imm 4, 0;
    %load/vec4a v0x562081276590, 4;
    %pushi/vec4 10, 0, 32;
    %cmp/e;
    %flag_get/vec4 4;
    %and;
    %flag_set/vec4 8;
    %jmp/0xz  T_21.0, 8;
    %pushi/vec4 0, 0, 32;
    %store/vec4 v0x5620812790d0_0, 0, 32;
T_21.2 ;
    %load/vec4 v0x5620812790d0_0;
    %cmpi/u 99, 0, 32;
    %flag_or 5, 4;
    %jmp/0xz T_21.3, 5;
    %vpi_call 2 102 "$display", " ", " ", "ram[%2d]=%x", v0x5620812790d0_0, &A<v0x562081275710, v0x5620812790d0_0 > {0 0 0};
    %load/vec4 v0x5620812790d0_0;
    %addi 1, 0, 32;
    %store/vec4 v0x5620812790d0_0, 0, 32;
    %jmp T_21.2;
T_21.3 ;
    %vpi_call 2 105 "$display", " ", " ", "cycle = %d", v0x5620812780f0_0 {0 0 0};
    %vpi_call 2 106 "$finish" {0 0 0};
T_21.0 ;
    %jmp T_21;
    .thread T_21;
# The file index is used to find the file name in the following table.
:file_names 5;
    "N/A";
    "<interactive>";
    "sim.v";
    "mips.v";
    "rom.v";
